2024-10-24 06:44:04 [INFO] ==> Executing Query SQL: SELECT TABLE_NAME AS OBJECT_NAME FROM information_schema.VIEWS WHERE TABLE_SCHEMA='ncloud-global-tenant' 

2024-10-24 06:44:04 [INFO] ==> Executing Query SQL: select sequence_name as object_name from oceanbase.__all_sequence_object s,oceanbase.__all_database d where s.database_id=d.database_id and d.database_name='ncloud-global-tenant' 

2024-10-24 06:44:04 [INFO] ==> Executing Query SQL: select tablegroup_name AS OBJECT_NAME from oceanbase.__all_tablegroup tg where tg.tablegroup_name not in ('oceanbase') 

2024-10-24 06:44:04 [INFO] ==> Executing Query SQL: SELECT ROUTINE_NAME AS OBJECT_NAME FROM information_schema.ROUTINES WHERE ROUTINE_SCHEMA='ncloud-global-tenant' AND ROUTINE_TYPE='FUNCTION' 

2024-10-24 06:44:04 [INFO] ==> Executing Query SQL: SELECT ROUTINE_NAME AS OBJECT_NAME FROM information_schema.ROUTINES WHERE ROUTINE_SCHEMA='ncloud-global-tenant' AND ROUTINE_TYPE='PROCEDURE' 

2024-10-24 06:44:04 [INFO] ==> Executing Query SQL: SELECT T.TABLE_NAME AS TABLE_NAME,C.COLUMN_NAME AS COLUMN_NAME,C.DATA_TYPE AS DATA_TYPE,C.DATETIME_PRECISION AS DATETIME_PRECISION,C.IS_NULLABLE AS NULLABLE,C.GENERATION_EXPRESSION AS GENERATION_EXPRESSION,C.ORDINAL_POSITION-1 AS COLUMN_POSITION FROM information_schema.TABLES T, information_schema.COLUMNS C WHERE T.TABLE_SCHEMA=C.TABLE_SCHEMA AND T.TABLE_NAME=C.TABLE_NAME AND T.TABLE_SCHEMA='ncloud-global-tenant' AND T.TABLE_NAME NOT LIKE 'RECYCLE_%' AND T.TABLE_TYPE='BASE TABLE'  ORDER BY C.TABLE_NAME,C.ORDINAL_POSITION ASC

2024-10-24 06:44:04 [INFO] ==> Executing Query SQL: select 1 from `ncloud-global-tenant`.`data_queren` limit 1

2024-10-24 06:44:04 [INFO] ==> Executing Query SQL: select 1 from `ncloud-global-tenant`.`tenant_queren` limit 1

2024-10-24 06:44:04 [INFO] ==> Executing Query SQL: select 1 from `ncloud-global-tenant`.`fypj_img_path` limit 1

2024-10-24 06:44:04 [INFO] ==> Executing Query SQL: select 1 from `ncloud-global-tenant`.`dc107` limit 1

2024-10-24 06:44:04 [INFO] ==> Executing Query SQL: select 1 from `ncloud-global-tenant`.`dc35` limit 1

2024-10-24 06:44:04 [INFO] ==> Executing Query SQL: select 1 from `ncloud-global-tenant`.`dc117` limit 1

2024-10-24 06:44:04 [INFO] ==> Executing Query SQL: select 1 from `ncloud-global-tenant`.`dc118` limit 1

2024-10-24 06:44:04 [INFO] ==> Executing Query SQL: select 1 from `ncloud-global-tenant`.`dc115` limit 1

2024-10-24 06:44:04 [INFO] ==> Executing Query SQL: select 1 from `ncloud-global-tenant`.`dian_pingzheng_pdf` limit 1

2024-10-24 06:44:04 [INFO] ==> Executing Query SQL: select 1 from `ncloud-global-tenant`.`dc116` limit 1

2024-10-24 06:44:04 [INFO] ==> Executing Query SQL: select 1 from `ncloud-global-tenant`.`dc113` limit 1

2024-10-24 06:44:04 [INFO] ==> Executing Query SQL: select 1 from `ncloud-global-tenant`.`task_sb_lc` limit 1

2024-10-24 06:44:04 [INFO] ==> Executing Query SQL: select 1 from `ncloud-global-tenant`.`dc114` limit 1

2024-10-24 06:44:04 [INFO] ==> Executing Query SQL: select 1 from `ncloud-global-tenant`.`dc111` limit 1

2024-10-24 06:44:04 [INFO] ==> Executing Query SQL: select 1 from `ncloud-global-tenant`.`dc112` limit 1

2024-10-24 06:44:04 [INFO] ==> Executing Query SQL: select 1 from `ncloud-global-tenant`.`dc110` limit 1

2024-10-24 06:44:04 [INFO] ==> Executing Query SQL: select 1 from `ncloud-global-tenant`.`dc261` limit 1

2024-10-24 06:44:04 [INFO] ==> Executing Query SQL: select 1 from `ncloud-global-tenant`.`dc260` limit 1

2024-10-24 06:44:04 [INFO] ==> Executing Query SQL: select 1 from `ncloud-global-tenant`.`dc29` limit 1

2024-10-24 06:44:04 [INFO] ==> Executing Query SQL: select 1 from `ncloud-global-tenant`.`dc28` limit 1

2024-10-24 06:44:04 [INFO] ==> Executing Query SQL: select 1 from `ncloud-global-tenant`.`dc25` limit 1

2024-10-24 06:44:04 [INFO] ==> Executing Query SQL: select 1 from `ncloud-global-tenant`.`ndks` limit 1

2024-10-24 06:44:04 [INFO] ==> Executing Query SQL: select 1 from `ncloud-global-tenant`.`dc26` limit 1

2024-10-24 06:44:04 [INFO] ==> Executing Query SQL: select 1 from `ncloud-global-tenant`.`auto_task_fapiao` limit 1

2024-10-24 06:44:04 [INFO] ==> Executing Query SQL: select 1 from `ncloud-global-tenant`.`grjysd_slave` limit 1

2024-10-24 06:44:04 [INFO] ==> Executing Query SQL: select 1 from `ncloud-global-tenant`.`employees_test2` limit 1

2024-10-24 06:44:04 [INFO] ==> Executing Query SQL: select 1 from `ncloud-global-tenant`.`employees_test3` limit 1

2024-10-24 06:44:04 [INFO] ==> Executing Query SQL: select 1 from `ncloud-global-tenant`.`employees_test1` limit 1

2024-10-24 06:44:04 [INFO] ==> Executing Query SQL: select 1 from `ncloud-global-tenant`.`dc108` limit 1

2024-10-24 06:44:04 [INFO] ==> Executing Query SQL: select 1 from `ncloud-global-tenant`.`dc72` limit 1

2024-10-24 06:44:04 [INFO] ==> Executing Query SQL: select 1 from `ncloud-global-tenant`.`dc109` limit 1

2024-10-24 06:44:04 [INFO] ==> Executing Query SQL: select 1 from `ncloud-global-tenant`.`dc106` limit 1

2024-10-24 06:44:04 [INFO] ==> Executing Query SQL: select 1 from `ncloud-global-tenant`.`dc104` limit 1

2024-10-24 06:44:04 [INFO] ==> Executing Query SQL: select 1 from `ncloud-global-tenant`.`dc50_last` limit 1

2024-10-24 06:44:04 [INFO] ==> Executing Query SQL: select 1 from `ncloud-global-tenant`.`dc105` limit 1

2024-10-24 06:44:04 [INFO] ==> Executing Query SQL: select 1 from `ncloud-global-tenant`.`grjysd_master` limit 1

2024-10-24 06:44:04 [INFO] ==> Executing Query SQL: select 1 from `ncloud-global-tenant`.`dc103` limit 1

2024-10-24 06:44:04 [INFO] ==> Executing Query SQL: select 1 from `ncloud-global-tenant`.`dc102` limit 1

2024-10-24 06:44:05 [INFO] ==> Executing Query SQL: select 1 from `ncloud-global-tenant`.`employees` limit 1

2024-10-24 06:44:05 [INFO] ==> Executing Query SQL: select 1 from `ncloud-global-tenant`.`dc101` limit 1

2024-10-24 06:44:05 [INFO] ==> Executing Query SQL: select 1 from `ncloud-global-tenant`.`employees_test5` limit 1

2024-10-24 06:44:05 [INFO] ==> Executing Query SQL: select 1 from `ncloud-global-tenant`.`task_jilu` limit 1

2024-10-24 06:44:05 [INFO] ==> Executing Query SQL: select 1 from `ncloud-global-tenant`.`dc250` limit 1

2024-10-24 06:44:05 [INFO] ==> Executing Query SQL: select 1 from `ncloud-global-tenant`.`dc50_user` limit 1

2024-10-24 06:44:05 [INFO] ==> Executing Query SQL: select 1 from `ncloud-global-tenant`.`dc18` limit 1

2024-10-24 06:44:05 [INFO] ==> Executing Query SQL: select 1 from `ncloud-global-tenant`.`dc19` limit 1

2024-10-24 06:44:05 [INFO] ==> Executing Query SQL: select 1 from `ncloud-global-tenant`.`dc16` limit 1

2024-10-24 06:44:05 [INFO] ==> Executing Query SQL: select 1 from `ncloud-global-tenant`.`dc17` limit 1

2024-10-24 06:44:05 [INFO] ==> Executing Query SQL: select 1 from `ncloud-global-tenant`.`dc14` limit 1

2024-10-24 06:44:05 [INFO] ==> Executing Query SQL: select 1 from `ncloud-global-tenant`.`dc15` limit 1

2024-10-24 06:44:05 [INFO] ==> Executing Query SQL: select 1 from `ncloud-global-tenant`.`dc13` limit 1

2024-10-24 06:44:05 [INFO] ==> Executing Query SQL: select 1 from `ncloud-global-tenant`.`grjysd_type` limit 1

2024-10-24 06:44:05 [INFO] ==> Executing Query SQL: select 1 from `ncloud-global-tenant`.`dc50_user_qichu` limit 1

2024-10-24 06:44:05 [INFO] ==> Executing Query SQL: select 1 from `ncloud-global-tenant`.`dc21` limit 1

2024-10-24 06:44:05 [INFO] ==> Executing Query SQL: select 1 from `ncloud-global-tenant`.`dc20` limit 1

2024-10-24 06:44:05 [INFO] ==> Executing Query SQL: select 1 from `ncloud-global-tenant`.`dc60` limit 1

2024-10-24 06:44:05 [INFO] ==> Executing Query SQL: select 1 from `ncloud-global-tenant`.`dc281` limit 1

2024-10-24 06:44:05 [INFO] ==> Executing Query SQL: select 1 from `ncloud-global-tenant`.`dc282` limit 1

2024-10-24 06:44:05 [INFO] ==> Executing Query SQL: select 1 from `ncloud-global-tenant`.`dc280` limit 1

2024-10-24 06:44:05 [INFO] ==> Executing Query SQL: select 1 from `ncloud-global-tenant`.`ocr_pdf` limit 1

2024-10-24 06:44:05 [INFO] ==> Executing Query SQL: select 1 from `ncloud-global-tenant`.`s20` limit 1

2024-10-24 06:44:05 [INFO] ==> Executing Query SQL: select 1 from `ncloud-global-tenant`.`s22` limit 1

2024-10-24 06:44:05 [INFO] ==> Executing Query SQL: select 1 from `ncloud-global-tenant`.`s21` limit 1

2024-10-24 06:44:05 [INFO] ==> Executing Query SQL: select 1 from `ncloud-global-tenant`.`dc53` limit 1

2024-10-24 06:44:05 [INFO] ==> Executing Query SQL: select 1 from `ncloud-global-tenant`.`dc50` limit 1

2024-10-24 06:44:05 [INFO] ==> Executing Query SQL: select 1 from `ncloud-global-tenant`.`dc601` limit 1

2024-10-24 06:44:05 [INFO] ==> Executing Query SQL: select 1 from `ncloud-global-tenant`.`dc602` limit 1

2024-10-24 06:44:05 [INFO] ==> Executing Query SQL: select 1 from `ncloud-global-tenant`.`dc120` limit 1

2024-10-24 06:44:05 [INFO] ==> Executing Query SQL: select 1 from `ncloud-global-tenant`.`gz_pzkm` limit 1

2024-10-24 06:44:05 [INFO] ==> Executing Query SQL: select 1 from `ncloud-global-tenant`.`dc121` limit 1

2024-10-24 06:44:05 [INFO] ==> Executing Query SQL: show create TABLE `dc117`

2024-10-24 06:44:05 [INFO] ==> Executing Query SQL: show create TABLE `data_queren`

2024-10-24 06:44:05 [INFO] ==> Executing Query SQL: show create TABLE `fypj_img_path`

2024-10-24 06:44:05 [INFO] ==> Executing Query SQL: show create TABLE `dc50_last`

2024-10-24 06:44:05 [INFO] ==> Executing Query SQL: show create TABLE `dc35`

2024-10-24 06:44:05 [INFO] ==> Executing Query SQL: show create TABLE `tenant_queren`

2024-10-24 06:44:05 [INFO] ==> Executing Query SQL: show create TABLE `dc115`

2024-10-24 06:44:05 [INFO] ==> Executing Query SQL: show create TABLE `dc118`

2024-10-24 06:44:05 [INFO] ==> Executing Query SQL: show create TABLE `dc113`

2024-10-24 06:44:05 [INFO] ==> Executing Query SQL: show create TABLE `dian_pingzheng_pdf`

2024-10-24 06:44:05 [INFO] ==> Executing Query SQL: show create TABLE `task_sb_lc`

2024-10-24 06:44:05 [INFO] ==> Executing Query SQL: show create TABLE `dc116`

2024-10-24 06:44:05 [INFO] ==> Executing Query SQL: show create TABLE `dc111`

2024-10-24 06:44:05 [INFO] ==> Executing Query SQL: show create TABLE `dc114`

2024-10-24 06:44:05 [INFO] ==> Executing Query SQL: show create TABLE `dc261`

2024-10-24 06:44:05 [INFO] ==> Executing Query SQL: show create TABLE `dc110`

2024-10-24 06:44:05 [INFO] ==> Executing Query SQL: show create TABLE `dc260`

2024-10-24 06:44:05 [INFO] ==> Executing Query SQL: show create TABLE `employees`

2024-10-24 06:44:05 [INFO] ==> Executing Query SQL: show create TABLE `dc29`

2024-10-24 06:44:05 [INFO] ==> Executing Query SQL: show create TABLE `dc16`

2024-10-24 06:44:05 [INFO] ==> Executing Query SQL: show create TABLE `dc28`

2024-10-24 06:44:05 [INFO] ==> Executing Query SQL: show create TABLE `dc25`

2024-10-24 06:44:05 [INFO] ==> Executing Query SQL: show create TABLE `dc19`

2024-10-24 06:44:05 [INFO] ==> Executing Query SQL: show create TABLE `grjysd_slave`

2024-10-24 06:44:05 [INFO] ==> Executing Query SQL: show create TABLE `auto_task_fapiao`

2024-10-24 06:44:05 [INFO] ==> Executing Query SQL: show create TABLE `employees_test2`

2024-10-24 06:44:05 [INFO] ==> Executing Query SQL: show create TABLE `employees_test3`

2024-10-24 06:44:05 [INFO] ==> Executing Query SQL: show create TABLE `dc108`

2024-10-24 06:44:05 [INFO] ==> Executing Query SQL: show create TABLE `dc50_user_qichu`

2024-10-24 06:44:05 [INFO] ==> Executing Query SQL: show create TABLE `employees_test1`

2024-10-24 06:44:05 [INFO] ==> Executing Query SQL: show create TABLE `dc106`

2024-10-24 06:44:05 [INFO] ==> Executing Query SQL: show create TABLE `dc109`

2024-10-24 06:44:05 [INFO] ==> Executing Query SQL: show create TABLE `dc107`

2024-10-24 06:44:05 [INFO] ==> Executing Query SQL: show create TABLE `dc104`

2024-10-24 06:44:05 [INFO] ==> Executing Query SQL: show create TABLE `dc105`

2024-10-24 06:44:05 [INFO] ==> Executing Query SQL: show create TABLE `grjysd_master`

2024-10-24 06:44:05 [INFO] ==> Executing Query SQL: show create TABLE `dc102`

2024-10-24 06:44:05 [INFO] ==> Executing Query SQL: show create TABLE `dc103`

2024-10-24 06:44:05 [INFO] ==> Executing Query SQL: show create TABLE `dc101`

2024-10-24 06:44:05 [INFO] ==> Executing Query SQL: show create TABLE `employees_test5`

2024-10-24 06:44:05 [INFO] ==> Executing Query SQL: show create TABLE `dc112`

2024-10-24 06:44:05 [INFO] ==> Executing Query SQL: show create TABLE `dc250`

2024-10-24 06:44:06 [INFO] ==> Executing Query SQL: show create TABLE `dc601`

2024-10-24 06:44:06 [INFO] ==> Executing Query SQL: show create TABLE `task_jilu`

2024-10-24 06:44:06 [INFO] ==> Executing Query SQL: show create TABLE `dc50_user`

2024-10-24 06:44:06 [INFO] ==> Executing Query SQL: show create TABLE `dc26`

2024-10-24 06:44:06 [INFO] ==> Executing Query SQL: show create TABLE `ndks`

2024-10-24 06:44:06 [INFO] ==> Executing Query SQL: show create TABLE `dc17`

2024-10-24 06:44:06 [INFO] ==> Executing Query SQL: show create TABLE `dc13`

2024-10-24 06:44:06 [INFO] ==> Executing Query SQL: show create TABLE `dc15`

2024-10-24 06:44:06 [INFO] ==> Executing Query SQL: show create TABLE `dc14`

2024-10-24 06:44:06 [INFO] ==> Executing Query SQL: show create TABLE `grjysd_type`

2024-10-24 06:44:06 [INFO] ==> Executing Query SQL: show create TABLE `dc72`

2024-10-24 06:44:06 [INFO] ==> Executing Query SQL: show create TABLE `dc21`

2024-10-24 06:44:06 [INFO] ==> Executing Query SQL: show create TABLE `dc20`

2024-10-24 06:44:06 [INFO] ==> Executing Query SQL: show create TABLE `dc60`

2024-10-24 06:44:06 [INFO] ==> Executing Query SQL: show create TABLE `dc281`

2024-10-24 06:44:06 [INFO] ==> Executing Query SQL: show create TABLE `dc282`

2024-10-24 06:44:06 [INFO] ==> Executing Query SQL: show create TABLE `dc280`

2024-10-24 06:44:06 [INFO] ==> Executing Query SQL: show create TABLE `ocr_pdf`

2024-10-24 06:44:06 [INFO] ==> Executing Query SQL: show create TABLE `s20`

2024-10-24 06:44:06 [INFO] ==> Executing Query SQL: show create TABLE `s22`

2024-10-24 06:44:06 [INFO] ==> Executing Query SQL: show create TABLE `s21`

2024-10-24 06:44:06 [INFO] ==> Executing Query SQL: show create TABLE `dc50`

2024-10-24 06:44:06 [INFO] ==> Executing Query SQL: show create TABLE `dc53`

2024-10-24 06:44:06 [INFO] ==> Executing Query SQL: show create TABLE `dc18`

2024-10-24 06:44:06 [INFO] ==> Executing Query SQL: show create TABLE `gz_pzkm`

2024-10-24 06:44:06 [INFO] ==> Executing Query SQL: show create TABLE `dc602`

2024-10-24 06:44:06 [INFO] ==> Executing Query SQL: show create TABLE `dc120`

2024-10-24 06:44:06 [INFO] ==> Executing Query SQL: show create TABLE `dc121`

2024-10-24 06:44:07 [INFO] ==> Executing Query SQL: select svr_ip,sql_port,table_id,table_type,role,part_num,replica_num,schema_version,spare1 from oceanbase.__all_virtual_proxy_schema where tenant_name = ? and database_name = ? and table_name = ? and TABLET_ID = 0 order by role asc

2024-10-24 06:44:07 [INFO] ==> Executing Query SQL: select svr_ip,sql_port,table_id,table_type,role,part_num,replica_num,schema_version,spare1 from oceanbase.__all_virtual_proxy_schema where tenant_name = ? and database_name = ? and table_name = ? and TABLET_ID = 0 order by role asc

2024-10-24 06:44:07 [INFO] ==> Executing Query SQL: select svr_ip,sql_port,table_id,table_type,role,part_num,replica_num,schema_version,spare1 from oceanbase.__all_virtual_proxy_schema where tenant_name = ? and database_name = ? and table_name = ? and TABLET_ID = 0 order by role asc

2024-10-24 06:44:07 [INFO] ==> Executing Query SQL: select svr_ip,sql_port,table_id,table_type,role,part_num,replica_num,schema_version,spare1 from oceanbase.__all_virtual_proxy_schema where tenant_name = ? and database_name = ? and table_name = ? and TABLET_ID = 0 order by role asc

2024-10-24 06:44:07 [INFO] ==> Executing Query SQL: select svr_ip,sql_port,table_id,table_type,role,part_num,replica_num,schema_version,spare1 from oceanbase.__all_virtual_proxy_schema where tenant_name = ? and database_name = ? and table_name = ? and TABLET_ID = 0 order by role asc

2024-10-24 06:44:07 [INFO] ==> Executing Query SQL: select svr_ip,sql_port,table_id,table_type,role,part_num,replica_num,schema_version,spare1 from oceanbase.__all_virtual_proxy_schema where tenant_name = ? and database_name = ? and table_name = ? and TABLET_ID = 0 order by role asc

2024-10-24 06:44:07 [INFO] ==> Executing Query SQL: select svr_ip,sql_port,table_id,table_type,role,part_num,replica_num,schema_version,spare1 from oceanbase.__all_virtual_proxy_schema where tenant_name = ? and database_name = ? and table_name = ? and TABLET_ID = 0 order by role asc

2024-10-24 06:44:07 [INFO] ==> Executing Query SQL: select svr_ip,sql_port,table_id,table_type,role,part_num,replica_num,schema_version,spare1 from oceanbase.__all_virtual_proxy_schema where tenant_name = ? and database_name = ? and table_name = ? and TABLET_ID = 0 order by role asc

2024-10-24 06:44:07 [INFO] ==> Executing Query SQL: select svr_ip,sql_port,table_id,table_type,role,part_num,replica_num,schema_version,spare1 from oceanbase.__all_virtual_proxy_schema where tenant_name = ? and database_name = ? and table_name = ? and TABLET_ID = 0 order by role asc

2024-10-24 06:44:07 [INFO] ==> Executing Query SQL: select svr_ip,sql_port,table_id,table_type,role,part_num,replica_num,schema_version,spare1 from oceanbase.__all_virtual_proxy_schema where tenant_name = ? and database_name = ? and table_name = ? and TABLET_ID = 0 order by role asc

2024-10-24 06:44:07 [INFO] ==> Executing Query SQL: select svr_ip,sql_port,table_id,table_type,role,part_num,replica_num,schema_version,spare1 from oceanbase.__all_virtual_proxy_schema where tenant_name = ? and database_name = ? and table_name = ? and TABLET_ID = 0 order by role asc

2024-10-24 06:44:07 [INFO] ==> Executing Query SQL: select svr_ip,sql_port,table_id,table_type,role,part_num,replica_num,schema_version,spare1 from oceanbase.__all_virtual_proxy_schema where tenant_name = ? and database_name = ? and table_name = ? and TABLET_ID = 0 order by role asc

2024-10-24 06:44:07 [INFO] ==> Executing Query SQL: select svr_ip,sql_port,table_id,table_type,role,part_num,replica_num,schema_version,spare1 from oceanbase.__all_virtual_proxy_schema where tenant_name = ? and database_name = ? and table_name = ? and TABLET_ID = 0 order by role asc

2024-10-24 06:44:07 [INFO] ==> Executing Query SQL: select svr_ip,sql_port,table_id,table_type,role,part_num,replica_num,schema_version,spare1 from oceanbase.__all_virtual_proxy_schema where tenant_name = ? and database_name = ? and table_name = ? and TABLET_ID = 0 order by role asc

2024-10-24 06:44:07 [INFO] ==> Executing Query SQL: select svr_ip,sql_port,table_id,table_type,role,part_num,replica_num,schema_version,spare1 from oceanbase.__all_virtual_proxy_schema where tenant_name = ? and database_name = ? and table_name = ? and TABLET_ID = 0 order by role asc

2024-10-24 06:44:07 [INFO] ==> Executing Query SQL: select svr_ip,sql_port,table_id,table_type,role,part_num,replica_num,schema_version,spare1 from oceanbase.__all_virtual_proxy_schema where tenant_name = ? and database_name = ? and table_name = ? and TABLET_ID = 0 order by role asc

2024-10-24 06:44:07 [INFO] ==> Executing Query SQL: select svr_ip,sql_port,table_id,table_type,role,part_num,replica_num,schema_version,spare1 from oceanbase.__all_virtual_proxy_schema where tenant_name = ? and database_name = ? and table_name = ? and TABLET_ID = 0 order by role asc

2024-10-24 06:44:07 [INFO] ==> Executing Query SQL: select svr_ip,sql_port,table_id,table_type,role,part_num,replica_num,schema_version,spare1 from oceanbase.__all_virtual_proxy_schema where tenant_name = ? and database_name = ? and table_name = ? and TABLET_ID = 0 order by role asc

2024-10-24 06:44:07 [INFO] ==> Executing Query SQL: select svr_ip,sql_port,table_id,table_type,role,part_num,replica_num,schema_version,spare1 from oceanbase.__all_virtual_proxy_schema where tenant_name = ? and database_name = ? and table_name = ? and TABLET_ID = 0 order by role asc

2024-10-24 06:44:07 [INFO] ==> Executing Query SQL: select svr_ip,sql_port,table_id,table_type,role,part_num,replica_num,schema_version,spare1 from oceanbase.__all_virtual_proxy_schema where tenant_name = ? and database_name = ? and table_name = ? and TABLET_ID = 0 order by role asc

2024-10-24 06:44:07 [INFO] ==> Executing Query SQL: select svr_ip,sql_port,table_id,table_type,role,part_num,replica_num,schema_version,spare1 from oceanbase.__all_virtual_proxy_schema where tenant_name = ? and database_name = ? and table_name = ? and TABLET_ID = 0 order by role asc

2024-10-24 06:44:07 [INFO] ==> Executing Query SQL: select svr_ip,sql_port,table_id,table_type,role,part_num,replica_num,schema_version,spare1 from oceanbase.__all_virtual_proxy_schema where tenant_name = ? and database_name = ? and table_name = ? and TABLET_ID = 0 order by role asc

2024-10-24 06:44:07 [INFO] ==> Executing Query SQL: select svr_ip,sql_port,table_id,table_type,role,part_num,replica_num,schema_version,spare1 from oceanbase.__all_virtual_proxy_schema where tenant_name = ? and database_name = ? and table_name = ? and TABLET_ID = 0 order by role asc

2024-10-24 06:44:07 [INFO] ==> Executing Query SQL: select svr_ip,sql_port,table_id,table_type,role,part_num,replica_num,schema_version,spare1 from oceanbase.__all_virtual_proxy_schema where tenant_name = ? and database_name = ? and table_name = ? and TABLET_ID = 0 order by role asc

2024-10-24 06:44:07 [INFO] ==> Executing Query SQL: select svr_ip,sql_port,table_id,table_type,role,part_num,replica_num,schema_version,spare1 from oceanbase.__all_virtual_proxy_schema where tenant_name = ? and database_name = ? and table_name = ? and TABLET_ID = 0 order by role asc

2024-10-24 06:44:07 [INFO] ==> Executing Query SQL: select svr_ip,sql_port,table_id,table_type,role,part_num,replica_num,schema_version,spare1 from oceanbase.__all_virtual_proxy_schema where tenant_name = ? and database_name = ? and table_name = ? and TABLET_ID = 0 order by role asc

2024-10-24 06:44:07 [INFO] ==> Executing Query SQL: select svr_ip,sql_port,table_id,table_type,role,part_num,replica_num,schema_version,spare1 from oceanbase.__all_virtual_proxy_schema where tenant_name = ? and database_name = ? and table_name = ? and TABLET_ID = 0 order by role asc

2024-10-24 06:44:07 [INFO] ==> Executing Query SQL: select svr_ip,sql_port,table_id,table_type,role,part_num,replica_num,schema_version,spare1 from oceanbase.__all_virtual_proxy_schema where tenant_name = ? and database_name = ? and table_name = ? and TABLET_ID = 0 order by role asc

2024-10-24 06:44:07 [INFO] ==> Executing Query SQL: select svr_ip,sql_port,table_id,table_type,role,part_num,replica_num,schema_version,spare1 from oceanbase.__all_virtual_proxy_schema where tenant_name = ? and database_name = ? and table_name = ? and TABLET_ID = 0 order by role asc

2024-10-24 06:44:07 [INFO] ==> Executing Query SQL: select svr_ip,sql_port,table_id,table_type,role,part_num,replica_num,schema_version,spare1 from oceanbase.__all_virtual_proxy_schema where tenant_name = ? and database_name = ? and table_name = ? and TABLET_ID = 0 order by role asc

2024-10-24 06:44:07 [INFO] ==> Executing Query SQL: select svr_ip,sql_port,table_id,table_type,role,part_num,replica_num,schema_version,spare1 from oceanbase.__all_virtual_proxy_schema where tenant_name = ? and database_name = ? and table_name = ? and TABLET_ID = 0 order by role asc

2024-10-24 06:44:07 [INFO] ==> Executing Query SQL: select column_name from information_schema.STATISTICS where table_schema=? and table_name=? and index_name='PRIMARY' order by SEQ_IN_INDEX asc

2024-10-24 06:44:07 [INFO] ==> Executing Query SQL: select svr_ip,sql_port,table_id,table_type,role,part_num,replica_num,schema_version,spare1 from oceanbase.__all_virtual_proxy_schema where tenant_name = ? and database_name = ? and table_name = ? and TABLET_ID = 0 order by role asc

2024-10-24 06:44:07 [INFO] ==> Executing Query SQL: select column_name from information_schema.STATISTICS where table_schema=? and table_name=? and index_name='PRIMARY' order by SEQ_IN_INDEX asc

2024-10-24 06:44:07 [INFO] ==> Executing Query SQL: select column_name from information_schema.STATISTICS where table_schema=? and table_name=? and index_name='PRIMARY' order by SEQ_IN_INDEX asc

2024-10-24 06:44:07 [INFO] ==> Executing Query SQL: select column_name from information_schema.STATISTICS where table_schema=? and table_name=? and index_name='PRIMARY' order by SEQ_IN_INDEX asc

2024-10-24 06:44:07 [INFO] ==> Executing Query SQL: select column_name from information_schema.STATISTICS where table_schema=? and table_name=? and index_name='PRIMARY' order by SEQ_IN_INDEX asc

2024-10-24 06:44:07 [INFO] ==> Executing Query SQL: select column_name from information_schema.STATISTICS where table_schema=? and table_name=? and index_name='PRIMARY' order by SEQ_IN_INDEX asc

2024-10-24 06:44:07 [INFO] ==> Executing Query SQL: select column_name from information_schema.STATISTICS where table_schema=? and table_name=? and index_name='PRIMARY' order by SEQ_IN_INDEX asc

2024-10-24 06:44:07 [INFO] ==> Executing Query SQL: select column_name from information_schema.STATISTICS where table_schema=? and table_name=? and index_name='PRIMARY' order by SEQ_IN_INDEX asc

2024-10-24 06:44:07 [INFO] ==> Executing Query SQL: select column_name from information_schema.STATISTICS where table_schema=? and table_name=? and index_name='PRIMARY' order by SEQ_IN_INDEX asc

2024-10-24 06:44:07 [INFO] ==> Executing Query SQL: select column_name from information_schema.STATISTICS where table_schema=? and table_name=? and index_name='PRIMARY' order by SEQ_IN_INDEX asc

2024-10-24 06:44:07 [INFO] ==> Executing Query SQL: select column_name from information_schema.STATISTICS where table_schema=? and table_name=? and index_name='PRIMARY' order by SEQ_IN_INDEX asc

2024-10-24 06:44:07 [INFO] ==> Executing Query SQL: select column_name from information_schema.STATISTICS where table_schema=? and table_name=? and index_name='PRIMARY' order by SEQ_IN_INDEX asc

2024-10-24 06:44:07 [INFO] ==> Executing Query SQL: select column_name from information_schema.STATISTICS where table_schema=? and table_name=? and index_name='PRIMARY' order by SEQ_IN_INDEX asc

2024-10-24 06:44:07 [INFO] ==> Executing Query SQL: select column_name from information_schema.STATISTICS where table_schema=? and table_name=? and index_name='PRIMARY' order by SEQ_IN_INDEX asc

2024-10-24 06:44:07 [INFO] ==> Executing Query SQL: select column_name from information_schema.STATISTICS where table_schema=? and table_name=? and index_name='PRIMARY' order by SEQ_IN_INDEX asc

2024-10-24 06:44:07 [INFO] ==> Executing Query SQL: select column_name from information_schema.STATISTICS where table_schema=? and table_name=? and index_name='PRIMARY' order by SEQ_IN_INDEX asc

2024-10-24 06:44:07 [INFO] ==> Executing Query SQL: select column_name from information_schema.STATISTICS where table_schema=? and table_name=? and index_name='PRIMARY' order by SEQ_IN_INDEX asc

2024-10-24 06:44:07 [INFO] ==> Executing Query SQL: select column_name from information_schema.STATISTICS where table_schema=? and table_name=? and index_name='PRIMARY' order by SEQ_IN_INDEX asc

2024-10-24 06:44:07 [INFO] ==> Executing Query SQL: select column_name from information_schema.STATISTICS where table_schema=? and table_name=? and index_name='PRIMARY' order by SEQ_IN_INDEX asc

2024-10-24 06:44:07 [INFO] ==> Executing Query SQL: select column_name from information_schema.STATISTICS where table_schema=? and table_name=? and index_name='PRIMARY' order by SEQ_IN_INDEX asc

2024-10-24 06:44:07 [INFO] ==> Executing Query SQL: select column_name from information_schema.STATISTICS where table_schema=? and table_name=? and index_name='PRIMARY' order by SEQ_IN_INDEX asc

2024-10-24 06:44:07 [INFO] ==> Executing Query SQL: select column_name from information_schema.STATISTICS where table_schema=? and table_name=? and index_name='PRIMARY' order by SEQ_IN_INDEX asc

2024-10-24 06:44:07 [INFO] ==> Executing Query SQL: select column_name from information_schema.STATISTICS where table_schema=? and table_name=? and index_name='PRIMARY' order by SEQ_IN_INDEX asc

2024-10-24 06:44:07 [INFO] ==> Executing Query SQL: select column_name from information_schema.STATISTICS where table_schema=? and table_name=? and index_name='PRIMARY' order by SEQ_IN_INDEX asc

2024-10-24 06:44:07 [INFO] ==> Executing Query SQL: select column_name from information_schema.STATISTICS where table_schema=? and table_name=? and index_name='PRIMARY' order by SEQ_IN_INDEX asc

2024-10-24 06:44:07 [INFO] ==> Executing Query SQL: select column_name from information_schema.STATISTICS where table_schema=? and table_name=? and index_name='PRIMARY' order by SEQ_IN_INDEX asc

2024-10-24 06:44:07 [INFO] ==> Executing Query SQL: select column_name from information_schema.STATISTICS where table_schema=? and table_name=? and index_name='PRIMARY' order by SEQ_IN_INDEX asc

2024-10-24 06:44:07 [INFO] ==> Executing Query SQL: select column_name from information_schema.STATISTICS where table_schema=? and table_name=? and index_name='PRIMARY' order by SEQ_IN_INDEX asc

2024-10-24 06:44:07 [INFO] ==> Executing Query SQL: select column_name from information_schema.STATISTICS where table_schema=? and table_name=? and index_name='PRIMARY' order by SEQ_IN_INDEX asc

2024-10-24 06:44:07 [INFO] ==> Executing Query SQL: select column_name from information_schema.STATISTICS where table_schema=? and table_name=? and index_name='PRIMARY' order by SEQ_IN_INDEX asc

2024-10-24 06:44:07 [INFO] ==> Executing Query SQL: select column_name from information_schema.STATISTICS where table_schema=? and table_name=? and index_name='PRIMARY' order by SEQ_IN_INDEX asc

2024-10-24 06:44:07 [INFO] ==> Executing Query SQL: select svr_ip,sql_port,table_id,table_type,role,part_num,replica_num,schema_version,spare1 from oceanbase.__all_virtual_proxy_schema where tenant_name = ? and database_name = ? and table_name = ? and TABLET_ID = 0 order by role asc

2024-10-24 06:44:07 [INFO] ==> Executing Query SQL: SELECT L.COLUMN_NAME AS COLUMN_NAME, S.SEQ_IN_INDEX-1 AS POSITION, C.CONSTRAINT_NAME AS CONSTRAINT_NAME FROM information_schema.TABLE_CONSTRAINTS C, information_schema.STATISTICS AS S, information_schema.COLUMNS L WHERE C.TABLE_SCHEMA=L.TABLE_SCHEMA AND C.TABLE_NAME=L.TABLE_NAME AND  C.TABLE_SCHEMA=S.TABLE_SCHEMA AND C.TABLE_NAME=S.TABLE_NAME AND C.CONSTRAINT_NAME=S.INDEX_NAME AND L.COLUMN_NAME=S.COLUMN_NAME AND  C.TABLE_SCHEMA=? AND C.TABLE_NAME=? AND C.CONSTRAINT_TYPE='UNIQUE' AND L.IS_NULLABLE='NO' ORDER BY S.SEQ_IN_INDEX ASC

2024-10-24 06:44:07 [INFO] ==> Executing Query SQL: select svr_ip,sql_port,table_id,table_type,role,part_num,replica_num,schema_version,spare1 from oceanbase.__all_virtual_proxy_schema where tenant_name = ? and database_name = ? and table_name = ? and TABLET_ID = 0 order by role asc

2024-10-24 06:44:07 [INFO] ==> Executing Query SQL: select svr_ip,sql_port,table_id,table_type,role,part_num,replica_num,schema_version,spare1 from oceanbase.__all_virtual_proxy_schema where tenant_name = ? and database_name = ? and table_name = ? and TABLET_ID = 0 order by role asc

2024-10-24 06:44:07 [INFO] ==> Executing Query SQL: SELECT L.COLUMN_NAME AS COLUMN_NAME, S.SEQ_IN_INDEX-1 AS POSITION, C.CONSTRAINT_NAME AS CONSTRAINT_NAME FROM information_schema.TABLE_CONSTRAINTS C, information_schema.STATISTICS AS S, information_schema.COLUMNS L WHERE C.TABLE_SCHEMA=L.TABLE_SCHEMA AND C.TABLE_NAME=L.TABLE_NAME AND  C.TABLE_SCHEMA=S.TABLE_SCHEMA AND C.TABLE_NAME=S.TABLE_NAME AND C.CONSTRAINT_NAME=S.INDEX_NAME AND L.COLUMN_NAME=S.COLUMN_NAME AND  C.TABLE_SCHEMA=? AND C.TABLE_NAME=? AND C.CONSTRAINT_TYPE='UNIQUE' AND L.IS_NULLABLE='NO' ORDER BY S.SEQ_IN_INDEX ASC

2024-10-24 06:44:07 [INFO] ==> Executing Query SQL: select column_name from information_schema.STATISTICS where table_schema=? and table_name=? and index_name='PRIMARY' order by SEQ_IN_INDEX asc

2024-10-24 06:44:07 [INFO] ==> Executing Query SQL: SELECT L.COLUMN_NAME AS COLUMN_NAME, S.SEQ_IN_INDEX-1 AS POSITION, C.CONSTRAINT_NAME AS CONSTRAINT_NAME FROM information_schema.TABLE_CONSTRAINTS C, information_schema.STATISTICS AS S, information_schema.COLUMNS L WHERE C.TABLE_SCHEMA=L.TABLE_SCHEMA AND C.TABLE_NAME=L.TABLE_NAME AND  C.TABLE_SCHEMA=S.TABLE_SCHEMA AND C.TABLE_NAME=S.TABLE_NAME AND C.CONSTRAINT_NAME=S.INDEX_NAME AND L.COLUMN_NAME=S.COLUMN_NAME AND  C.TABLE_SCHEMA=? AND C.TABLE_NAME=? AND C.CONSTRAINT_TYPE='UNIQUE' AND L.IS_NULLABLE='NO' ORDER BY S.SEQ_IN_INDEX ASC

2024-10-24 06:44:07 [INFO] ==> Executing Query SQL: SELECT L.COLUMN_NAME AS COLUMN_NAME, S.SEQ_IN_INDEX-1 AS POSITION, C.CONSTRAINT_NAME AS CONSTRAINT_NAME FROM information_schema.TABLE_CONSTRAINTS C, information_schema.STATISTICS AS S, information_schema.COLUMNS L WHERE C.TABLE_SCHEMA=L.TABLE_SCHEMA AND C.TABLE_NAME=L.TABLE_NAME AND  C.TABLE_SCHEMA=S.TABLE_SCHEMA AND C.TABLE_NAME=S.TABLE_NAME AND C.CONSTRAINT_NAME=S.INDEX_NAME AND L.COLUMN_NAME=S.COLUMN_NAME AND  C.TABLE_SCHEMA=? AND C.TABLE_NAME=? AND C.CONSTRAINT_TYPE='UNIQUE' AND L.IS_NULLABLE='NO' ORDER BY S.SEQ_IN_INDEX ASC

2024-10-24 06:44:07 [INFO] ==> Executing Query SQL: SELECT L.COLUMN_NAME AS COLUMN_NAME, S.SEQ_IN_INDEX-1 AS POSITION, C.CONSTRAINT_NAME AS CONSTRAINT_NAME FROM information_schema.TABLE_CONSTRAINTS C, information_schema.STATISTICS AS S, information_schema.COLUMNS L WHERE C.TABLE_SCHEMA=L.TABLE_SCHEMA AND C.TABLE_NAME=L.TABLE_NAME AND  C.TABLE_SCHEMA=S.TABLE_SCHEMA AND C.TABLE_NAME=S.TABLE_NAME AND C.CONSTRAINT_NAME=S.INDEX_NAME AND L.COLUMN_NAME=S.COLUMN_NAME AND  C.TABLE_SCHEMA=? AND C.TABLE_NAME=? AND C.CONSTRAINT_TYPE='UNIQUE' AND L.IS_NULLABLE='NO' ORDER BY S.SEQ_IN_INDEX ASC

2024-10-24 06:44:07 [INFO] ==> Executing Query SQL: SELECT L.COLUMN_NAME AS COLUMN_NAME, S.SEQ_IN_INDEX-1 AS POSITION, C.CONSTRAINT_NAME AS CONSTRAINT_NAME FROM information_schema.TABLE_CONSTRAINTS C, information_schema.STATISTICS AS S, information_schema.COLUMNS L WHERE C.TABLE_SCHEMA=L.TABLE_SCHEMA AND C.TABLE_NAME=L.TABLE_NAME AND  C.TABLE_SCHEMA=S.TABLE_SCHEMA AND C.TABLE_NAME=S.TABLE_NAME AND C.CONSTRAINT_NAME=S.INDEX_NAME AND L.COLUMN_NAME=S.COLUMN_NAME AND  C.TABLE_SCHEMA=? AND C.TABLE_NAME=? AND C.CONSTRAINT_TYPE='UNIQUE' AND L.IS_NULLABLE='NO' ORDER BY S.SEQ_IN_INDEX ASC

2024-10-24 06:44:07 [INFO] ==> Executing Query SQL: SELECT L.COLUMN_NAME AS COLUMN_NAME, S.SEQ_IN_INDEX-1 AS POSITION, C.CONSTRAINT_NAME AS CONSTRAINT_NAME FROM information_schema.TABLE_CONSTRAINTS C, information_schema.STATISTICS AS S, information_schema.COLUMNS L WHERE C.TABLE_SCHEMA=L.TABLE_SCHEMA AND C.TABLE_NAME=L.TABLE_NAME AND  C.TABLE_SCHEMA=S.TABLE_SCHEMA AND C.TABLE_NAME=S.TABLE_NAME AND C.CONSTRAINT_NAME=S.INDEX_NAME AND L.COLUMN_NAME=S.COLUMN_NAME AND  C.TABLE_SCHEMA=? AND C.TABLE_NAME=? AND C.CONSTRAINT_TYPE='UNIQUE' AND L.IS_NULLABLE='NO' ORDER BY S.SEQ_IN_INDEX ASC

2024-10-24 06:44:07 [INFO] ==> Executing Query SQL: SELECT L.COLUMN_NAME AS COLUMN_NAME, S.SEQ_IN_INDEX-1 AS POSITION, C.CONSTRAINT_NAME AS CONSTRAINT_NAME FROM information_schema.TABLE_CONSTRAINTS C, information_schema.STATISTICS AS S, information_schema.COLUMNS L WHERE C.TABLE_SCHEMA=L.TABLE_SCHEMA AND C.TABLE_NAME=L.TABLE_NAME AND  C.TABLE_SCHEMA=S.TABLE_SCHEMA AND C.TABLE_NAME=S.TABLE_NAME AND C.CONSTRAINT_NAME=S.INDEX_NAME AND L.COLUMN_NAME=S.COLUMN_NAME AND  C.TABLE_SCHEMA=? AND C.TABLE_NAME=? AND C.CONSTRAINT_TYPE='UNIQUE' AND L.IS_NULLABLE='NO' ORDER BY S.SEQ_IN_INDEX ASC

2024-10-24 06:44:07 [INFO] ==> Executing Query SQL: SELECT L.COLUMN_NAME AS COLUMN_NAME, S.SEQ_IN_INDEX-1 AS POSITION, C.CONSTRAINT_NAME AS CONSTRAINT_NAME FROM information_schema.TABLE_CONSTRAINTS C, information_schema.STATISTICS AS S, information_schema.COLUMNS L WHERE C.TABLE_SCHEMA=L.TABLE_SCHEMA AND C.TABLE_NAME=L.TABLE_NAME AND  C.TABLE_SCHEMA=S.TABLE_SCHEMA AND C.TABLE_NAME=S.TABLE_NAME AND C.CONSTRAINT_NAME=S.INDEX_NAME AND L.COLUMN_NAME=S.COLUMN_NAME AND  C.TABLE_SCHEMA=? AND C.TABLE_NAME=? AND C.CONSTRAINT_TYPE='UNIQUE' AND L.IS_NULLABLE='NO' ORDER BY S.SEQ_IN_INDEX ASC

2024-10-24 06:44:07 [INFO] ==> Executing Query SQL: SELECT L.COLUMN_NAME AS COLUMN_NAME, S.SEQ_IN_INDEX-1 AS POSITION, C.CONSTRAINT_NAME AS CONSTRAINT_NAME FROM information_schema.TABLE_CONSTRAINTS C, information_schema.STATISTICS AS S, information_schema.COLUMNS L WHERE C.TABLE_SCHEMA=L.TABLE_SCHEMA AND C.TABLE_NAME=L.TABLE_NAME AND  C.TABLE_SCHEMA=S.TABLE_SCHEMA AND C.TABLE_NAME=S.TABLE_NAME AND C.CONSTRAINT_NAME=S.INDEX_NAME AND L.COLUMN_NAME=S.COLUMN_NAME AND  C.TABLE_SCHEMA=? AND C.TABLE_NAME=? AND C.CONSTRAINT_TYPE='UNIQUE' AND L.IS_NULLABLE='NO' ORDER BY S.SEQ_IN_INDEX ASC

2024-10-24 06:44:07 [INFO] ==> Executing Query SQL: select svr_ip,sql_port,table_id,table_type,role,part_num,replica_num,schema_version,spare1 from oceanbase.__all_virtual_proxy_schema where tenant_name = ? and database_name = ? and table_name = ? and TABLET_ID = 0 order by role asc

2024-10-24 06:44:07 [INFO] ==> Executing Query SQL: select svr_ip,sql_port,table_id,table_type,role,part_num,replica_num,schema_version,spare1 from oceanbase.__all_virtual_proxy_schema where tenant_name = ? and database_name = ? and table_name = ? and TABLET_ID = 0 order by role asc

2024-10-24 06:44:07 [INFO] ==> Executing Query SQL: SELECT L.COLUMN_NAME AS COLUMN_NAME, S.SEQ_IN_INDEX-1 AS POSITION, C.CONSTRAINT_NAME AS CONSTRAINT_NAME FROM information_schema.TABLE_CONSTRAINTS C, information_schema.STATISTICS AS S, information_schema.COLUMNS L WHERE C.TABLE_SCHEMA=L.TABLE_SCHEMA AND C.TABLE_NAME=L.TABLE_NAME AND  C.TABLE_SCHEMA=S.TABLE_SCHEMA AND C.TABLE_NAME=S.TABLE_NAME AND C.CONSTRAINT_NAME=S.INDEX_NAME AND L.COLUMN_NAME=S.COLUMN_NAME AND  C.TABLE_SCHEMA=? AND C.TABLE_NAME=? AND C.CONSTRAINT_TYPE='UNIQUE' AND L.IS_NULLABLE='NO' ORDER BY S.SEQ_IN_INDEX ASC

2024-10-24 06:44:07 [INFO] ==> Executing Query SQL: SELECT L.COLUMN_NAME AS COLUMN_NAME, S.SEQ_IN_INDEX-1 AS POSITION, C.CONSTRAINT_NAME AS CONSTRAINT_NAME FROM information_schema.TABLE_CONSTRAINTS C, information_schema.STATISTICS AS S, information_schema.COLUMNS L WHERE C.TABLE_SCHEMA=L.TABLE_SCHEMA AND C.TABLE_NAME=L.TABLE_NAME AND  C.TABLE_SCHEMA=S.TABLE_SCHEMA AND C.TABLE_NAME=S.TABLE_NAME AND C.CONSTRAINT_NAME=S.INDEX_NAME AND L.COLUMN_NAME=S.COLUMN_NAME AND  C.TABLE_SCHEMA=? AND C.TABLE_NAME=? AND C.CONSTRAINT_TYPE='UNIQUE' AND L.IS_NULLABLE='NO' ORDER BY S.SEQ_IN_INDEX ASC

2024-10-24 06:44:07 [INFO] ==> Executing Query SQL: SELECT L.COLUMN_NAME AS COLUMN_NAME, S.SEQ_IN_INDEX-1 AS POSITION, C.CONSTRAINT_NAME AS CONSTRAINT_NAME FROM information_schema.TABLE_CONSTRAINTS C, information_schema.STATISTICS AS S, information_schema.COLUMNS L WHERE C.TABLE_SCHEMA=L.TABLE_SCHEMA AND C.TABLE_NAME=L.TABLE_NAME AND  C.TABLE_SCHEMA=S.TABLE_SCHEMA AND C.TABLE_NAME=S.TABLE_NAME AND C.CONSTRAINT_NAME=S.INDEX_NAME AND L.COLUMN_NAME=S.COLUMN_NAME AND  C.TABLE_SCHEMA=? AND C.TABLE_NAME=? AND C.CONSTRAINT_TYPE='UNIQUE' AND L.IS_NULLABLE='NO' ORDER BY S.SEQ_IN_INDEX ASC

2024-10-24 06:44:07 [INFO] ==> Executing Query SQL: SELECT L.COLUMN_NAME AS COLUMN_NAME, S.SEQ_IN_INDEX-1 AS POSITION, C.CONSTRAINT_NAME AS CONSTRAINT_NAME FROM information_schema.TABLE_CONSTRAINTS C, information_schema.STATISTICS AS S, information_schema.COLUMNS L WHERE C.TABLE_SCHEMA=L.TABLE_SCHEMA AND C.TABLE_NAME=L.TABLE_NAME AND  C.TABLE_SCHEMA=S.TABLE_SCHEMA AND C.TABLE_NAME=S.TABLE_NAME AND C.CONSTRAINT_NAME=S.INDEX_NAME AND L.COLUMN_NAME=S.COLUMN_NAME AND  C.TABLE_SCHEMA=? AND C.TABLE_NAME=? AND C.CONSTRAINT_TYPE='UNIQUE' AND L.IS_NULLABLE='NO' ORDER BY S.SEQ_IN_INDEX ASC

2024-10-24 06:44:07 [INFO] ==> Executing Query SQL: select svr_ip,sql_port,table_id,table_type,role,part_num,replica_num,schema_version,spare1 from oceanbase.__all_virtual_proxy_schema where tenant_name = ? and database_name = ? and table_name = ? and TABLET_ID = 0 order by role asc

2024-10-24 06:44:07 [INFO] ==> Executing Query SQL: select svr_ip,sql_port,table_id,table_type,role,part_num,replica_num,schema_version,spare1 from oceanbase.__all_virtual_proxy_schema where tenant_name = ? and database_name = ? and table_name = ? and TABLET_ID = 0 order by role asc

2024-10-24 06:44:07 [INFO] ==> Executing Query SQL: select column_name from information_schema.STATISTICS where table_schema=? and table_name=? and index_name='PRIMARY' order by SEQ_IN_INDEX asc

2024-10-24 06:44:07 [INFO] ==> Executing Query SQL: select svr_ip,sql_port,table_id,table_type,role,part_num,replica_num,schema_version,spare1 from oceanbase.__all_virtual_proxy_schema where tenant_name = ? and database_name = ? and table_name = ? and TABLET_ID = 0 order by role asc

2024-10-24 06:44:07 [INFO] ==> Executing Query SQL: SELECT L.COLUMN_NAME AS COLUMN_NAME, S.SEQ_IN_INDEX-1 AS POSITION, C.CONSTRAINT_NAME AS CONSTRAINT_NAME FROM information_schema.TABLE_CONSTRAINTS C, information_schema.STATISTICS AS S, information_schema.COLUMNS L WHERE C.TABLE_SCHEMA=L.TABLE_SCHEMA AND C.TABLE_NAME=L.TABLE_NAME AND  C.TABLE_SCHEMA=S.TABLE_SCHEMA AND C.TABLE_NAME=S.TABLE_NAME AND C.CONSTRAINT_NAME=S.INDEX_NAME AND L.COLUMN_NAME=S.COLUMN_NAME AND  C.TABLE_SCHEMA=? AND C.TABLE_NAME=? AND C.CONSTRAINT_TYPE='UNIQUE' AND L.IS_NULLABLE='NO' ORDER BY S.SEQ_IN_INDEX ASC

2024-10-24 06:44:07 [INFO] ==> Executing Query SQL: select column_name from information_schema.STATISTICS where table_schema=? and table_name=? and index_name='PRIMARY' order by SEQ_IN_INDEX asc

2024-10-24 06:44:07 [INFO] ==> Executing Query SQL: select column_name from information_schema.STATISTICS where table_schema=? and table_name=? and index_name='PRIMARY' order by SEQ_IN_INDEX asc

2024-10-24 06:44:07 [INFO] ==> Executing Query SQL: SELECT L.COLUMN_NAME AS COLUMN_NAME, S.SEQ_IN_INDEX-1 AS POSITION, C.CONSTRAINT_NAME AS CONSTRAINT_NAME FROM information_schema.TABLE_CONSTRAINTS C, information_schema.STATISTICS AS S, information_schema.COLUMNS L WHERE C.TABLE_SCHEMA=L.TABLE_SCHEMA AND C.TABLE_NAME=L.TABLE_NAME AND  C.TABLE_SCHEMA=S.TABLE_SCHEMA AND C.TABLE_NAME=S.TABLE_NAME AND C.CONSTRAINT_NAME=S.INDEX_NAME AND L.COLUMN_NAME=S.COLUMN_NAME AND  C.TABLE_SCHEMA=? AND C.TABLE_NAME=? AND C.CONSTRAINT_TYPE='UNIQUE' AND L.IS_NULLABLE='NO' ORDER BY S.SEQ_IN_INDEX ASC

2024-10-24 06:44:07 [INFO] ==> Executing Query SQL: SELECT L.COLUMN_NAME AS COLUMN_NAME, S.SEQ_IN_INDEX-1 AS POSITION, C.CONSTRAINT_NAME AS CONSTRAINT_NAME FROM information_schema.TABLE_CONSTRAINTS C, information_schema.STATISTICS AS S, information_schema.COLUMNS L WHERE C.TABLE_SCHEMA=L.TABLE_SCHEMA AND C.TABLE_NAME=L.TABLE_NAME AND  C.TABLE_SCHEMA=S.TABLE_SCHEMA AND C.TABLE_NAME=S.TABLE_NAME AND C.CONSTRAINT_NAME=S.INDEX_NAME AND L.COLUMN_NAME=S.COLUMN_NAME AND  C.TABLE_SCHEMA=? AND C.TABLE_NAME=? AND C.CONSTRAINT_TYPE='UNIQUE' AND L.IS_NULLABLE='NO' ORDER BY S.SEQ_IN_INDEX ASC

2024-10-24 06:44:08 [INFO] ==> Executing Query SQL: SELECT L.COLUMN_NAME AS COLUMN_NAME, S.SEQ_IN_INDEX-1 AS POSITION, C.CONSTRAINT_NAME AS CONSTRAINT_NAME FROM information_schema.TABLE_CONSTRAINTS C, information_schema.STATISTICS AS S, information_schema.COLUMNS L WHERE C.TABLE_SCHEMA=L.TABLE_SCHEMA AND C.TABLE_NAME=L.TABLE_NAME AND  C.TABLE_SCHEMA=S.TABLE_SCHEMA AND C.TABLE_NAME=S.TABLE_NAME AND C.CONSTRAINT_NAME=S.INDEX_NAME AND L.COLUMN_NAME=S.COLUMN_NAME AND  C.TABLE_SCHEMA=? AND C.TABLE_NAME=? AND C.CONSTRAINT_TYPE='UNIQUE' AND L.IS_NULLABLE='NO' ORDER BY S.SEQ_IN_INDEX ASC

2024-10-24 06:44:08 [INFO] ==> Executing Query SQL: SELECT L.COLUMN_NAME AS COLUMN_NAME, S.SEQ_IN_INDEX-1 AS POSITION, C.CONSTRAINT_NAME AS CONSTRAINT_NAME FROM information_schema.TABLE_CONSTRAINTS C, information_schema.STATISTICS AS S, information_schema.COLUMNS L WHERE C.TABLE_SCHEMA=L.TABLE_SCHEMA AND C.TABLE_NAME=L.TABLE_NAME AND  C.TABLE_SCHEMA=S.TABLE_SCHEMA AND C.TABLE_NAME=S.TABLE_NAME AND C.CONSTRAINT_NAME=S.INDEX_NAME AND L.COLUMN_NAME=S.COLUMN_NAME AND  C.TABLE_SCHEMA=? AND C.TABLE_NAME=? AND C.CONSTRAINT_TYPE='UNIQUE' AND L.IS_NULLABLE='NO' ORDER BY S.SEQ_IN_INDEX ASC

2024-10-24 06:44:08 [INFO] ==> Executing Query SQL: select svr_ip,sql_port,table_id,table_type,role,part_num,replica_num,schema_version,spare1 from oceanbase.__all_virtual_proxy_schema where tenant_name = ? and database_name = ? and table_name = ? and TABLET_ID = 0 order by role asc

2024-10-24 06:44:08 [INFO] ==> Executing Query SQL: select svr_ip,sql_port,table_id,table_type,role,part_num,replica_num,schema_version,spare1 from oceanbase.__all_virtual_proxy_schema where tenant_name = ? and database_name = ? and table_name = ? and TABLET_ID = 0 order by role asc

2024-10-24 06:44:08 [INFO] ==> Executing Query SQL: select svr_ip,sql_port,table_id,table_type,role,part_num,replica_num,schema_version,spare1 from oceanbase.__all_virtual_proxy_schema where tenant_name = ? and database_name = ? and table_name = ? and TABLET_ID = 0 order by role asc

2024-10-24 06:44:08 [INFO] ==> Executing Query SQL: SELECT L.COLUMN_NAME AS COLUMN_NAME, S.SEQ_IN_INDEX-1 AS POSITION, C.CONSTRAINT_NAME AS CONSTRAINT_NAME FROM information_schema.TABLE_CONSTRAINTS C, information_schema.STATISTICS AS S, information_schema.COLUMNS L WHERE C.TABLE_SCHEMA=L.TABLE_SCHEMA AND C.TABLE_NAME=L.TABLE_NAME AND  C.TABLE_SCHEMA=S.TABLE_SCHEMA AND C.TABLE_NAME=S.TABLE_NAME AND C.CONSTRAINT_NAME=S.INDEX_NAME AND L.COLUMN_NAME=S.COLUMN_NAME AND  C.TABLE_SCHEMA=? AND C.TABLE_NAME=? AND C.CONSTRAINT_TYPE='UNIQUE' AND L.IS_NULLABLE='NO' ORDER BY S.SEQ_IN_INDEX ASC

2024-10-24 06:44:08 [INFO] ==> Executing Query SQL: SELECT L.COLUMN_NAME AS COLUMN_NAME, S.SEQ_IN_INDEX-1 AS POSITION, C.CONSTRAINT_NAME AS CONSTRAINT_NAME FROM information_schema.TABLE_CONSTRAINTS C, information_schema.STATISTICS AS S, information_schema.COLUMNS L WHERE C.TABLE_SCHEMA=L.TABLE_SCHEMA AND C.TABLE_NAME=L.TABLE_NAME AND  C.TABLE_SCHEMA=S.TABLE_SCHEMA AND C.TABLE_NAME=S.TABLE_NAME AND C.CONSTRAINT_NAME=S.INDEX_NAME AND L.COLUMN_NAME=S.COLUMN_NAME AND  C.TABLE_SCHEMA=? AND C.TABLE_NAME=? AND C.CONSTRAINT_TYPE='UNIQUE' AND L.IS_NULLABLE='NO' ORDER BY S.SEQ_IN_INDEX ASC

2024-10-24 06:44:08 [INFO] ==> Executing Query SQL: select column_name from information_schema.STATISTICS where table_schema=? and table_name=? and index_name='PRIMARY' order by SEQ_IN_INDEX asc

2024-10-24 06:44:08 [INFO] ==> Executing Query SQL: select column_name from information_schema.STATISTICS where table_schema=? and table_name=? and index_name='PRIMARY' order by SEQ_IN_INDEX asc

2024-10-24 06:44:08 [INFO] ==> Executing Query SQL: select column_name from information_schema.STATISTICS where table_schema=? and table_name=? and index_name='PRIMARY' order by SEQ_IN_INDEX asc

2024-10-24 06:44:08 [INFO] ==> Executing Query SQL: select column_name from information_schema.STATISTICS where table_schema=? and table_name=? and index_name='PRIMARY' order by SEQ_IN_INDEX asc

2024-10-24 06:44:08 [INFO] ==> Executing Query SQL: select svr_ip,sql_port,table_id,table_type,role,part_num,replica_num,schema_version,spare1 from oceanbase.__all_virtual_proxy_schema where tenant_name = ? and database_name = ? and table_name = ? and TABLET_ID = 0 order by role asc

2024-10-24 06:44:08 [INFO] ==> Executing Query SQL: select column_name from information_schema.STATISTICS where table_schema=? and table_name=? and index_name='PRIMARY' order by SEQ_IN_INDEX asc

2024-10-24 06:44:08 [INFO] ==> Executing Query SQL: select svr_ip,sql_port,table_id,table_type,role,part_num,replica_num,schema_version,spare1 from oceanbase.__all_virtual_proxy_schema where tenant_name = ? and database_name = ? and table_name = ? and TABLET_ID = 0 order by role asc

2024-10-24 06:44:08 [INFO] ==> Executing Query SQL: SELECT L.COLUMN_NAME AS COLUMN_NAME, S.SEQ_IN_INDEX-1 AS POSITION, C.CONSTRAINT_NAME AS CONSTRAINT_NAME FROM information_schema.TABLE_CONSTRAINTS C, information_schema.STATISTICS AS S, information_schema.COLUMNS L WHERE C.TABLE_SCHEMA=L.TABLE_SCHEMA AND C.TABLE_NAME=L.TABLE_NAME AND  C.TABLE_SCHEMA=S.TABLE_SCHEMA AND C.TABLE_NAME=S.TABLE_NAME AND C.CONSTRAINT_NAME=S.INDEX_NAME AND L.COLUMN_NAME=S.COLUMN_NAME AND  C.TABLE_SCHEMA=? AND C.TABLE_NAME=? AND C.CONSTRAINT_TYPE='UNIQUE' AND L.IS_NULLABLE='NO' ORDER BY S.SEQ_IN_INDEX ASC

2024-10-24 06:44:08 [INFO] ==> Executing Query SQL: select svr_ip,sql_port,table_id,table_type,role,part_num,replica_num,schema_version,spare1 from oceanbase.__all_virtual_proxy_schema where tenant_name = ? and database_name = ? and table_name = ? and TABLET_ID = 0 order by role asc

2024-10-24 06:44:08 [INFO] ==> Executing Query SQL: select svr_ip,sql_port,table_id,table_type,role,part_num,replica_num,schema_version,spare1 from oceanbase.__all_virtual_proxy_schema where tenant_name = ? and database_name = ? and table_name = ? and TABLET_ID = 0 order by role asc

2024-10-24 06:44:08 [INFO] ==> Executing Query SQL: select svr_ip,sql_port,table_id,table_type,role,part_num,replica_num,schema_version,spare1 from oceanbase.__all_virtual_proxy_schema where tenant_name = ? and database_name = ? and table_name = ? and TABLET_ID = 0 order by role asc

2024-10-24 06:44:08 [INFO] ==> Executing Query SQL: select svr_ip,sql_port,table_id,table_type,role,part_num,replica_num,schema_version,spare1 from oceanbase.__all_virtual_proxy_schema where tenant_name = ? and database_name = ? and table_name = ? and TABLET_ID = 0 order by role asc

2024-10-24 06:44:08 [INFO] ==> Executing Query SQL: select svr_ip,sql_port,table_id,table_type,role,part_num,replica_num,schema_version,spare1 from oceanbase.__all_virtual_proxy_schema where tenant_name = ? and database_name = ? and table_name = ? and TABLET_ID = 0 order by role asc

2024-10-24 06:44:08 [INFO] ==> Executing Query SQL: select svr_ip,sql_port,table_id,table_type,role,part_num,replica_num,schema_version,spare1 from oceanbase.__all_virtual_proxy_schema where tenant_name = ? and database_name = ? and table_name = ? and TABLET_ID = 0 order by role asc

2024-10-24 06:44:08 [INFO] ==> Executing Query SQL: select svr_ip,sql_port,table_id,table_type,role,part_num,replica_num,schema_version,spare1 from oceanbase.__all_virtual_proxy_schema where tenant_name = ? and database_name = ? and table_name = ? and TABLET_ID = 0 order by role asc

2024-10-24 06:44:08 [INFO] ==> Executing Query SQL: select svr_ip,sql_port,table_id,table_type,role,part_num,replica_num,schema_version,spare1 from oceanbase.__all_virtual_proxy_schema where tenant_name = ? and database_name = ? and table_name = ? and TABLET_ID = 0 order by role asc

2024-10-24 06:44:08 [INFO] ==> Executing Query SQL: select column_name from information_schema.STATISTICS where table_schema=? and table_name=? and index_name='PRIMARY' order by SEQ_IN_INDEX asc

2024-10-24 06:44:08 [INFO] ==> Executing Query SQL: select column_name from information_schema.STATISTICS where table_schema=? and table_name=? and index_name='PRIMARY' order by SEQ_IN_INDEX asc

2024-10-24 06:44:08 [INFO] ==> Executing Query SQL: select column_name from information_schema.STATISTICS where table_schema=? and table_name=? and index_name='PRIMARY' order by SEQ_IN_INDEX asc

2024-10-24 06:44:08 [INFO] ==> Executing Query SQL: select svr_ip,sql_port,table_id,table_type,role,part_num,replica_num,schema_version,spare1 from oceanbase.__all_virtual_proxy_schema where tenant_name = ? and database_name = ? and table_name = ? and TABLET_ID = 0 order by role asc

2024-10-24 06:44:08 [INFO] ==> Executing Query SQL: select column_name from information_schema.STATISTICS where table_schema=? and table_name=? and index_name='PRIMARY' order by SEQ_IN_INDEX asc

2024-10-24 06:44:08 [INFO] ==> Executing Query SQL: select column_name from information_schema.STATISTICS where table_schema=? and table_name=? and index_name='PRIMARY' order by SEQ_IN_INDEX asc

2024-10-24 06:44:08 [INFO] ==> Executing Query SQL: select svr_ip,sql_port,table_id,table_type,role,part_num,replica_num,schema_version,spare1 from oceanbase.__all_virtual_proxy_schema where tenant_name = ? and database_name = ? and table_name = ? and TABLET_ID = 0 order by role asc

2024-10-24 06:44:08 [INFO] ==> Executing Query SQL: select column_name from information_schema.STATISTICS where table_schema=? and table_name=? and index_name='PRIMARY' order by SEQ_IN_INDEX asc

2024-10-24 06:44:08 [INFO] ==> Executing Query SQL: select column_name from information_schema.STATISTICS where table_schema=? and table_name=? and index_name='PRIMARY' order by SEQ_IN_INDEX asc

2024-10-24 06:44:08 [INFO] ==> Executing Query SQL: select column_name from information_schema.STATISTICS where table_schema=? and table_name=? and index_name='PRIMARY' order by SEQ_IN_INDEX asc

2024-10-24 06:44:08 [INFO] ==> Executing Query SQL: select column_name from information_schema.STATISTICS where table_schema=? and table_name=? and index_name='PRIMARY' order by SEQ_IN_INDEX asc

2024-10-24 06:44:08 [INFO] ==> Executing Query SQL: select column_name from information_schema.STATISTICS where table_schema=? and table_name=? and index_name='PRIMARY' order by SEQ_IN_INDEX asc

2024-10-24 06:44:08 [INFO] ==> Executing Query SQL: select column_name from information_schema.STATISTICS where table_schema=? and table_name=? and index_name='PRIMARY' order by SEQ_IN_INDEX asc

2024-10-24 06:44:08 [INFO] ==> Executing Query SQL: select column_name from information_schema.STATISTICS where table_schema=? and table_name=? and index_name='PRIMARY' order by SEQ_IN_INDEX asc

2024-10-24 06:44:08 [INFO] ==> Executing Query SQL: select column_name from information_schema.STATISTICS where table_schema=? and table_name=? and index_name='PRIMARY' order by SEQ_IN_INDEX asc

2024-10-24 06:44:08 [INFO] ==> Executing Query SQL: select column_name from information_schema.STATISTICS where table_schema=? and table_name=? and index_name='PRIMARY' order by SEQ_IN_INDEX asc

2024-10-24 06:44:08 [INFO] ==> Executing Query SQL: select column_name from information_schema.STATISTICS where table_schema=? and table_name=? and index_name='PRIMARY' order by SEQ_IN_INDEX asc

2024-10-24 06:44:08 [INFO] ==> Executing Query SQL: SELECT L.COLUMN_NAME AS COLUMN_NAME, S.SEQ_IN_INDEX-1 AS POSITION, C.CONSTRAINT_NAME AS CONSTRAINT_NAME FROM information_schema.TABLE_CONSTRAINTS C, information_schema.STATISTICS AS S, information_schema.COLUMNS L WHERE C.TABLE_SCHEMA=L.TABLE_SCHEMA AND C.TABLE_NAME=L.TABLE_NAME AND  C.TABLE_SCHEMA=S.TABLE_SCHEMA AND C.TABLE_NAME=S.TABLE_NAME AND C.CONSTRAINT_NAME=S.INDEX_NAME AND L.COLUMN_NAME=S.COLUMN_NAME AND  C.TABLE_SCHEMA=? AND C.TABLE_NAME=? AND C.CONSTRAINT_TYPE='UNIQUE' AND L.IS_NULLABLE='NO' ORDER BY S.SEQ_IN_INDEX ASC

2024-10-24 06:44:08 [INFO] ==> Executing Query SQL: SELECT L.COLUMN_NAME AS COLUMN_NAME, S.SEQ_IN_INDEX-1 AS POSITION, C.CONSTRAINT_NAME AS CONSTRAINT_NAME FROM information_schema.TABLE_CONSTRAINTS C, information_schema.STATISTICS AS S, information_schema.COLUMNS L WHERE C.TABLE_SCHEMA=L.TABLE_SCHEMA AND C.TABLE_NAME=L.TABLE_NAME AND  C.TABLE_SCHEMA=S.TABLE_SCHEMA AND C.TABLE_NAME=S.TABLE_NAME AND C.CONSTRAINT_NAME=S.INDEX_NAME AND L.COLUMN_NAME=S.COLUMN_NAME AND  C.TABLE_SCHEMA=? AND C.TABLE_NAME=? AND C.CONSTRAINT_TYPE='UNIQUE' AND L.IS_NULLABLE='NO' ORDER BY S.SEQ_IN_INDEX ASC

2024-10-24 06:44:08 [INFO] ==> Executing Query SQL: SELECT L.COLUMN_NAME AS COLUMN_NAME, S.SEQ_IN_INDEX-1 AS POSITION, C.CONSTRAINT_NAME AS CONSTRAINT_NAME FROM information_schema.TABLE_CONSTRAINTS C, information_schema.STATISTICS AS S, information_schema.COLUMNS L WHERE C.TABLE_SCHEMA=L.TABLE_SCHEMA AND C.TABLE_NAME=L.TABLE_NAME AND  C.TABLE_SCHEMA=S.TABLE_SCHEMA AND C.TABLE_NAME=S.TABLE_NAME AND C.CONSTRAINT_NAME=S.INDEX_NAME AND L.COLUMN_NAME=S.COLUMN_NAME AND  C.TABLE_SCHEMA=? AND C.TABLE_NAME=? AND C.CONSTRAINT_TYPE='UNIQUE' AND L.IS_NULLABLE='NO' ORDER BY S.SEQ_IN_INDEX ASC

2024-10-24 06:44:08 [INFO] ==> Executing Query SQL: SELECT L.COLUMN_NAME AS COLUMN_NAME, S.SEQ_IN_INDEX-1 AS POSITION, C.CONSTRAINT_NAME AS CONSTRAINT_NAME FROM information_schema.TABLE_CONSTRAINTS C, information_schema.STATISTICS AS S, information_schema.COLUMNS L WHERE C.TABLE_SCHEMA=L.TABLE_SCHEMA AND C.TABLE_NAME=L.TABLE_NAME AND  C.TABLE_SCHEMA=S.TABLE_SCHEMA AND C.TABLE_NAME=S.TABLE_NAME AND C.CONSTRAINT_NAME=S.INDEX_NAME AND L.COLUMN_NAME=S.COLUMN_NAME AND  C.TABLE_SCHEMA=? AND C.TABLE_NAME=? AND C.CONSTRAINT_TYPE='UNIQUE' AND L.IS_NULLABLE='NO' ORDER BY S.SEQ_IN_INDEX ASC

2024-10-24 06:44:08 [INFO] ==> Executing Query SQL: select `id` from `ncloud-global-tenant`.`dc115` order by `id` limit 999999, 1 

2024-10-24 06:44:08 [INFO] ==> Executing Query SQL: select `id` from `ncloud-global-tenant`.`dc104` order by `id` limit 999999, 1 

2024-10-24 06:44:08 [INFO] ==> Executing Query SQL: select `id` from `ncloud-global-tenant`.`dc25` order by `id` limit 999999, 1 

2024-10-24 06:44:08 [INFO] ==> Executing Query SQL: select `id` from `ncloud-global-tenant`.`dc110` order by `id` limit 999999, 1 

2024-10-24 06:44:08 [INFO] ==> Executing Query SQL: select `id` from `ncloud-global-tenant`.`dc112` order by `id` limit 999999, 1 

2024-10-24 06:44:08 [INFO] ==> Executing Query SQL: select `id` from `ncloud-global-tenant`.`dc114` order by `id` limit 999999, 1 

2024-10-24 06:44:08 [INFO] ==> Executing Query SQL: select `id` from `ncloud-global-tenant`.`grjysd_slave` order by `id` limit 999999, 1 

2024-10-24 06:44:08 [INFO] ==> Executing Query SQL: select `id` from `ncloud-global-tenant`.`dc108` order by `id` limit 999999, 1 

2024-10-24 06:44:08 [INFO] ==> Executing Query SQL: select `id` from `ncloud-global-tenant`.`dc72` order by `id` limit 999999, 1 

2024-10-24 06:44:08 [INFO] ==> Executing Query SQL: select `id` from `ncloud-global-tenant`.`dc116` order by `id` limit 999999, 1 

2024-10-24 06:44:08 [INFO] ==> Executing Query SQL: select `id` from `ncloud-global-tenant`.`dc107` order by `id` limit 999999, 1 

2024-10-24 06:44:08 [INFO] ==> Executing Query SQL: select `id` from `ncloud-global-tenant`.`dian_pingzheng_pdf` order by `id` limit 999999, 1 

2024-10-24 06:44:08 [INFO] ==> Executing Query SQL: select `id` from `ncloud-global-tenant`.`ndks` order by `id` limit 999999, 1 

2024-10-24 06:44:08 [INFO] ==> Executing Query SQL: select `id` from `ncloud-global-tenant`.`dc117` order by `id` limit 999999, 1 

2024-10-24 06:44:08 [INFO] ==> Executing Query SQL: select `id` from `ncloud-global-tenant`.`dc109` order by `id` limit 999999, 1 

2024-10-24 06:44:08 [INFO] ==> Executing Query SQL: select `id` from `ncloud-global-tenant`.`dc113` order by `id` limit 999999, 1 

2024-10-24 06:44:08 [INFO] ==> Executing Query SQL: select `id` from `ncloud-global-tenant`.`dc106` order by `id` limit 999999, 1 

2024-10-24 06:44:08 [INFO] ==> Executing Query SQL: select `id` from `ncloud-global-tenant`.`fypj_img_path` order by `id` limit 999999, 1 

2024-10-24 06:44:08 [INFO] ==> Executing Query SQL: select `id` from `ncloud-global-tenant`.`dc111` order by `id` limit 999999, 1 

2024-10-24 06:44:08 [INFO] ==> Executing Query SQL: select `id` from `ncloud-global-tenant`.`dc101` order by `id` limit 999999, 1 

2024-10-24 06:44:08 [INFO] ==> Executing Query SQL: select `id` from `ncloud-global-tenant`.`dc102` order by `id` limit 999999, 1 

2024-10-24 06:44:08 [INFO] ==> Executing Query SQL: select `id` from `ncloud-global-tenant`.`grjysd_master` order by `id` limit 999999, 1 

2024-10-24 06:44:08 [INFO] ==> Executing Query SQL: select `id` from `ncloud-global-tenant`.`dc103` order by `id` limit 999999, 1 

2024-10-24 06:44:08 [INFO] ==> Executing Query SQL: select `id` from `ncloud-global-tenant`.`dc105` order by `id` limit 999999, 1 

2024-10-24 06:44:08 [INFO] ==> Executing Query SQL: select `id` from `ncloud-global-tenant`.`dc13` order by `id` limit 999999, 1 

2024-10-24 06:44:08 [INFO] ==> Executing Query SQL: select `id` from `ncloud-global-tenant`.`grjysd_type` order by `id` limit 999999, 1 

2024-10-24 06:44:08 [INFO] ==> Executing Query SQL: select `id` from `ncloud-global-tenant`.`gz_pzkm` order by `id` limit 999999, 1 

2024-10-24 06:44:08 [INFO] ==> Executing Query SQL: select `id` from `ncloud-global-tenant`.`dc602` order by `id` limit 999999, 1 

2024-10-24 06:44:08 [INFO] ==> Executing Query SQL: select `id` from `ncloud-global-tenant`.`dc250` order by `id` limit 999999, 1 

