2024-10-24 06:44:43 [INFO] ==> Executing Query SQL: SELECT TABLE_NAME AS OBJECT_NAME FROM information_schema.VIEWS WHERE TABLE_SCHEMA='ncloud-nacos' 

2024-10-24 06:44:43 [INFO] ==> Executing Query SQL: select sequence_name as object_name from oceanbase.__all_sequence_object s,oceanbase.__all_database d where s.database_id=d.database_id and d.database_name='ncloud-nacos' 

2024-10-24 06:44:43 [INFO] ==> Executing Query SQL: select tablegroup_name AS OBJECT_NAME from oceanbase.__all_tablegroup tg where tg.tablegroup_name not in ('oceanbase') 

2024-10-24 06:44:43 [INFO] ==> Executing Query SQL: SELECT ROUTINE_NAME AS OBJECT_NAME FROM information_schema.ROUTINES WHERE ROUTINE_SCHEMA='ncloud-nacos' AND ROUTINE_TYPE='FUNCTION' 

2024-10-24 06:44:43 [INFO] ==> Executing Query SQL: SELECT ROUTINE_NAME AS OBJECT_NAME FROM information_schema.ROUTINES WHERE ROUTINE_SCHEMA='ncloud-nacos' AND ROUTINE_TYPE='PROCEDURE' 

2024-10-24 06:44:43 [INFO] ==> Executing Query SQL: SELECT T.TABLE_NAME AS TABLE_NAME,C.COLUMN_NAME AS COLUMN_NAME,C.DATA_TYPE AS DATA_TYPE,C.DATETIME_PRECISION AS DATETIME_PRECISION,C.IS_NULLABLE AS NULLABLE,C.GENERATION_EXPRESSION AS GENERATION_EXPRESSION,C.ORDINAL_POSITION-1 AS COLUMN_POSITION FROM information_schema.TABLES T, information_schema.COLUMNS C WHERE T.TABLE_SCHEMA=C.TABLE_SCHEMA AND T.TABLE_NAME=C.TABLE_NAME AND T.TABLE_SCHEMA='ncloud-nacos' AND T.TABLE_NAME NOT LIKE 'RECYCLE_%' AND T.TABLE_TYPE='BASE TABLE'  ORDER BY C.TABLE_NAME,C.ORDINAL_POSITION ASC

2024-10-24 06:44:43 [INFO] ==> Executing Query SQL: select 1 from `ncloud-nacos`.`tenant_info` limit 1

2024-10-24 06:44:43 [INFO] ==> Executing Query SQL: select 1 from `ncloud-nacos`.`tenant_capacity` limit 1

2024-10-24 06:44:43 [INFO] ==> Executing Query SQL: select 1 from `ncloud-nacos`.`permissions` limit 1

2024-10-24 06:44:43 [INFO] ==> Executing Query SQL: select 1 from `ncloud-nacos`.`config_tags_relation` limit 1

2024-10-24 06:44:43 [INFO] ==> Executing Query SQL: select 1 from `ncloud-nacos`.`his_config_info` limit 1

2024-10-24 06:44:43 [INFO] ==> Executing Query SQL: select 1 from `ncloud-nacos`.`roles` limit 1

2024-10-24 06:44:43 [INFO] ==> Executing Query SQL: select 1 from `ncloud-nacos`.`group_capacity` limit 1

2024-10-24 06:44:43 [INFO] ==> Executing Query SQL: select 1 from `ncloud-nacos`.`config_info_beta` limit 1

2024-10-24 06:44:43 [INFO] ==> Executing Query SQL: select 1 from `ncloud-nacos`.`config_info_aggr` limit 1

2024-10-24 06:44:43 [INFO] ==> Executing Query SQL: select 1 from `ncloud-nacos`.`config_info` limit 1

2024-10-24 06:44:43 [INFO] ==> Executing Query SQL: select 1 from `ncloud-nacos`.`config_info_tag` limit 1

2024-10-24 06:44:43 [INFO] ==> Executing Query SQL: select 1 from `ncloud-nacos`.`users` limit 1

2024-10-24 06:44:43 [INFO] ==> Executing Query SQL: show create TABLE `tenant_info`

2024-10-24 06:44:43 [INFO] ==> Executing Query SQL: show create TABLE `tenant_capacity`

2024-10-24 06:44:43 [INFO] ==> Executing Query SQL: show create TABLE `config_tags_relation`

2024-10-24 06:44:43 [INFO] ==> Executing Query SQL: show create TABLE `roles`

2024-10-24 06:44:43 [INFO] ==> Executing Query SQL: show create TABLE `group_capacity`

2024-10-24 06:44:43 [INFO] ==> Executing Query SQL: show create TABLE `config_info_aggr`

2024-10-24 06:44:43 [INFO] ==> Executing Query SQL: show create TABLE `config_info`

2024-10-24 06:44:43 [INFO] ==> Executing Query SQL: show create TABLE `users`

2024-10-24 06:44:43 [INFO] ==> Executing Query SQL: show create TABLE `config_info_beta`

2024-10-24 06:44:43 [INFO] ==> Executing Query SQL: show create TABLE `permissions`

2024-10-24 06:44:44 [INFO] ==> Executing Query SQL: show create TABLE `his_config_info`

2024-10-24 06:44:44 [INFO] ==> Executing Query SQL: show create TABLE `config_info_tag`

2024-10-24 06:44:44 [INFO] ==> Executing Query SQL: select svr_ip,sql_port,table_id,table_type,role,part_num,replica_num,schema_version,spare1 from oceanbase.__all_virtual_proxy_schema where tenant_name = ? and database_name = ? and table_name = ? and TABLET_ID = 0 order by role asc

2024-10-24 06:44:44 [INFO] ==> Executing Query SQL: select svr_ip,sql_port,table_id,table_type,role,part_num,replica_num,schema_version,spare1 from oceanbase.__all_virtual_proxy_schema where tenant_name = ? and database_name = ? and table_name = ? and TABLET_ID = 0 order by role asc

2024-10-24 06:44:44 [INFO] ==> Executing Query SQL: select svr_ip,sql_port,table_id,table_type,role,part_num,replica_num,schema_version,spare1 from oceanbase.__all_virtual_proxy_schema where tenant_name = ? and database_name = ? and table_name = ? and TABLET_ID = 0 order by role asc

2024-10-24 06:44:44 [INFO] ==> Executing Query SQL: select svr_ip,sql_port,table_id,table_type,role,part_num,replica_num,schema_version,spare1 from oceanbase.__all_virtual_proxy_schema where tenant_name = ? and database_name = ? and table_name = ? and TABLET_ID = 0 order by role asc

2024-10-24 06:44:44 [INFO] ==> Executing Query SQL: select svr_ip,sql_port,table_id,table_type,role,part_num,replica_num,schema_version,spare1 from oceanbase.__all_virtual_proxy_schema where tenant_name = ? and database_name = ? and table_name = ? and TABLET_ID = 0 order by role asc

2024-10-24 06:44:44 [INFO] ==> Executing Query SQL: select svr_ip,sql_port,table_id,table_type,role,part_num,replica_num,schema_version,spare1 from oceanbase.__all_virtual_proxy_schema where tenant_name = ? and database_name = ? and table_name = ? and TABLET_ID = 0 order by role asc

2024-10-24 06:44:44 [INFO] ==> Executing Query SQL: select column_name from information_schema.STATISTICS where table_schema=? and table_name=? and index_name='PRIMARY' order by SEQ_IN_INDEX asc

2024-10-24 06:44:44 [INFO] ==> Executing Query SQL: select column_name from information_schema.STATISTICS where table_schema=? and table_name=? and index_name='PRIMARY' order by SEQ_IN_INDEX asc

2024-10-24 06:44:44 [INFO] ==> Executing Query SQL: select column_name from information_schema.STATISTICS where table_schema=? and table_name=? and index_name='PRIMARY' order by SEQ_IN_INDEX asc

2024-10-24 06:44:44 [INFO] ==> Executing Query SQL: select column_name from information_schema.STATISTICS where table_schema=? and table_name=? and index_name='PRIMARY' order by SEQ_IN_INDEX asc

2024-10-24 06:44:44 [INFO] ==> Executing Query SQL: select column_name from information_schema.STATISTICS where table_schema=? and table_name=? and index_name='PRIMARY' order by SEQ_IN_INDEX asc

2024-10-24 06:44:44 [INFO] ==> Executing Query SQL: select column_name from information_schema.STATISTICS where table_schema=? and table_name=? and index_name='PRIMARY' order by SEQ_IN_INDEX asc

2024-10-24 06:44:45 [INFO] ==> Executing Query SQL: SELECT L.COLUMN_NAME AS COLUMN_NAME, S.SEQ_IN_INDEX-1 AS POSITION, C.CONSTRAINT_NAME AS CONSTRAINT_NAME FROM information_schema.TABLE_CONSTRAINTS C, information_schema.STATISTICS AS S, information_schema.COLUMNS L WHERE C.TABLE_SCHEMA=L.TABLE_SCHEMA AND C.TABLE_NAME=L.TABLE_NAME AND  C.TABLE_SCHEMA=S.TABLE_SCHEMA AND C.TABLE_NAME=S.TABLE_NAME AND C.CONSTRAINT_NAME=S.INDEX_NAME AND L.COLUMN_NAME=S.COLUMN_NAME AND  C.TABLE_SCHEMA=? AND C.TABLE_NAME=? AND C.CONSTRAINT_TYPE='UNIQUE' AND L.IS_NULLABLE='NO' ORDER BY S.SEQ_IN_INDEX ASC

2024-10-24 06:44:45 [INFO] ==> Executing Query SQL: SELECT L.COLUMN_NAME AS COLUMN_NAME, S.SEQ_IN_INDEX-1 AS POSITION, C.CONSTRAINT_NAME AS CONSTRAINT_NAME FROM information_schema.TABLE_CONSTRAINTS C, information_schema.STATISTICS AS S, information_schema.COLUMNS L WHERE C.TABLE_SCHEMA=L.TABLE_SCHEMA AND C.TABLE_NAME=L.TABLE_NAME AND  C.TABLE_SCHEMA=S.TABLE_SCHEMA AND C.TABLE_NAME=S.TABLE_NAME AND C.CONSTRAINT_NAME=S.INDEX_NAME AND L.COLUMN_NAME=S.COLUMN_NAME AND  C.TABLE_SCHEMA=? AND C.TABLE_NAME=? AND C.CONSTRAINT_TYPE='UNIQUE' AND L.IS_NULLABLE='NO' ORDER BY S.SEQ_IN_INDEX ASC

2024-10-24 06:44:45 [INFO] ==> Executing Query SQL: SELECT L.COLUMN_NAME AS COLUMN_NAME, S.SEQ_IN_INDEX-1 AS POSITION, C.CONSTRAINT_NAME AS CONSTRAINT_NAME FROM information_schema.TABLE_CONSTRAINTS C, information_schema.STATISTICS AS S, information_schema.COLUMNS L WHERE C.TABLE_SCHEMA=L.TABLE_SCHEMA AND C.TABLE_NAME=L.TABLE_NAME AND  C.TABLE_SCHEMA=S.TABLE_SCHEMA AND C.TABLE_NAME=S.TABLE_NAME AND C.CONSTRAINT_NAME=S.INDEX_NAME AND L.COLUMN_NAME=S.COLUMN_NAME AND  C.TABLE_SCHEMA=? AND C.TABLE_NAME=? AND C.CONSTRAINT_TYPE='UNIQUE' AND L.IS_NULLABLE='NO' ORDER BY S.SEQ_IN_INDEX ASC

2024-10-24 06:44:45 [INFO] ==> Executing Query SQL: select `id` from `ncloud-nacos`.`config_info` order by `id` limit 999999, 1 

2024-10-24 06:44:45 [INFO] ==> Executing Query SQL: select `username`,`role` from `ncloud-nacos`.`roles` order by `username`,`role` limit 999999, 1 

2024-10-24 06:44:45 [INFO] ==> Executing Query SQL: select `username` from `ncloud-nacos`.`users` order by `username` limit 999999, 1 

2024-10-24 06:44:45 [INFO] ==> Executing Query SQL: select `role`,`resource`,`action` from `ncloud-nacos`.`permissions` order by `role`,`resource`,`action` limit 999999, 1 

2024-10-24 06:44:45 [INFO] ==> Executing Query SQL: select `id` from `ncloud-nacos`.`tenant_info` order by `id` limit 999999, 1 

