2024-10-24 06:37:57 [INFO] ==> Executing Query SQL: SELECT TABLE_NAME FROM information_schema.TABLES where TABLE_SCHEMA='ncloud-global-tenant' AND TABLE_NAME NOT LIKE 'RECYCLE_%' AND TABLE_TYPE='BASE TABLE'  

2024-10-24 06:37:58 [INFO] ==> Executing Query SQL: SELECT TABLE_NAME AS OBJECT_NAME FROM information_schema.VIEWS WHERE TABLE_SCHEMA='ncloud-global-tenant' 

2024-10-24 06:37:58 [INFO] ==> Executing Query SQL: select sequence_name as object_name from oceanbase.__all_sequence_object s,oceanbase.__all_database d where s.database_id=d.database_id and d.database_name='ncloud-global-tenant' 

2024-10-24 06:37:58 [INFO] ==> Executing Query SQL: select tablegroup_name AS OBJECT_NAME from oceanbase.__all_tablegroup tg where tg.tablegroup_name not in ('oceanbase') 

2024-10-24 06:37:58 [INFO] ==> Executing Query SQL: SELECT ROUTINE_NAME AS OBJECT_NAME FROM information_schema.ROUTINES WHERE ROUTINE_SCHEMA='ncloud-global-tenant' AND ROUTINE_TYPE='FUNCTION' 

2024-10-24 06:37:58 [INFO] ==> Executing Query SQL: SELECT ROUTINE_NAME AS OBJECT_NAME FROM information_schema.ROUTINES WHERE ROUTINE_SCHEMA='ncloud-global-tenant' AND ROUTINE_TYPE='PROCEDURE' 

2024-10-24 06:37:58 [INFO] ==> Executing Query SQL: show create TABLE `data_queren`

2024-10-24 06:37:58 [INFO] ==> Executing Query SQL: show create TABLE `tenant_queren`

2024-10-24 06:37:58 [INFO] ==> Executing Query SQL: show create TABLE `dc35`

2024-10-24 06:37:58 [INFO] ==> Executing Query SQL: show create TABLE `fypj_img_path`

2024-10-24 06:37:58 [INFO] ==> Executing Query SQL: show create TABLE `dc50_last`

2024-10-24 06:37:58 [INFO] ==> Executing Query SQL: show create TABLE `dc117`

2024-10-24 06:37:58 [INFO] ==> Executing Query SQL: show create TABLE `dc105`

2024-10-24 06:37:58 [INFO] ==> Executing Query SQL: show create TABLE `dc115`

2024-10-24 06:37:58 [INFO] ==> Executing Query SQL: show create TABLE `dc116`

2024-10-24 06:37:58 [INFO] ==> Executing Query SQL: show create TABLE `dian_pingzheng_pdf`

2024-10-24 06:37:58 [INFO] ==> Executing Query SQL: show create TABLE `dc113`

2024-10-24 06:37:58 [INFO] ==> Executing Query SQL: show create TABLE `dc114`

2024-10-24 06:37:58 [INFO] ==> Executing Query SQL: show create TABLE `task_sb_lc`

2024-10-24 06:37:58 [INFO] ==> Executing Query SQL: show create TABLE `dc111`

2024-10-24 06:37:58 [INFO] ==> Executing Query SQL: show create TABLE `dc112`

2024-10-24 06:37:58 [INFO] ==> Executing Query SQL: show create TABLE `dc110`

2024-10-24 06:37:58 [INFO] ==> Executing Query SQL: show create TABLE `dc261`

2024-10-24 06:37:58 [INFO] ==> Executing Query SQL: show create TABLE `dc260`

2024-10-24 06:37:58 [INFO] ==> Executing Query SQL: show create TABLE `dc29`

2024-10-24 06:37:58 [INFO] ==> Executing Query SQL: show create TABLE `dc28`

2024-10-24 06:37:58 [INFO] ==> Executing Query SQL: show create TABLE `dc25`

2024-10-24 06:37:58 [INFO] ==> Executing Query SQL: show create TABLE `dc26`

2024-10-24 06:37:58 [INFO] ==> Executing Query SQL: show create TABLE `ndks`

2024-10-24 06:37:59 [INFO] ==> Executing Query SQL: show create TABLE `auto_task_fapiao`

2024-10-24 06:37:59 [INFO] ==> Executing Query SQL: show create TABLE `grjysd_slave`

2024-10-24 06:37:59 [INFO] ==> Executing Query SQL: show create TABLE `employees_test2`

2024-10-24 06:37:59 [INFO] ==> Executing Query SQL: show create TABLE `employees_test3`

2024-10-24 06:37:59 [INFO] ==> Executing Query SQL: show create TABLE `employees_test1`

2024-10-24 06:37:59 [INFO] ==> Executing Query SQL: show create TABLE `dc108`

2024-10-24 06:37:59 [INFO] ==> Executing Query SQL: show create TABLE `dc72`

2024-10-24 06:37:59 [INFO] ==> Executing Query SQL: show create TABLE `dc109`

2024-10-24 06:37:59 [INFO] ==> Executing Query SQL: show create TABLE `dc106`

2024-10-24 06:37:59 [INFO] ==> Executing Query SQL: show create TABLE `dc107`

2024-10-24 06:37:59 [INFO] ==> Executing Query SQL: show create TABLE `dc104`

2024-10-24 06:37:59 [INFO] ==> Executing Query SQL: show create TABLE `dc118`

2024-10-24 06:37:59 [INFO] ==> Executing Query SQL: show create TABLE `dc102`

2024-10-24 06:37:59 [INFO] ==> Executing Query SQL: show create TABLE `grjysd_master`

2024-10-24 06:37:59 [INFO] ==> Executing Query SQL: show create TABLE `dc103`

2024-10-24 06:37:59 [INFO] ==> Executing Query SQL: show create TABLE `employees`

2024-10-24 06:37:59 [INFO] ==> Executing Query SQL: show create TABLE `dc101`

2024-10-24 06:37:59 [INFO] ==> Executing Query SQL: show create TABLE `employees_test5`

2024-10-24 06:37:59 [INFO] ==> Executing Query SQL: show create TABLE `dc250`

2024-10-24 06:37:59 [INFO] ==> Executing Query SQL: show create TABLE `task_jilu`

2024-10-24 06:37:59 [INFO] ==> Executing Query SQL: show create TABLE `dc50_user`

2024-10-24 06:37:59 [INFO] ==> Executing Query SQL: show create TABLE `dc18`

2024-10-24 06:37:59 [INFO] ==> Executing Query SQL: show create TABLE `dc19`

2024-10-24 06:37:59 [INFO] ==> Executing Query SQL: show create TABLE `dc16`

2024-10-24 06:37:59 [INFO] ==> Executing Query SQL: show create TABLE `dc17`

2024-10-24 06:37:59 [INFO] ==> Executing Query SQL: show create TABLE `dc14`

2024-10-24 06:37:59 [INFO] ==> Executing Query SQL: show create TABLE `dc15`

2024-10-24 06:37:59 [INFO] ==> Executing Query SQL: show create TABLE `dc13`

2024-10-24 06:37:59 [INFO] ==> Executing Query SQL: show create TABLE `dc21`

2024-10-24 06:37:59 [INFO] ==> Executing Query SQL: show create TABLE `dc50_user_qichu`

2024-10-24 06:37:59 [INFO] ==> Executing Query SQL: show create TABLE `grjysd_type`

2024-10-24 06:37:59 [INFO] ==> Executing Query SQL: show create TABLE `dc20`

2024-10-24 06:37:59 [INFO] ==> Executing Query SQL: show create TABLE `dc60`

2024-10-24 06:37:59 [INFO] ==> Executing Query SQL: show create TABLE `dc281`

2024-10-24 06:37:59 [INFO] ==> Executing Query SQL: show create TABLE `dc282`

2024-10-24 06:37:59 [INFO] ==> Executing Query SQL: show create TABLE `dc280`

2024-10-24 06:37:59 [INFO] ==> Executing Query SQL: show create TABLE `ocr_pdf`

2024-10-24 06:37:59 [INFO] ==> Executing Query SQL: show create TABLE `s20`

2024-10-24 06:37:59 [INFO] ==> Executing Query SQL: show create TABLE `s22`

2024-10-24 06:37:59 [INFO] ==> Executing Query SQL: show create TABLE `dc53`

2024-10-24 06:37:59 [INFO] ==> Executing Query SQL: show create TABLE `s21`

2024-10-24 06:37:59 [INFO] ==> Executing Query SQL: show create TABLE `dc50`

2024-10-24 06:37:59 [INFO] ==> Executing Query SQL: show create TABLE `dc601`

2024-10-24 06:37:59 [INFO] ==> Executing Query SQL: show create TABLE `dc602`

2024-10-24 06:38:00 [INFO] ==> Executing Query SQL: show create TABLE `dc120`

2024-10-24 06:38:00 [INFO] ==> Executing Query SQL: show create TABLE `gz_pzkm`

2024-10-24 06:38:00 [INFO] ==> Executing Query SQL: show create TABLE `dc121`

