2024-10-24 06:43:36 [INFO] ==> Executing Query SQL: SELECT TABLE_NAME AS OBJECT_NAME FROM information_schema.VIEWS WHERE TABLE_SCHEMA='hello' 

2024-10-24 06:43:36 [INFO] ==> Executing Query SQL: select sequence_name as object_name from oceanbase.__all_sequence_object s,oceanbase.__all_database d where s.database_id=d.database_id and d.database_name='hello' 

2024-10-24 06:43:36 [INFO] ==> Executing Query SQL: select tablegroup_name AS OBJECT_NAME from oceanbase.__all_tablegroup tg where tg.tablegroup_name not in ('oceanbase') 

2024-10-24 06:43:36 [INFO] ==> Executing Query SQL: SELECT ROUTINE_NAME AS OBJECT_NAME FROM information_schema.ROUTINES WHERE ROUTINE_SCHEMA='hello' AND ROUTINE_TYPE='FUNCTION' 

2024-10-24 06:43:36 [INFO] ==> Executing Query SQL: SELECT ROUTINE_NAME AS OBJECT_NAME FROM information_schema.ROUTINES WHERE ROUTINE_SCHEMA='hello' AND ROUTINE_TYPE='PROCEDURE' 

2024-10-24 06:43:36 [INFO] ==> Executing Query SQL: SELECT T.TABLE_NAME AS TABLE_NAME,C.COLUMN_NAME AS COLUMN_NAME,C.DATA_TYPE AS DATA_TYPE,C.DATETIME_PRECISION AS DATETIME_PRECISION,C.IS_NULLABLE AS NULLABLE,C.GENERATION_EXPRESSION AS GENERATION_EXPRESSION,C.ORDINAL_POSITION-1 AS COLUMN_POSITION FROM information_schema.TABLES T, information_schema.COLUMNS C WHERE T.TABLE_SCHEMA=C.TABLE_SCHEMA AND T.TABLE_NAME=C.TABLE_NAME AND T.TABLE_SCHEMA='hello' AND T.TABLE_NAME NOT LIKE 'RECYCLE_%' AND T.TABLE_TYPE='BASE TABLE'  ORDER BY C.TABLE_NAME,C.ORDINAL_POSITION ASC

2024-10-24 06:43:36 [INFO] ==> Executing Query SQL: select 1 from `hello`.`jimu_dict` limit 1

2024-10-24 06:43:36 [INFO] ==> Executing Query SQL: select 1 from `hello`.`sys_files` limit 1

2024-10-24 06:43:36 [INFO] ==> Executing Query SQL: select 1 from `hello`.`qrtz_cron_triggers` limit 1

2024-10-24 06:43:36 [INFO] ==> Executing Query SQL: select 1 from `hello`.`sys_fill_rule` limit 1

2024-10-24 06:43:36 [INFO] ==> Executing Query SQL: select 1 from `hello`.`onl_cgform_enhance_sql` limit 1

2024-10-24 06:43:36 [INFO] ==> Executing Query SQL: select 1 from `hello`.`sys_role` limit 1

2024-10-24 06:43:36 [INFO] ==> Executing Query SQL: select 1 from `hello`.`test_order_customer` limit 1

2024-10-24 06:43:36 [INFO] ==> Executing Query SQL: select 1 from `hello`.`s30` limit 1

2024-10-24 06:43:37 [INFO] ==> Executing Query SQL: select 1 from `hello`.`r12` limit 1

2024-10-24 06:43:37 [INFO] ==> Executing Query SQL: select 1 from `hello`.`r14` limit 1

2024-10-24 06:43:37 [INFO] ==> Executing Query SQL: select 1 from `hello`.`r11` limit 1

2024-10-24 06:43:37 [INFO] ==> Executing Query SQL: select 1 from `hello`.`r13` limit 1

2024-10-24 06:43:37 [INFO] ==> Executing Query SQL: select 1 from `hello`.`r16` limit 1

2024-10-24 06:43:37 [INFO] ==> Executing Query SQL: select 1 from `hello`.`test_v3_hello` limit 1

2024-10-24 06:43:37 [INFO] ==> Executing Query SQL: select 1 from `hello`.`r15` limit 1

2024-10-24 06:43:37 [INFO] ==> Executing Query SQL: select 1 from `hello`.`r18` limit 1

2024-10-24 06:43:37 [INFO] ==> Executing Query SQL: select 1 from `hello`.`r17` limit 1

2024-10-24 06:43:37 [INFO] ==> Executing Query SQL: select 1 from `hello`.`r19` limit 1

2024-10-24 06:43:37 [INFO] ==> Executing Query SQL: select 1 from `hello`.`qrtz_blob_triggers` limit 1

2024-10-24 06:43:37 [INFO] ==> Executing Query SQL: select 1 from `hello`.`oss_file` limit 1

2024-10-24 06:43:37 [INFO] ==> Executing Query SQL: select 1 from `hello`.`qrtz_triggers` limit 1

2024-10-24 06:43:37 [INFO] ==> Executing Query SQL: select 1 from `hello`.`test_order_product` limit 1

2024-10-24 06:43:37 [INFO] ==> Executing Query SQL: select 1 from `hello`.`onl_cgform_field` limit 1

2024-10-24 06:43:37 [INFO] ==> Executing Query SQL: select 1 from `hello`.`jimu_report_map` limit 1

2024-10-24 06:43:37 [INFO] ==> Executing Query SQL: select 1 from `hello`.`sys_third_account` limit 1

2024-10-24 06:43:37 [INFO] ==> Executing Query SQL: select 1 from `hello`.`qrtz_simple_triggers` limit 1

2024-10-24 06:43:37 [INFO] ==> Executing Query SQL: select 1 from `hello`.`onl_cgform_button` limit 1

2024-10-24 06:43:37 [INFO] ==> Executing Query SQL: select 1 from `hello`.`r20` limit 1

2024-10-24 06:43:37 [INFO] ==> Executing Query SQL: select 1 from `hello`.`hello77` limit 1

2024-10-24 06:43:37 [INFO] ==> Executing Query SQL: select 1 from `hello`.`sys_user_tenant` limit 1

2024-10-24 06:43:37 [INFO] ==> Executing Query SQL: select 1 from `hello`.`qrtz_locks` limit 1

2024-10-24 06:43:37 [INFO] ==> Executing Query SQL: select 1 from `hello`.`onl_drag_page` limit 1

2024-10-24 06:43:37 [INFO] ==> Executing Query SQL: select 1 from `hello`.`sys_permission_v2` limit 1

2024-10-24 06:43:37 [INFO] ==> Executing Query SQL: select 1 from `hello`.`sys_log1` limit 1

2024-10-24 06:43:37 [INFO] ==> Executing Query SQL: select 1 from `hello`.`sys_log0` limit 1

2024-10-24 06:43:37 [INFO] ==> Executing Query SQL: select 1 from `hello`.`sys_dict_item` limit 1

2024-10-24 06:43:37 [INFO] ==> Executing Query SQL: select 1 from `hello`.`sys_dict` limit 1

2024-10-24 06:43:37 [INFO] ==> Executing Query SQL: select 1 from `hello`.`onl_drag_dataset_param` limit 1

2024-10-24 06:43:37 [INFO] ==> Executing Query SQL: select 1 from `hello`.`sys_depart_role_permission` limit 1

2024-10-24 06:43:37 [INFO] ==> Executing Query SQL: select 1 from `hello`.`ceshi_note` limit 1

2024-10-24 06:43:37 [INFO] ==> Executing Query SQL: select 1 from `hello`.`onl_cgform_index` limit 1

2024-10-24 06:43:37 [INFO] ==> Executing Query SQL: select 1 from `hello`.`sys_quartz_job` limit 1

2024-10-24 06:43:37 [INFO] ==> Executing Query SQL: select 1 from `hello`.`jimu_report_db_field` limit 1

2024-10-24 06:43:37 [INFO] ==> Executing Query SQL: select 1 from `hello`.`jeecg_order_customer` limit 1

2024-10-24 06:43:37 [INFO] ==> Executing Query SQL: select 1 from `hello`.`sys_user` limit 1

2024-10-24 06:43:37 [INFO] ==> Executing Query SQL: select 1 from `hello`.`sys_user_depart_copy1` limit 1

2024-10-24 06:43:37 [INFO] ==> Executing Query SQL: select 1 from `hello`.`qrtz_calendars` limit 1

2024-10-24 06:43:37 [INFO] ==> Executing Query SQL: select 1 from `hello`.`onl_auth_data` limit 1

2024-10-24 06:43:37 [INFO] ==> Executing Query SQL: select 1 from `hello`.`tmp_report_data_income` limit 1

2024-10-24 06:43:37 [INFO] ==> Executing Query SQL: select 1 from `hello`.`qrtz_paused_trigger_grps` limit 1

2024-10-24 06:43:37 [INFO] ==> Executing Query SQL: select 1 from `hello`.`sys_user_role` limit 1

2024-10-24 06:43:37 [INFO] ==> Executing Query SQL: select 1 from `hello`.`sys_data_source` limit 1

2024-10-24 06:43:37 [INFO] ==> Executing Query SQL: select 1 from `hello`.`onl_cgreport_head` limit 1

2024-10-24 06:43:37 [INFO] ==> Executing Query SQL: select 1 from `hello`.`jeecg_monthly_growth_analysis` limit 1

2024-10-24 06:43:37 [INFO] ==> Executing Query SQL: select 1 from `hello`.`jimu_report_db_param` limit 1

2024-10-24 06:43:37 [INFO] ==> Executing Query SQL: select 1 from `hello`.`jeecg_project_nature_income` limit 1

2024-10-24 06:43:37 [INFO] ==> Executing Query SQL: select 1 from `hello`.`test_enhance_select` limit 1

2024-10-24 06:43:37 [INFO] ==> Executing Query SQL: select 1 from `hello`.`sys_category` limit 1

2024-10-24 06:43:37 [INFO] ==> Executing Query SQL: select 1 from `hello`.`qrtz_simprop_triggers` limit 1

2024-10-24 06:43:37 [INFO] ==> Executing Query SQL: select 1 from `hello`.`onl_cgform_enhance_java` limit 1

2024-10-24 06:43:37 [INFO] ==> Executing Query SQL: select 1 from `hello`.`sys_position` limit 1

2024-10-24 06:43:37 [INFO] ==> Executing Query SQL: select 1 from `hello`.`onl_auth_page` limit 1

2024-10-24 06:43:37 [INFO] ==> Executing Query SQL: select 1 from `hello`.`joa_demo` limit 1

2024-10-24 06:43:37 [INFO] ==> Executing Query SQL: select 1 from `hello`.`sys_comment` limit 1

2024-10-24 06:43:37 [INFO] ==> Executing Query SQL: select 1 from `hello`.`sys_sms` limit 1

2024-10-24 06:43:37 [INFO] ==> Executing Query SQL: select 1 from `hello`.`sys_form_file` limit 1

2024-10-24 06:43:37 [INFO] ==> Executing Query SQL: select 1 from `hello`.`sys_data_log` limit 1

2024-10-24 06:43:37 [INFO] ==> Executing Query SQL: select 1 from `hello`.`sys_tenant_pack_perms` limit 1

2024-10-24 06:43:37 [INFO] ==> Executing Query SQL: select 1 from `hello`.`jeecg_order_ticket` limit 1

2024-10-24 06:43:37 [INFO] ==> Executing Query SQL: select 1 from `hello`.`sys_depart_role_user` limit 1

2024-10-24 06:43:37 [INFO] ==> Executing Query SQL: select 1 from `hello`.`hello2` limit 1

2024-10-24 06:43:37 [INFO] ==> Executing Query SQL: select 1 from `hello`.`sys_sms_template` limit 1

2024-10-24 06:43:37 [INFO] ==> Executing Query SQL: select 1 from `hello`.`onl_drag_dataset_item` limit 1

2024-10-24 06:43:37 [INFO] ==> Executing Query SQL: select 1 from `hello`.`rep_demo_jianpiao` limit 1

2024-10-24 06:43:37 [INFO] ==> Executing Query SQL: select 1 from `hello`.`jimu_dict_item` limit 1

2024-10-24 06:43:37 [INFO] ==> Executing Query SQL: select 1 from `hello`.`onl_drag_comp` limit 1

2024-10-24 06:43:37 [INFO] ==> Executing Query SQL: select 1 from `hello`.`sys_depart_permission` limit 1

2024-10-24 06:43:37 [INFO] ==> Executing Query SQL: select 1 from `hello`.`onl_cgreport_item` limit 1

2024-10-24 06:43:37 [INFO] ==> Executing Query SQL: select 1 from `hello`.`sys_announcement` limit 1

2024-10-24 06:43:37 [INFO] ==> Executing Query SQL: select 1 from `hello`.`sys_user_depart` limit 1

2024-10-24 06:43:37 [INFO] ==> Executing Query SQL: select 1 from `hello`.`x1` limit 1

2024-10-24 06:43:37 [INFO] ==> Executing Query SQL: select 1 from `hello`.`onl_auth_relation` limit 1

2024-10-24 06:43:37 [INFO] ==> Executing Query SQL: select 1 from `hello`.`x2` limit 1

2024-10-24 06:43:37 [INFO] ==> Executing Query SQL: select 1 from `hello`.`task_date` limit 1

2024-10-24 06:43:37 [INFO] ==> Executing Query SQL: select 1 from `hello`.`onl_cgform_head` limit 1

2024-10-24 06:43:37 [INFO] ==> Executing Query SQL: select 1 from `hello`.`jimu_report_db` limit 1

2024-10-24 06:43:37 [INFO] ==> Executing Query SQL: select 1 from `hello`.`onl_drag_page_comp` limit 1

2024-10-24 06:43:37 [INFO] ==> Executing Query SQL: select 1 from `hello`.`onl_cgform_enhance_js` limit 1

2024-10-24 06:43:37 [INFO] ==> Executing Query SQL: select 1 from `hello`.`sys_permission_data_rule` limit 1

2024-10-24 06:43:37 [INFO] ==> Executing Query SQL: select 1 from `hello`.`tmp_report_data_1` limit 1

2024-10-24 06:43:37 [INFO] ==> Executing Query SQL: select 1 from `hello`.`test_shoptype_tree` limit 1

2024-10-24 06:43:37 [INFO] ==> Executing Query SQL: select 1 from `hello`.`sys_depart_role` limit 1

2024-10-24 06:43:37 [INFO] ==> Executing Query SQL: select 1 from `hello`.`sys_announcement_send` limit 1

2024-10-24 06:43:37 [INFO] ==> Executing Query SQL: select 1 from `hello`.`sys_user_agent` limit 1

2024-10-24 06:43:37 [INFO] ==> Executing Query SQL: select 1 from `hello`.`sys_tenant_pack` limit 1

2024-10-24 06:43:37 [INFO] ==> Executing Query SQL: select 1 from `hello`.`demo` limit 1

2024-10-24 06:43:37 [INFO] ==> Executing Query SQL: select 1 from `hello`.`demo_field_def_val_main` limit 1

2024-10-24 06:43:37 [INFO] ==> Executing Query SQL: select 1 from `hello`.`sys_check_rule` limit 1

2024-10-24 06:43:37 [INFO] ==> Executing Query SQL: select 1 from `hello`.`test_demo` limit 1

2024-10-24 06:43:37 [INFO] ==> Executing Query SQL: select 1 from `hello`.`jimu_report` limit 1

2024-10-24 06:43:37 [INFO] ==> Executing Query SQL: select 1 from `hello`.`sys_gateway_route` limit 1

2024-10-24 06:43:37 [INFO] ==> Executing Query SQL: select 1 from `hello`.`test_note` limit 1

2024-10-24 06:43:37 [INFO] ==> Executing Query SQL: select 1 from `hello`.`onl_cgreport_param` limit 1

2024-10-24 06:43:37 [INFO] ==> Executing Query SQL: select 1 from `hello`.`qrtz_scheduler_state` limit 1

2024-10-24 06:43:37 [INFO] ==> Executing Query SQL: select 1 from `hello`.`jimu_report_share` limit 1

2024-10-24 06:43:37 [INFO] ==> Executing Query SQL: select 1 from `hello`.`sys_permission` limit 1

2024-10-24 06:43:37 [INFO] ==> Executing Query SQL: select 1 from `hello`.`jimu_report_link` limit 1

2024-10-24 06:43:37 [INFO] ==> Executing Query SQL: select 1 from `hello`.`sys_role_permission` limit 1

2024-10-24 06:43:37 [INFO] ==> Executing Query SQL: select 1 from `hello`.`rep_demo_employee` limit 1

2024-10-24 06:43:37 [INFO] ==> Executing Query SQL: select 1 from `hello`.`onl_drag_dataset_head` limit 1

2024-10-24 06:43:37 [INFO] ==> Executing Query SQL: select 1 from `hello`.`sys_log` limit 1

2024-10-24 06:43:37 [INFO] ==> Executing Query SQL: select 1 from `hello`.`jimu_report_data_source` limit 1

2024-10-24 06:43:37 [INFO] ==> Executing Query SQL: select 1 from `hello`.`test_order_main` limit 1

2024-10-24 06:43:37 [INFO] ==> Executing Query SQL: select 1 from `hello`.`helloci` limit 1

2024-10-24 06:43:37 [INFO] ==> Executing Query SQL: select 1 from `hello`.`rep_demo_dxtj` limit 1

2024-10-24 06:43:37 [INFO] ==> Executing Query SQL: select 1 from `hello`.`demo_field_def_val_sub` limit 1

2024-10-24 06:43:37 [INFO] ==> Executing Query SQL: select 1 from `hello`.`qrtz_job_details` limit 1

2024-10-24 06:43:37 [INFO] ==> Executing Query SQL: select 1 from `hello`.`sys_depart` limit 1

2024-10-24 06:43:37 [INFO] ==> Executing Query SQL: select 1 from `hello`.`jeecg_order_main` limit 1

2024-10-24 06:43:37 [INFO] ==> Executing Query SQL: select 1 from `hello`.`qrtz_fired_triggers` limit 1

2024-10-24 06:43:37 [INFO] ==> Executing Query SQL: select 1 from `hello`.`sys_role_index` limit 1

2024-10-24 06:43:37 [INFO] ==> Executing Query SQL: select 1 from `hello`.`rep_demo_gongsi` limit 1

2024-10-24 06:43:37 [INFO] ==> Executing Query SQL: select 1 from `hello`.`sys_tenant` limit 1

2024-10-24 06:43:37 [INFO] ==> Executing Query SQL: select 1 from `hello`.`sys_tenant_pack_user` limit 1

2024-10-24 06:43:37 [INFO] ==> Executing Query SQL: show create TABLE `jimu_dict`

2024-10-24 06:43:37 [INFO] ==> Executing Query SQL: show create TABLE `sys_files`

2024-10-24 06:43:37 [INFO] ==> Executing Query SQL: show create TABLE `qrtz_cron_triggers`

2024-10-24 06:43:37 [INFO] ==> Executing Query SQL: show create TABLE `onl_cgform_enhance_sql`

2024-10-24 06:43:37 [INFO] ==> Executing Query SQL: show create TABLE `sys_role`

2024-10-24 06:43:37 [INFO] ==> Executing Query SQL: show create TABLE `test_order_customer`

2024-10-24 06:43:37 [INFO] ==> Executing Query SQL: show create TABLE `s30`

2024-10-24 06:43:37 [INFO] ==> Executing Query SQL: show create TABLE `sys_fill_rule`

2024-10-24 06:43:38 [INFO] ==> Executing Query SQL: show create TABLE `r11`

2024-10-24 06:43:38 [INFO] ==> Executing Query SQL: show create TABLE `r14`

2024-10-24 06:43:38 [INFO] ==> Executing Query SQL: show create TABLE `r12`

2024-10-24 06:43:38 [INFO] ==> Executing Query SQL: show create TABLE `r15`

2024-10-24 06:43:38 [INFO] ==> Executing Query SQL: show create TABLE `test_v3_hello`

2024-10-24 06:43:38 [INFO] ==> Executing Query SQL: show create TABLE `r16`

2024-10-24 06:43:38 [INFO] ==> Executing Query SQL: show create TABLE `r13`

2024-10-24 06:43:38 [INFO] ==> Executing Query SQL: show create TABLE `ceshi_note`

2024-10-24 06:43:38 [INFO] ==> Executing Query SQL: show create TABLE `r18`

2024-10-24 06:43:38 [INFO] ==> Executing Query SQL: show create TABLE `sys_user_depart_copy1`

2024-10-24 06:43:38 [INFO] ==> Executing Query SQL: show create TABLE `r17`

2024-10-24 06:43:38 [INFO] ==> Executing Query SQL: show create TABLE `sys_user`

2024-10-24 06:43:38 [INFO] ==> Executing Query SQL: show create TABLE `oss_file`

2024-10-24 06:43:38 [INFO] ==> Executing Query SQL: show create TABLE `qrtz_blob_triggers`

2024-10-24 06:43:38 [INFO] ==> Executing Query SQL: show create TABLE `jimu_report_map`

2024-10-24 06:43:38 [INFO] ==> Executing Query SQL: show create TABLE `onl_cgform_field`

2024-10-24 06:43:38 [INFO] ==> Executing Query SQL: show create TABLE `qrtz_paused_trigger_grps`

2024-10-24 06:43:38 [INFO] ==> Executing Query SQL: show create TABLE `qrtz_calendars`

2024-10-24 06:43:38 [INFO] ==> Executing Query SQL: show create TABLE `qrtz_simple_triggers`

2024-10-24 06:43:38 [INFO] ==> Executing Query SQL: show create TABLE `r20`

2024-10-24 06:43:38 [INFO] ==> Executing Query SQL: show create TABLE `hello77`

2024-10-24 06:43:38 [INFO] ==> Executing Query SQL: show create TABLE `sys_user_tenant`

2024-10-24 06:43:38 [INFO] ==> Executing Query SQL: show create TABLE `jeecg_project_nature_income`

2024-10-24 06:43:38 [INFO] ==> Executing Query SQL: show create TABLE `qrtz_locks`

2024-10-24 06:43:38 [INFO] ==> Executing Query SQL: show create TABLE `onl_drag_page`

2024-10-24 06:43:38 [INFO] ==> Executing Query SQL: show create TABLE `test_enhance_select`

2024-10-24 06:43:38 [INFO] ==> Executing Query SQL: show create TABLE `sys_category`

2024-10-24 06:43:38 [INFO] ==> Executing Query SQL: show create TABLE `sys_log0`

2024-10-24 06:43:38 [INFO] ==> Executing Query SQL: show create TABLE `sys_dict`

2024-10-24 06:43:38 [INFO] ==> Executing Query SQL: show create TABLE `onl_auth_page`

2024-10-24 06:43:38 [INFO] ==> Executing Query SQL: show create TABLE `onl_cgform_index`

2024-10-24 06:43:38 [INFO] ==> Executing Query SQL: show create TABLE `onl_drag_dataset_param`

2024-10-24 06:43:38 [INFO] ==> Executing Query SQL: show create TABLE `sys_depart_role_permission`

2024-10-24 06:43:38 [INFO] ==> Executing Query SQL: show create TABLE `sys_quartz_job`

2024-10-24 06:43:38 [INFO] ==> Executing Query SQL: show create TABLE `jeecg_order_customer`

2024-10-24 06:43:38 [INFO] ==> Executing Query SQL: show create TABLE `jimu_report_db_field`

2024-10-24 06:43:38 [INFO] ==> Executing Query SQL: show create TABLE `qrtz_triggers`

2024-10-24 06:43:38 [INFO] ==> Executing Query SQL: show create TABLE `test_order_product`

2024-10-24 06:43:38 [INFO] ==> Executing Query SQL: show create TABLE `sys_third_account`

2024-10-24 06:43:38 [INFO] ==> Executing Query SQL: show create TABLE `tmp_report_data_income`

2024-10-24 06:43:38 [INFO] ==> Executing Query SQL: show create TABLE `jimu_dict_item`

2024-10-24 06:43:38 [INFO] ==> Executing Query SQL: show create TABLE `onl_auth_data`

2024-10-24 06:43:38 [INFO] ==> Executing Query SQL: show create TABLE `onl_cgform_button`

2024-10-24 06:43:38 [INFO] ==> Executing Query SQL: show create TABLE `rep_demo_jianpiao`

2024-10-24 06:43:38 [INFO] ==> Executing Query SQL: show create TABLE `onl_cgreport_head`

2024-10-24 06:43:38 [INFO] ==> Executing Query SQL: show create TABLE `sys_log1`

2024-10-24 06:43:38 [INFO] ==> Executing Query SQL: show create TABLE `sys_permission_v2`

2024-10-24 06:43:38 [INFO] ==> Executing Query SQL: show create TABLE `jeecg_monthly_growth_analysis`

2024-10-24 06:43:38 [INFO] ==> Executing Query SQL: show create TABLE `jimu_report_db_param`

2024-10-24 06:43:38 [INFO] ==> Executing Query SQL: show create TABLE `qrtz_simprop_triggers`

2024-10-24 06:43:38 [INFO] ==> Executing Query SQL: show create TABLE `sys_dict_item`

2024-10-24 06:43:38 [INFO] ==> Executing Query SQL: show create TABLE `onl_cgform_enhance_java`

2024-10-24 06:43:38 [INFO] ==> Executing Query SQL: show create TABLE `sys_position`

2024-10-24 06:43:38 [INFO] ==> Executing Query SQL: show create TABLE `r19`

2024-10-24 06:43:38 [INFO] ==> Executing Query SQL: show create TABLE `joa_demo`

2024-10-24 06:43:38 [INFO] ==> Executing Query SQL: show create TABLE `sys_comment`

2024-10-24 06:43:38 [INFO] ==> Executing Query SQL: show create TABLE `sys_form_file`

2024-10-24 06:43:38 [INFO] ==> Executing Query SQL: show create TABLE `sys_sms`

2024-10-24 06:43:38 [INFO] ==> Executing Query SQL: show create TABLE `sys_data_log`

2024-10-24 06:43:38 [INFO] ==> Executing Query SQL: show create TABLE `jeecg_order_ticket`

2024-10-24 06:43:38 [INFO] ==> Executing Query SQL: show create TABLE `sys_tenant_pack_perms`

2024-10-24 06:43:38 [INFO] ==> Executing Query SQL: show create TABLE `sys_depart_role_user`

2024-10-24 06:43:38 [INFO] ==> Executing Query SQL: show create TABLE `sys_depart_role`

2024-10-24 06:43:38 [INFO] ==> Executing Query SQL: show create TABLE `onl_drag_dataset_item`

2024-10-24 06:43:38 [INFO] ==> Executing Query SQL: show create TABLE `hello2`

2024-10-24 06:43:38 [INFO] ==> Executing Query SQL: show create TABLE `sys_user_role`

2024-10-24 06:43:38 [INFO] ==> Executing Query SQL: show create TABLE `sys_data_source`

2024-10-24 06:43:38 [INFO] ==> Executing Query SQL: show create TABLE `onl_drag_comp`

2024-10-24 06:43:38 [INFO] ==> Executing Query SQL: show create TABLE `demo`

2024-10-24 06:43:38 [INFO] ==> Executing Query SQL: show create TABLE `onl_cgreport_item`

2024-10-24 06:43:38 [INFO] ==> Executing Query SQL: show create TABLE `sys_announcement`

2024-10-24 06:43:38 [INFO] ==> Executing Query SQL: show create TABLE `sys_user_depart`

2024-10-24 06:43:38 [INFO] ==> Executing Query SQL: show create TABLE `onl_auth_relation`

2024-10-24 06:43:38 [INFO] ==> Executing Query SQL: show create TABLE `x1`

2024-10-24 06:43:38 [INFO] ==> Executing Query SQL: show create TABLE `x2`

2024-10-24 06:43:38 [INFO] ==> Executing Query SQL: show create TABLE `sys_log`

2024-10-24 06:43:38 [INFO] ==> Executing Query SQL: show create TABLE `onl_cgform_head`

2024-10-24 06:43:38 [INFO] ==> Executing Query SQL: show create TABLE `jimu_report_db`

2024-10-24 06:43:38 [INFO] ==> Executing Query SQL: show create TABLE `onl_cgform_enhance_js`

2024-10-24 06:43:38 [INFO] ==> Executing Query SQL: show create TABLE `helloci`

2024-10-24 06:43:38 [INFO] ==> Executing Query SQL: show create TABLE `sys_permission_data_rule`

2024-10-24 06:43:38 [INFO] ==> Executing Query SQL: show create TABLE `task_date`

2024-10-24 06:43:38 [INFO] ==> Executing Query SQL: show create TABLE `sys_announcement_send`

2024-10-24 06:43:38 [INFO] ==> Executing Query SQL: show create TABLE `test_shoptype_tree`

2024-10-24 06:43:38 [INFO] ==> Executing Query SQL: show create TABLE `sys_sms_template`

2024-10-24 06:43:38 [INFO] ==> Executing Query SQL: show create TABLE `sys_user_agent`

2024-10-24 06:43:38 [INFO] ==> Executing Query SQL: show create TABLE `sys_tenant_pack`

2024-10-24 06:43:38 [INFO] ==> Executing Query SQL: show create TABLE `sys_depart_permission`

2024-10-24 06:43:38 [INFO] ==> Executing Query SQL: show create TABLE `demo_field_def_val_main`

2024-10-24 06:43:38 [INFO] ==> Executing Query SQL: show create TABLE `sys_depart`

2024-10-24 06:43:38 [INFO] ==> Executing Query SQL: show create TABLE `sys_check_rule`

2024-10-24 06:43:39 [INFO] ==> Executing Query SQL: show create TABLE `qrtz_fired_triggers`

2024-10-24 06:43:39 [INFO] ==> Executing Query SQL: show create TABLE `sys_gateway_route`

2024-10-24 06:43:39 [INFO] ==> Executing Query SQL: show create TABLE `jimu_report`

2024-10-24 06:43:39 [INFO] ==> Executing Query SQL: show create TABLE `onl_cgreport_param`

2024-10-24 06:43:39 [INFO] ==> Executing Query SQL: show create TABLE `qrtz_scheduler_state`

2024-10-24 06:43:39 [INFO] ==> Executing Query SQL: show create TABLE `jimu_report_share`

2024-10-24 06:43:39 [INFO] ==> Executing Query SQL: show create TABLE `sys_permission`

2024-10-24 06:43:39 [INFO] ==> Executing Query SQL: show create TABLE `jimu_report_link`

2024-10-24 06:43:39 [INFO] ==> Executing Query SQL: show create TABLE `tmp_report_data_1`

2024-10-24 06:43:39 [INFO] ==> Executing Query SQL: show create TABLE `sys_role_permission`

2024-10-24 06:43:39 [INFO] ==> Executing Query SQL: show create TABLE `rep_demo_employee`

2024-10-24 06:43:39 [INFO] ==> Executing Query SQL: show create TABLE `onl_drag_dataset_head`

2024-10-24 06:43:39 [INFO] ==> Executing Query SQL: show create TABLE `jimu_report_data_source`

2024-10-24 06:43:39 [INFO] ==> Executing Query SQL: show create TABLE `onl_drag_page_comp`

2024-10-24 06:43:39 [INFO] ==> Executing Query SQL: show create TABLE `test_order_main`

2024-10-24 06:43:39 [INFO] ==> Executing Query SQL: show create TABLE `rep_demo_dxtj`

2024-10-24 06:43:39 [INFO] ==> Executing Query SQL: show create TABLE `demo_field_def_val_sub`

2024-10-24 06:43:39 [INFO] ==> Executing Query SQL: show create TABLE `test_demo`

2024-10-24 06:43:39 [INFO] ==> Executing Query SQL: show create TABLE `qrtz_job_details`

2024-10-24 06:43:39 [INFO] ==> Executing Query SQL: show create TABLE `jeecg_order_main`

2024-10-24 06:43:39 [INFO] ==> Executing Query SQL: show create TABLE `test_note`

2024-10-24 06:43:39 [INFO] ==> Executing Query SQL: show create TABLE `rep_demo_gongsi`

2024-10-24 06:43:39 [INFO] ==> Executing Query SQL: show create TABLE `sys_role_index`

2024-10-24 06:43:39 [INFO] ==> Executing Query SQL: show create TABLE `sys_tenant_pack_user`

2024-10-24 06:43:39 [INFO] ==> Executing Query SQL: show create TABLE `sys_tenant`

2024-10-24 06:43:40 [INFO] ==> Executing Query SQL: select svr_ip,sql_port,table_id,table_type,role,part_num,replica_num,schema_version,spare1 from oceanbase.__all_virtual_proxy_schema where tenant_name = ? and database_name = ? and table_name = ? and TABLET_ID = 0 order by role asc

2024-10-24 06:43:40 [INFO] ==> Executing Query SQL: select svr_ip,sql_port,table_id,table_type,role,part_num,replica_num,schema_version,spare1 from oceanbase.__all_virtual_proxy_schema where tenant_name = ? and database_name = ? and table_name = ? and TABLET_ID = 0 order by role asc

2024-10-24 06:43:40 [INFO] ==> Executing Query SQL: select svr_ip,sql_port,table_id,table_type,role,part_num,replica_num,schema_version,spare1 from oceanbase.__all_virtual_proxy_schema where tenant_name = ? and database_name = ? and table_name = ? and TABLET_ID = 0 order by role asc

2024-10-24 06:43:40 [INFO] ==> Executing Query SQL: select svr_ip,sql_port,table_id,table_type,role,part_num,replica_num,schema_version,spare1 from oceanbase.__all_virtual_proxy_schema where tenant_name = ? and database_name = ? and table_name = ? and TABLET_ID = 0 order by role asc

2024-10-24 06:43:40 [INFO] ==> Executing Query SQL: select svr_ip,sql_port,table_id,table_type,role,part_num,replica_num,schema_version,spare1 from oceanbase.__all_virtual_proxy_schema where tenant_name = ? and database_name = ? and table_name = ? and TABLET_ID = 0 order by role asc

2024-10-24 06:43:40 [INFO] ==> Executing Query SQL: select svr_ip,sql_port,table_id,table_type,role,part_num,replica_num,schema_version,spare1 from oceanbase.__all_virtual_proxy_schema where tenant_name = ? and database_name = ? and table_name = ? and TABLET_ID = 0 order by role asc

2024-10-24 06:43:40 [INFO] ==> Executing Query SQL: select svr_ip,sql_port,table_id,table_type,role,part_num,replica_num,schema_version,spare1 from oceanbase.__all_virtual_proxy_schema where tenant_name = ? and database_name = ? and table_name = ? and TABLET_ID = 0 order by role asc

2024-10-24 06:43:40 [INFO] ==> Executing Query SQL: select svr_ip,sql_port,table_id,table_type,role,part_num,replica_num,schema_version,spare1 from oceanbase.__all_virtual_proxy_schema where tenant_name = ? and database_name = ? and table_name = ? and TABLET_ID = 0 order by role asc

2024-10-24 06:43:40 [INFO] ==> Executing Query SQL: select svr_ip,sql_port,table_id,table_type,role,part_num,replica_num,schema_version,spare1 from oceanbase.__all_virtual_proxy_schema where tenant_name = ? and database_name = ? and table_name = ? and TABLET_ID = 0 order by role asc

2024-10-24 06:43:40 [INFO] ==> Executing Query SQL: select svr_ip,sql_port,table_id,table_type,role,part_num,replica_num,schema_version,spare1 from oceanbase.__all_virtual_proxy_schema where tenant_name = ? and database_name = ? and table_name = ? and TABLET_ID = 0 order by role asc

2024-10-24 06:43:40 [INFO] ==> Executing Query SQL: select svr_ip,sql_port,table_id,table_type,role,part_num,replica_num,schema_version,spare1 from oceanbase.__all_virtual_proxy_schema where tenant_name = ? and database_name = ? and table_name = ? and TABLET_ID = 0 order by role asc

2024-10-24 06:43:40 [INFO] ==> Executing Query SQL: select svr_ip,sql_port,table_id,table_type,role,part_num,replica_num,schema_version,spare1 from oceanbase.__all_virtual_proxy_schema where tenant_name = ? and database_name = ? and table_name = ? and TABLET_ID = 0 order by role asc

2024-10-24 06:43:40 [INFO] ==> Executing Query SQL: select svr_ip,sql_port,table_id,table_type,role,part_num,replica_num,schema_version,spare1 from oceanbase.__all_virtual_proxy_schema where tenant_name = ? and database_name = ? and table_name = ? and TABLET_ID = 0 order by role asc

2024-10-24 06:43:40 [INFO] ==> Executing Query SQL: select svr_ip,sql_port,table_id,table_type,role,part_num,replica_num,schema_version,spare1 from oceanbase.__all_virtual_proxy_schema where tenant_name = ? and database_name = ? and table_name = ? and TABLET_ID = 0 order by role asc

2024-10-24 06:43:40 [INFO] ==> Executing Query SQL: select svr_ip,sql_port,table_id,table_type,role,part_num,replica_num,schema_version,spare1 from oceanbase.__all_virtual_proxy_schema where tenant_name = ? and database_name = ? and table_name = ? and TABLET_ID = 0 order by role asc

2024-10-24 06:43:40 [INFO] ==> Executing Query SQL: select svr_ip,sql_port,table_id,table_type,role,part_num,replica_num,schema_version,spare1 from oceanbase.__all_virtual_proxy_schema where tenant_name = ? and database_name = ? and table_name = ? and TABLET_ID = 0 order by role asc

2024-10-24 06:43:40 [INFO] ==> Executing Query SQL: select svr_ip,sql_port,table_id,table_type,role,part_num,replica_num,schema_version,spare1 from oceanbase.__all_virtual_proxy_schema where tenant_name = ? and database_name = ? and table_name = ? and TABLET_ID = 0 order by role asc

2024-10-24 06:43:40 [INFO] ==> Executing Query SQL: select svr_ip,sql_port,table_id,table_type,role,part_num,replica_num,schema_version,spare1 from oceanbase.__all_virtual_proxy_schema where tenant_name = ? and database_name = ? and table_name = ? and TABLET_ID = 0 order by role asc

2024-10-24 06:43:40 [INFO] ==> Executing Query SQL: select svr_ip,sql_port,table_id,table_type,role,part_num,replica_num,schema_version,spare1 from oceanbase.__all_virtual_proxy_schema where tenant_name = ? and database_name = ? and table_name = ? and TABLET_ID = 0 order by role asc

2024-10-24 06:43:40 [INFO] ==> Executing Query SQL: select svr_ip,sql_port,table_id,table_type,role,part_num,replica_num,schema_version,spare1 from oceanbase.__all_virtual_proxy_schema where tenant_name = ? and database_name = ? and table_name = ? and TABLET_ID = 0 order by role asc

2024-10-24 06:43:40 [INFO] ==> Executing Query SQL: select svr_ip,sql_port,table_id,table_type,role,part_num,replica_num,schema_version,spare1 from oceanbase.__all_virtual_proxy_schema where tenant_name = ? and database_name = ? and table_name = ? and TABLET_ID = 0 order by role asc

2024-10-24 06:43:40 [INFO] ==> Executing Query SQL: select svr_ip,sql_port,table_id,table_type,role,part_num,replica_num,schema_version,spare1 from oceanbase.__all_virtual_proxy_schema where tenant_name = ? and database_name = ? and table_name = ? and TABLET_ID = 0 order by role asc

2024-10-24 06:43:40 [INFO] ==> Executing Query SQL: select svr_ip,sql_port,table_id,table_type,role,part_num,replica_num,schema_version,spare1 from oceanbase.__all_virtual_proxy_schema where tenant_name = ? and database_name = ? and table_name = ? and TABLET_ID = 0 order by role asc

2024-10-24 06:43:40 [INFO] ==> Executing Query SQL: select svr_ip,sql_port,table_id,table_type,role,part_num,replica_num,schema_version,spare1 from oceanbase.__all_virtual_proxy_schema where tenant_name = ? and database_name = ? and table_name = ? and TABLET_ID = 0 order by role asc

2024-10-24 06:43:40 [INFO] ==> Executing Query SQL: select svr_ip,sql_port,table_id,table_type,role,part_num,replica_num,schema_version,spare1 from oceanbase.__all_virtual_proxy_schema where tenant_name = ? and database_name = ? and table_name = ? and TABLET_ID = 0 order by role asc

2024-10-24 06:43:40 [INFO] ==> Executing Query SQL: select svr_ip,sql_port,table_id,table_type,role,part_num,replica_num,schema_version,spare1 from oceanbase.__all_virtual_proxy_schema where tenant_name = ? and database_name = ? and table_name = ? and TABLET_ID = 0 order by role asc

2024-10-24 06:43:40 [INFO] ==> Executing Query SQL: select svr_ip,sql_port,table_id,table_type,role,part_num,replica_num,schema_version,spare1 from oceanbase.__all_virtual_proxy_schema where tenant_name = ? and database_name = ? and table_name = ? and TABLET_ID = 0 order by role asc

2024-10-24 06:43:40 [INFO] ==> Executing Query SQL: select svr_ip,sql_port,table_id,table_type,role,part_num,replica_num,schema_version,spare1 from oceanbase.__all_virtual_proxy_schema where tenant_name = ? and database_name = ? and table_name = ? and TABLET_ID = 0 order by role asc

2024-10-24 06:43:40 [INFO] ==> Executing Query SQL: select svr_ip,sql_port,table_id,table_type,role,part_num,replica_num,schema_version,spare1 from oceanbase.__all_virtual_proxy_schema where tenant_name = ? and database_name = ? and table_name = ? and TABLET_ID = 0 order by role asc

2024-10-24 06:43:40 [INFO] ==> Executing Query SQL: select svr_ip,sql_port,table_id,table_type,role,part_num,replica_num,schema_version,spare1 from oceanbase.__all_virtual_proxy_schema where tenant_name = ? and database_name = ? and table_name = ? and TABLET_ID = 0 order by role asc

2024-10-24 06:43:40 [INFO] ==> Executing Query SQL: select svr_ip,sql_port,table_id,table_type,role,part_num,replica_num,schema_version,spare1 from oceanbase.__all_virtual_proxy_schema where tenant_name = ? and database_name = ? and table_name = ? and TABLET_ID = 0 order by role asc

2024-10-24 06:43:40 [INFO] ==> Executing Query SQL: select svr_ip,sql_port,table_id,table_type,role,part_num,replica_num,schema_version,spare1 from oceanbase.__all_virtual_proxy_schema where tenant_name = ? and database_name = ? and table_name = ? and TABLET_ID = 0 order by role asc

2024-10-24 06:43:40 [INFO] ==> Executing Query SQL: select column_name from information_schema.STATISTICS where table_schema=? and table_name=? and index_name='PRIMARY' order by SEQ_IN_INDEX asc

2024-10-24 06:43:40 [INFO] ==> Executing Query SQL: select column_name from information_schema.STATISTICS where table_schema=? and table_name=? and index_name='PRIMARY' order by SEQ_IN_INDEX asc

2024-10-24 06:43:40 [INFO] ==> Executing Query SQL: select column_name from information_schema.STATISTICS where table_schema=? and table_name=? and index_name='PRIMARY' order by SEQ_IN_INDEX asc

2024-10-24 06:43:40 [INFO] ==> Executing Query SQL: select column_name from information_schema.STATISTICS where table_schema=? and table_name=? and index_name='PRIMARY' order by SEQ_IN_INDEX asc

2024-10-24 06:43:40 [INFO] ==> Executing Query SQL: select column_name from information_schema.STATISTICS where table_schema=? and table_name=? and index_name='PRIMARY' order by SEQ_IN_INDEX asc

2024-10-24 06:43:40 [INFO] ==> Executing Query SQL: select column_name from information_schema.STATISTICS where table_schema=? and table_name=? and index_name='PRIMARY' order by SEQ_IN_INDEX asc

2024-10-24 06:43:40 [INFO] ==> Executing Query SQL: select column_name from information_schema.STATISTICS where table_schema=? and table_name=? and index_name='PRIMARY' order by SEQ_IN_INDEX asc

2024-10-24 06:43:40 [INFO] ==> Executing Query SQL: select column_name from information_schema.STATISTICS where table_schema=? and table_name=? and index_name='PRIMARY' order by SEQ_IN_INDEX asc

2024-10-24 06:43:40 [INFO] ==> Executing Query SQL: select column_name from information_schema.STATISTICS where table_schema=? and table_name=? and index_name='PRIMARY' order by SEQ_IN_INDEX asc

2024-10-24 06:43:40 [INFO] ==> Executing Query SQL: select column_name from information_schema.STATISTICS where table_schema=? and table_name=? and index_name='PRIMARY' order by SEQ_IN_INDEX asc

2024-10-24 06:43:40 [INFO] ==> Executing Query SQL: select column_name from information_schema.STATISTICS where table_schema=? and table_name=? and index_name='PRIMARY' order by SEQ_IN_INDEX asc

2024-10-24 06:43:40 [INFO] ==> Executing Query SQL: select column_name from information_schema.STATISTICS where table_schema=? and table_name=? and index_name='PRIMARY' order by SEQ_IN_INDEX asc

2024-10-24 06:43:40 [INFO] ==> Executing Query SQL: select column_name from information_schema.STATISTICS where table_schema=? and table_name=? and index_name='PRIMARY' order by SEQ_IN_INDEX asc

2024-10-24 06:43:40 [INFO] ==> Executing Query SQL: select column_name from information_schema.STATISTICS where table_schema=? and table_name=? and index_name='PRIMARY' order by SEQ_IN_INDEX asc

2024-10-24 06:43:40 [INFO] ==> Executing Query SQL: select column_name from information_schema.STATISTICS where table_schema=? and table_name=? and index_name='PRIMARY' order by SEQ_IN_INDEX asc

2024-10-24 06:43:40 [INFO] ==> Executing Query SQL: select column_name from information_schema.STATISTICS where table_schema=? and table_name=? and index_name='PRIMARY' order by SEQ_IN_INDEX asc

2024-10-24 06:43:40 [INFO] ==> Executing Query SQL: select column_name from information_schema.STATISTICS where table_schema=? and table_name=? and index_name='PRIMARY' order by SEQ_IN_INDEX asc

2024-10-24 06:43:40 [INFO] ==> Executing Query SQL: select column_name from information_schema.STATISTICS where table_schema=? and table_name=? and index_name='PRIMARY' order by SEQ_IN_INDEX asc

2024-10-24 06:43:40 [INFO] ==> Executing Query SQL: select column_name from information_schema.STATISTICS where table_schema=? and table_name=? and index_name='PRIMARY' order by SEQ_IN_INDEX asc

2024-10-24 06:43:40 [INFO] ==> Executing Query SQL: select column_name from information_schema.STATISTICS where table_schema=? and table_name=? and index_name='PRIMARY' order by SEQ_IN_INDEX asc

2024-10-24 06:43:40 [INFO] ==> Executing Query SQL: select column_name from information_schema.STATISTICS where table_schema=? and table_name=? and index_name='PRIMARY' order by SEQ_IN_INDEX asc

2024-10-24 06:43:40 [INFO] ==> Executing Query SQL: select column_name from information_schema.STATISTICS where table_schema=? and table_name=? and index_name='PRIMARY' order by SEQ_IN_INDEX asc

2024-10-24 06:43:40 [INFO] ==> Executing Query SQL: select column_name from information_schema.STATISTICS where table_schema=? and table_name=? and index_name='PRIMARY' order by SEQ_IN_INDEX asc

2024-10-24 06:43:40 [INFO] ==> Executing Query SQL: select column_name from information_schema.STATISTICS where table_schema=? and table_name=? and index_name='PRIMARY' order by SEQ_IN_INDEX asc

2024-10-24 06:43:40 [INFO] ==> Executing Query SQL: select column_name from information_schema.STATISTICS where table_schema=? and table_name=? and index_name='PRIMARY' order by SEQ_IN_INDEX asc

2024-10-24 06:43:40 [INFO] ==> Executing Query SQL: select column_name from information_schema.STATISTICS where table_schema=? and table_name=? and index_name='PRIMARY' order by SEQ_IN_INDEX asc

2024-10-24 06:43:40 [INFO] ==> Executing Query SQL: select column_name from information_schema.STATISTICS where table_schema=? and table_name=? and index_name='PRIMARY' order by SEQ_IN_INDEX asc

2024-10-24 06:43:40 [INFO] ==> Executing Query SQL: select column_name from information_schema.STATISTICS where table_schema=? and table_name=? and index_name='PRIMARY' order by SEQ_IN_INDEX asc

2024-10-24 06:43:40 [INFO] ==> Executing Query SQL: select column_name from information_schema.STATISTICS where table_schema=? and table_name=? and index_name='PRIMARY' order by SEQ_IN_INDEX asc

2024-10-24 06:43:40 [INFO] ==> Executing Query SQL: select column_name from information_schema.STATISTICS where table_schema=? and table_name=? and index_name='PRIMARY' order by SEQ_IN_INDEX asc

2024-10-24 06:43:40 [INFO] ==> Executing Query SQL: select column_name from information_schema.STATISTICS where table_schema=? and table_name=? and index_name='PRIMARY' order by SEQ_IN_INDEX asc

2024-10-24 06:43:40 [INFO] ==> Executing Query SQL: select column_name from information_schema.STATISTICS where table_schema=? and table_name=? and index_name='PRIMARY' order by SEQ_IN_INDEX asc

2024-10-24 06:43:40 [INFO] ==> Executing Query SQL: select svr_ip,sql_port,table_id,table_type,role,part_num,replica_num,schema_version,spare1 from oceanbase.__all_virtual_proxy_schema where tenant_name = ? and database_name = ? and table_name = ? and TABLET_ID = 0 order by role asc

2024-10-24 06:43:40 [INFO] ==> Executing Query SQL: select svr_ip,sql_port,table_id,table_type,role,part_num,replica_num,schema_version,spare1 from oceanbase.__all_virtual_proxy_schema where tenant_name = ? and database_name = ? and table_name = ? and TABLET_ID = 0 order by role asc

2024-10-24 06:43:40 [INFO] ==> Executing Query SQL: select svr_ip,sql_port,table_id,table_type,role,part_num,replica_num,schema_version,spare1 from oceanbase.__all_virtual_proxy_schema where tenant_name = ? and database_name = ? and table_name = ? and TABLET_ID = 0 order by role asc

2024-10-24 06:43:40 [INFO] ==> Executing Query SQL: select svr_ip,sql_port,table_id,table_type,role,part_num,replica_num,schema_version,spare1 from oceanbase.__all_virtual_proxy_schema where tenant_name = ? and database_name = ? and table_name = ? and TABLET_ID = 0 order by role asc

2024-10-24 06:43:40 [INFO] ==> Executing Query SQL: select svr_ip,sql_port,table_id,table_type,role,part_num,replica_num,schema_version,spare1 from oceanbase.__all_virtual_proxy_schema where tenant_name = ? and database_name = ? and table_name = ? and TABLET_ID = 0 order by role asc

2024-10-24 06:43:40 [INFO] ==> Executing Query SQL: select svr_ip,sql_port,table_id,table_type,role,part_num,replica_num,schema_version,spare1 from oceanbase.__all_virtual_proxy_schema where tenant_name = ? and database_name = ? and table_name = ? and TABLET_ID = 0 order by role asc

2024-10-24 06:43:40 [INFO] ==> Executing Query SQL: select svr_ip,sql_port,table_id,table_type,role,part_num,replica_num,schema_version,spare1 from oceanbase.__all_virtual_proxy_schema where tenant_name = ? and database_name = ? and table_name = ? and TABLET_ID = 0 order by role asc

2024-10-24 06:43:40 [INFO] ==> Executing Query SQL: select svr_ip,sql_port,table_id,table_type,role,part_num,replica_num,schema_version,spare1 from oceanbase.__all_virtual_proxy_schema where tenant_name = ? and database_name = ? and table_name = ? and TABLET_ID = 0 order by role asc

2024-10-24 06:43:40 [INFO] ==> Executing Query SQL: select svr_ip,sql_port,table_id,table_type,role,part_num,replica_num,schema_version,spare1 from oceanbase.__all_virtual_proxy_schema where tenant_name = ? and database_name = ? and table_name = ? and TABLET_ID = 0 order by role asc

2024-10-24 06:43:40 [INFO] ==> Executing Query SQL: select svr_ip,sql_port,table_id,table_type,role,part_num,replica_num,schema_version,spare1 from oceanbase.__all_virtual_proxy_schema where tenant_name = ? and database_name = ? and table_name = ? and TABLET_ID = 0 order by role asc

2024-10-24 06:43:40 [INFO] ==> Executing Query SQL: select svr_ip,sql_port,table_id,table_type,role,part_num,replica_num,schema_version,spare1 from oceanbase.__all_virtual_proxy_schema where tenant_name = ? and database_name = ? and table_name = ? and TABLET_ID = 0 order by role asc

2024-10-24 06:43:40 [INFO] ==> Executing Query SQL: select svr_ip,sql_port,table_id,table_type,role,part_num,replica_num,schema_version,spare1 from oceanbase.__all_virtual_proxy_schema where tenant_name = ? and database_name = ? and table_name = ? and TABLET_ID = 0 order by role asc

2024-10-24 06:43:40 [INFO] ==> Executing Query SQL: select svr_ip,sql_port,table_id,table_type,role,part_num,replica_num,schema_version,spare1 from oceanbase.__all_virtual_proxy_schema where tenant_name = ? and database_name = ? and table_name = ? and TABLET_ID = 0 order by role asc

2024-10-24 06:43:40 [INFO] ==> Executing Query SQL: select svr_ip,sql_port,table_id,table_type,role,part_num,replica_num,schema_version,spare1 from oceanbase.__all_virtual_proxy_schema where tenant_name = ? and database_name = ? and table_name = ? and TABLET_ID = 0 order by role asc

2024-10-24 06:43:40 [INFO] ==> Executing Query SQL: select svr_ip,sql_port,table_id,table_type,role,part_num,replica_num,schema_version,spare1 from oceanbase.__all_virtual_proxy_schema where tenant_name = ? and database_name = ? and table_name = ? and TABLET_ID = 0 order by role asc

2024-10-24 06:43:40 [INFO] ==> Executing Query SQL: select svr_ip,sql_port,table_id,table_type,role,part_num,replica_num,schema_version,spare1 from oceanbase.__all_virtual_proxy_schema where tenant_name = ? and database_name = ? and table_name = ? and TABLET_ID = 0 order by role asc

2024-10-24 06:43:40 [INFO] ==> Executing Query SQL: select svr_ip,sql_port,table_id,table_type,role,part_num,replica_num,schema_version,spare1 from oceanbase.__all_virtual_proxy_schema where tenant_name = ? and database_name = ? and table_name = ? and TABLET_ID = 0 order by role asc

2024-10-24 06:43:40 [INFO] ==> Executing Query SQL: select svr_ip,sql_port,table_id,table_type,role,part_num,replica_num,schema_version,spare1 from oceanbase.__all_virtual_proxy_schema where tenant_name = ? and database_name = ? and table_name = ? and TABLET_ID = 0 order by role asc

2024-10-24 06:43:40 [INFO] ==> Executing Query SQL: select svr_ip,sql_port,table_id,table_type,role,part_num,replica_num,schema_version,spare1 from oceanbase.__all_virtual_proxy_schema where tenant_name = ? and database_name = ? and table_name = ? and TABLET_ID = 0 order by role asc

2024-10-24 06:43:40 [INFO] ==> Executing Query SQL: select column_name from information_schema.STATISTICS where table_schema=? and table_name=? and index_name='PRIMARY' order by SEQ_IN_INDEX asc

2024-10-24 06:43:40 [INFO] ==> Executing Query SQL: select svr_ip,sql_port,table_id,table_type,role,part_num,replica_num,schema_version,spare1 from oceanbase.__all_virtual_proxy_schema where tenant_name = ? and database_name = ? and table_name = ? and TABLET_ID = 0 order by role asc

2024-10-24 06:43:40 [INFO] ==> Executing Query SQL: select svr_ip,sql_port,table_id,table_type,role,part_num,replica_num,schema_version,spare1 from oceanbase.__all_virtual_proxy_schema where tenant_name = ? and database_name = ? and table_name = ? and TABLET_ID = 0 order by role asc

2024-10-24 06:43:40 [INFO] ==> Executing Query SQL: select svr_ip,sql_port,table_id,table_type,role,part_num,replica_num,schema_version,spare1 from oceanbase.__all_virtual_proxy_schema where tenant_name = ? and database_name = ? and table_name = ? and TABLET_ID = 0 order by role asc

2024-10-24 06:43:40 [INFO] ==> Executing Query SQL: select svr_ip,sql_port,table_id,table_type,role,part_num,replica_num,schema_version,spare1 from oceanbase.__all_virtual_proxy_schema where tenant_name = ? and database_name = ? and table_name = ? and TABLET_ID = 0 order by role asc

2024-10-24 06:43:40 [INFO] ==> Executing Query SQL: select svr_ip,sql_port,table_id,table_type,role,part_num,replica_num,schema_version,spare1 from oceanbase.__all_virtual_proxy_schema where tenant_name = ? and database_name = ? and table_name = ? and TABLET_ID = 0 order by role asc

2024-10-24 06:43:40 [INFO] ==> Executing Query SQL: select svr_ip,sql_port,table_id,table_type,role,part_num,replica_num,schema_version,spare1 from oceanbase.__all_virtual_proxy_schema where tenant_name = ? and database_name = ? and table_name = ? and TABLET_ID = 0 order by role asc

2024-10-24 06:43:40 [INFO] ==> Executing Query SQL: select svr_ip,sql_port,table_id,table_type,role,part_num,replica_num,schema_version,spare1 from oceanbase.__all_virtual_proxy_schema where tenant_name = ? and database_name = ? and table_name = ? and TABLET_ID = 0 order by role asc

2024-10-24 06:43:40 [INFO] ==> Executing Query SQL: select svr_ip,sql_port,table_id,table_type,role,part_num,replica_num,schema_version,spare1 from oceanbase.__all_virtual_proxy_schema where tenant_name = ? and database_name = ? and table_name = ? and TABLET_ID = 0 order by role asc

2024-10-24 06:43:40 [INFO] ==> Executing Query SQL: select svr_ip,sql_port,table_id,table_type,role,part_num,replica_num,schema_version,spare1 from oceanbase.__all_virtual_proxy_schema where tenant_name = ? and database_name = ? and table_name = ? and TABLET_ID = 0 order by role asc

2024-10-24 06:43:40 [INFO] ==> Executing Query SQL: select column_name from information_schema.STATISTICS where table_schema=? and table_name=? and index_name='PRIMARY' order by SEQ_IN_INDEX asc

2024-10-24 06:43:40 [INFO] ==> Executing Query SQL: select column_name from information_schema.STATISTICS where table_schema=? and table_name=? and index_name='PRIMARY' order by SEQ_IN_INDEX asc

2024-10-24 06:43:40 [INFO] ==> Executing Query SQL: select svr_ip,sql_port,table_id,table_type,role,part_num,replica_num,schema_version,spare1 from oceanbase.__all_virtual_proxy_schema where tenant_name = ? and database_name = ? and table_name = ? and TABLET_ID = 0 order by role asc

2024-10-24 06:43:40 [INFO] ==> Executing Query SQL: select column_name from information_schema.STATISTICS where table_schema=? and table_name=? and index_name='PRIMARY' order by SEQ_IN_INDEX asc

2024-10-24 06:43:40 [INFO] ==> Executing Query SQL: select column_name from information_schema.STATISTICS where table_schema=? and table_name=? and index_name='PRIMARY' order by SEQ_IN_INDEX asc

2024-10-24 06:43:40 [INFO] ==> Executing Query SQL: select column_name from information_schema.STATISTICS where table_schema=? and table_name=? and index_name='PRIMARY' order by SEQ_IN_INDEX asc

2024-10-24 06:43:40 [INFO] ==> Executing Query SQL: select column_name from information_schema.STATISTICS where table_schema=? and table_name=? and index_name='PRIMARY' order by SEQ_IN_INDEX asc

2024-10-24 06:43:40 [INFO] ==> Executing Query SQL: select column_name from information_schema.STATISTICS where table_schema=? and table_name=? and index_name='PRIMARY' order by SEQ_IN_INDEX asc

2024-10-24 06:43:40 [INFO] ==> Executing Query SQL: select column_name from information_schema.STATISTICS where table_schema=? and table_name=? and index_name='PRIMARY' order by SEQ_IN_INDEX asc

2024-10-24 06:43:40 [INFO] ==> Executing Query SQL: select svr_ip,sql_port,table_id,table_type,role,part_num,replica_num,schema_version,spare1 from oceanbase.__all_virtual_proxy_schema where tenant_name = ? and database_name = ? and table_name = ? and TABLET_ID = 0 order by role asc

2024-10-24 06:43:40 [INFO] ==> Executing Query SQL: select column_name from information_schema.STATISTICS where table_schema=? and table_name=? and index_name='PRIMARY' order by SEQ_IN_INDEX asc

2024-10-24 06:43:40 [INFO] ==> Executing Query SQL: select svr_ip,sql_port,table_id,table_type,role,part_num,replica_num,schema_version,spare1 from oceanbase.__all_virtual_proxy_schema where tenant_name = ? and database_name = ? and table_name = ? and TABLET_ID = 0 order by role asc

2024-10-24 06:43:40 [INFO] ==> Executing Query SQL: select column_name from information_schema.STATISTICS where table_schema=? and table_name=? and index_name='PRIMARY' order by SEQ_IN_INDEX asc

2024-10-24 06:43:40 [INFO] ==> Executing Query SQL: select column_name from information_schema.STATISTICS where table_schema=? and table_name=? and index_name='PRIMARY' order by SEQ_IN_INDEX asc

2024-10-24 06:43:40 [INFO] ==> Executing Query SQL: select column_name from information_schema.STATISTICS where table_schema=? and table_name=? and index_name='PRIMARY' order by SEQ_IN_INDEX asc

2024-10-24 06:43:40 [INFO] ==> Executing Query SQL: select column_name from information_schema.STATISTICS where table_schema=? and table_name=? and index_name='PRIMARY' order by SEQ_IN_INDEX asc

2024-10-24 06:43:40 [INFO] ==> Executing Query SQL: select column_name from information_schema.STATISTICS where table_schema=? and table_name=? and index_name='PRIMARY' order by SEQ_IN_INDEX asc

2024-10-24 06:43:40 [INFO] ==> Executing Query SQL: select column_name from information_schema.STATISTICS where table_schema=? and table_name=? and index_name='PRIMARY' order by SEQ_IN_INDEX asc

2024-10-24 06:43:40 [INFO] ==> Executing Query SQL: select column_name from information_schema.STATISTICS where table_schema=? and table_name=? and index_name='PRIMARY' order by SEQ_IN_INDEX asc

2024-10-24 06:43:40 [INFO] ==> Executing Query SQL: SELECT L.COLUMN_NAME AS COLUMN_NAME, S.SEQ_IN_INDEX-1 AS POSITION, C.CONSTRAINT_NAME AS CONSTRAINT_NAME FROM information_schema.TABLE_CONSTRAINTS C, information_schema.STATISTICS AS S, information_schema.COLUMNS L WHERE C.TABLE_SCHEMA=L.TABLE_SCHEMA AND C.TABLE_NAME=L.TABLE_NAME AND  C.TABLE_SCHEMA=S.TABLE_SCHEMA AND C.TABLE_NAME=S.TABLE_NAME AND C.CONSTRAINT_NAME=S.INDEX_NAME AND L.COLUMN_NAME=S.COLUMN_NAME AND  C.TABLE_SCHEMA=? AND C.TABLE_NAME=? AND C.CONSTRAINT_TYPE='UNIQUE' AND L.IS_NULLABLE='NO' ORDER BY S.SEQ_IN_INDEX ASC

2024-10-24 06:43:40 [INFO] ==> Executing Query SQL: select column_name from information_schema.STATISTICS where table_schema=? and table_name=? and index_name='PRIMARY' order by SEQ_IN_INDEX asc

2024-10-24 06:43:40 [INFO] ==> Executing Query SQL: select column_name from information_schema.STATISTICS where table_schema=? and table_name=? and index_name='PRIMARY' order by SEQ_IN_INDEX asc

2024-10-24 06:43:40 [INFO] ==> Executing Query SQL: select column_name from information_schema.STATISTICS where table_schema=? and table_name=? and index_name='PRIMARY' order by SEQ_IN_INDEX asc

2024-10-24 06:43:40 [INFO] ==> Executing Query SQL: select column_name from information_schema.STATISTICS where table_schema=? and table_name=? and index_name='PRIMARY' order by SEQ_IN_INDEX asc

2024-10-24 06:43:40 [INFO] ==> Executing Query SQL: select column_name from information_schema.STATISTICS where table_schema=? and table_name=? and index_name='PRIMARY' order by SEQ_IN_INDEX asc

2024-10-24 06:43:40 [INFO] ==> Executing Query SQL: select column_name from information_schema.STATISTICS where table_schema=? and table_name=? and index_name='PRIMARY' order by SEQ_IN_INDEX asc

2024-10-24 06:43:40 [INFO] ==> Executing Query SQL: select column_name from information_schema.STATISTICS where table_schema=? and table_name=? and index_name='PRIMARY' order by SEQ_IN_INDEX asc

2024-10-24 06:43:40 [INFO] ==> Executing Query SQL: select column_name from information_schema.STATISTICS where table_schema=? and table_name=? and index_name='PRIMARY' order by SEQ_IN_INDEX asc

2024-10-24 06:43:40 [INFO] ==> Executing Query SQL: SELECT L.COLUMN_NAME AS COLUMN_NAME, S.SEQ_IN_INDEX-1 AS POSITION, C.CONSTRAINT_NAME AS CONSTRAINT_NAME FROM information_schema.TABLE_CONSTRAINTS C, information_schema.STATISTICS AS S, information_schema.COLUMNS L WHERE C.TABLE_SCHEMA=L.TABLE_SCHEMA AND C.TABLE_NAME=L.TABLE_NAME AND  C.TABLE_SCHEMA=S.TABLE_SCHEMA AND C.TABLE_NAME=S.TABLE_NAME AND C.CONSTRAINT_NAME=S.INDEX_NAME AND L.COLUMN_NAME=S.COLUMN_NAME AND  C.TABLE_SCHEMA=? AND C.TABLE_NAME=? AND C.CONSTRAINT_TYPE='UNIQUE' AND L.IS_NULLABLE='NO' ORDER BY S.SEQ_IN_INDEX ASC

2024-10-24 06:43:40 [INFO] ==> Executing Query SQL: select column_name from information_schema.STATISTICS where table_schema=? and table_name=? and index_name='PRIMARY' order by SEQ_IN_INDEX asc

2024-10-24 06:43:40 [INFO] ==> Executing Query SQL: select column_name from information_schema.STATISTICS where table_schema=? and table_name=? and index_name='PRIMARY' order by SEQ_IN_INDEX asc

2024-10-24 06:43:40 [INFO] ==> Executing Query SQL: select svr_ip,sql_port,table_id,table_type,role,part_num,replica_num,schema_version,spare1 from oceanbase.__all_virtual_proxy_schema where tenant_name = ? and database_name = ? and table_name = ? and TABLET_ID = 0 order by role asc

2024-10-24 06:43:40 [INFO] ==> Executing Query SQL: select column_name from information_schema.STATISTICS where table_schema=? and table_name=? and index_name='PRIMARY' order by SEQ_IN_INDEX asc

2024-10-24 06:43:40 [INFO] ==> Executing Query SQL: select column_name from information_schema.STATISTICS where table_schema=? and table_name=? and index_name='PRIMARY' order by SEQ_IN_INDEX asc

2024-10-24 06:43:40 [INFO] ==> Executing Query SQL: select column_name from information_schema.STATISTICS where table_schema=? and table_name=? and index_name='PRIMARY' order by SEQ_IN_INDEX asc

2024-10-24 06:43:40 [INFO] ==> Executing Query SQL: select column_name from information_schema.STATISTICS where table_schema=? and table_name=? and index_name='PRIMARY' order by SEQ_IN_INDEX asc

2024-10-24 06:43:40 [INFO] ==> Executing Query SQL: select svr_ip,sql_port,table_id,table_type,role,part_num,replica_num,schema_version,spare1 from oceanbase.__all_virtual_proxy_schema where tenant_name = ? and database_name = ? and table_name = ? and TABLET_ID = 0 order by role asc

2024-10-24 06:43:40 [INFO] ==> Executing Query SQL: select svr_ip,sql_port,table_id,table_type,role,part_num,replica_num,schema_version,spare1 from oceanbase.__all_virtual_proxy_schema where tenant_name = ? and database_name = ? and table_name = ? and TABLET_ID = 0 order by role asc

2024-10-24 06:43:40 [INFO] ==> Executing Query SQL: select svr_ip,sql_port,table_id,table_type,role,part_num,replica_num,schema_version,spare1 from oceanbase.__all_virtual_proxy_schema where tenant_name = ? and database_name = ? and table_name = ? and TABLET_ID = 0 order by role asc

2024-10-24 06:43:40 [INFO] ==> Executing Query SQL: select svr_ip,sql_port,table_id,table_type,role,part_num,replica_num,schema_version,spare1 from oceanbase.__all_virtual_proxy_schema where tenant_name = ? and database_name = ? and table_name = ? and TABLET_ID = 0 order by role asc

2024-10-24 06:43:40 [INFO] ==> Executing Query SQL: select svr_ip,sql_port,table_id,table_type,role,part_num,replica_num,schema_version,spare1 from oceanbase.__all_virtual_proxy_schema where tenant_name = ? and database_name = ? and table_name = ? and TABLET_ID = 0 order by role asc

2024-10-24 06:43:40 [INFO] ==> Executing Query SQL: select svr_ip,sql_port,table_id,table_type,role,part_num,replica_num,schema_version,spare1 from oceanbase.__all_virtual_proxy_schema where tenant_name = ? and database_name = ? and table_name = ? and TABLET_ID = 0 order by role asc

2024-10-24 06:43:40 [INFO] ==> Executing Query SQL: select svr_ip,sql_port,table_id,table_type,role,part_num,replica_num,schema_version,spare1 from oceanbase.__all_virtual_proxy_schema where tenant_name = ? and database_name = ? and table_name = ? and TABLET_ID = 0 order by role asc

2024-10-24 06:43:40 [INFO] ==> Executing Query SQL: select svr_ip,sql_port,table_id,table_type,role,part_num,replica_num,schema_version,spare1 from oceanbase.__all_virtual_proxy_schema where tenant_name = ? and database_name = ? and table_name = ? and TABLET_ID = 0 order by role asc

2024-10-24 06:43:40 [INFO] ==> Executing Query SQL: select svr_ip,sql_port,table_id,table_type,role,part_num,replica_num,schema_version,spare1 from oceanbase.__all_virtual_proxy_schema where tenant_name = ? and database_name = ? and table_name = ? and TABLET_ID = 0 order by role asc

2024-10-24 06:43:40 [INFO] ==> Executing Query SQL: select svr_ip,sql_port,table_id,table_type,role,part_num,replica_num,schema_version,spare1 from oceanbase.__all_virtual_proxy_schema where tenant_name = ? and database_name = ? and table_name = ? and TABLET_ID = 0 order by role asc

2024-10-24 06:43:40 [INFO] ==> Executing Query SQL: select svr_ip,sql_port,table_id,table_type,role,part_num,replica_num,schema_version,spare1 from oceanbase.__all_virtual_proxy_schema where tenant_name = ? and database_name = ? and table_name = ? and TABLET_ID = 0 order by role asc

2024-10-24 06:43:40 [INFO] ==> Executing Query SQL: select svr_ip,sql_port,table_id,table_type,role,part_num,replica_num,schema_version,spare1 from oceanbase.__all_virtual_proxy_schema where tenant_name = ? and database_name = ? and table_name = ? and TABLET_ID = 0 order by role asc

2024-10-24 06:43:40 [INFO] ==> Executing Query SQL: select svr_ip,sql_port,table_id,table_type,role,part_num,replica_num,schema_version,spare1 from oceanbase.__all_virtual_proxy_schema where tenant_name = ? and database_name = ? and table_name = ? and TABLET_ID = 0 order by role asc

2024-10-24 06:43:40 [INFO] ==> Executing Query SQL: select svr_ip,sql_port,table_id,table_type,role,part_num,replica_num,schema_version,spare1 from oceanbase.__all_virtual_proxy_schema where tenant_name = ? and database_name = ? and table_name = ? and TABLET_ID = 0 order by role asc

2024-10-24 06:43:40 [INFO] ==> Executing Query SQL: select svr_ip,sql_port,table_id,table_type,role,part_num,replica_num,schema_version,spare1 from oceanbase.__all_virtual_proxy_schema where tenant_name = ? and database_name = ? and table_name = ? and TABLET_ID = 0 order by role asc

2024-10-24 06:43:40 [INFO] ==> Executing Query SQL: select svr_ip,sql_port,table_id,table_type,role,part_num,replica_num,schema_version,spare1 from oceanbase.__all_virtual_proxy_schema where tenant_name = ? and database_name = ? and table_name = ? and TABLET_ID = 0 order by role asc

2024-10-24 06:43:40 [INFO] ==> Executing Query SQL: select column_name from information_schema.STATISTICS where table_schema=? and table_name=? and index_name='PRIMARY' order by SEQ_IN_INDEX asc

2024-10-24 06:43:40 [INFO] ==> Executing Query SQL: select svr_ip,sql_port,table_id,table_type,role,part_num,replica_num,schema_version,spare1 from oceanbase.__all_virtual_proxy_schema where tenant_name = ? and database_name = ? and table_name = ? and TABLET_ID = 0 order by role asc

2024-10-24 06:43:40 [INFO] ==> Executing Query SQL: select svr_ip,sql_port,table_id,table_type,role,part_num,replica_num,schema_version,spare1 from oceanbase.__all_virtual_proxy_schema where tenant_name = ? and database_name = ? and table_name = ? and TABLET_ID = 0 order by role asc

2024-10-24 06:43:40 [INFO] ==> Executing Query SQL: select svr_ip,sql_port,table_id,table_type,role,part_num,replica_num,schema_version,spare1 from oceanbase.__all_virtual_proxy_schema where tenant_name = ? and database_name = ? and table_name = ? and TABLET_ID = 0 order by role asc

2024-10-24 06:43:40 [INFO] ==> Executing Query SQL: select column_name from information_schema.STATISTICS where table_schema=? and table_name=? and index_name='PRIMARY' order by SEQ_IN_INDEX asc

2024-10-24 06:43:40 [INFO] ==> Executing Query SQL: select svr_ip,sql_port,table_id,table_type,role,part_num,replica_num,schema_version,spare1 from oceanbase.__all_virtual_proxy_schema where tenant_name = ? and database_name = ? and table_name = ? and TABLET_ID = 0 order by role asc

2024-10-24 06:43:40 [INFO] ==> Executing Query SQL: select column_name from information_schema.STATISTICS where table_schema=? and table_name=? and index_name='PRIMARY' order by SEQ_IN_INDEX asc

2024-10-24 06:43:40 [INFO] ==> Executing Query SQL: select svr_ip,sql_port,table_id,table_type,role,part_num,replica_num,schema_version,spare1 from oceanbase.__all_virtual_proxy_schema where tenant_name = ? and database_name = ? and table_name = ? and TABLET_ID = 0 order by role asc

2024-10-24 06:43:40 [INFO] ==> Executing Query SQL: select svr_ip,sql_port,table_id,table_type,role,part_num,replica_num,schema_version,spare1 from oceanbase.__all_virtual_proxy_schema where tenant_name = ? and database_name = ? and table_name = ? and TABLET_ID = 0 order by role asc

2024-10-24 06:43:40 [INFO] ==> Executing Query SQL: select svr_ip,sql_port,table_id,table_type,role,part_num,replica_num,schema_version,spare1 from oceanbase.__all_virtual_proxy_schema where tenant_name = ? and database_name = ? and table_name = ? and TABLET_ID = 0 order by role asc

2024-10-24 06:43:40 [INFO] ==> Executing Query SQL: select svr_ip,sql_port,table_id,table_type,role,part_num,replica_num,schema_version,spare1 from oceanbase.__all_virtual_proxy_schema where tenant_name = ? and database_name = ? and table_name = ? and TABLET_ID = 0 order by role asc

2024-10-24 06:43:40 [INFO] ==> Executing Query SQL: select svr_ip,sql_port,table_id,table_type,role,part_num,replica_num,schema_version,spare1 from oceanbase.__all_virtual_proxy_schema where tenant_name = ? and database_name = ? and table_name = ? and TABLET_ID = 0 order by role asc

2024-10-24 06:43:40 [INFO] ==> Executing Query SQL: select column_name from information_schema.STATISTICS where table_schema=? and table_name=? and index_name='PRIMARY' order by SEQ_IN_INDEX asc

2024-10-24 06:43:40 [INFO] ==> Executing Query SQL: select svr_ip,sql_port,table_id,table_type,role,part_num,replica_num,schema_version,spare1 from oceanbase.__all_virtual_proxy_schema where tenant_name = ? and database_name = ? and table_name = ? and TABLET_ID = 0 order by role asc

2024-10-24 06:43:40 [INFO] ==> Executing Query SQL: select svr_ip,sql_port,table_id,table_type,role,part_num,replica_num,schema_version,spare1 from oceanbase.__all_virtual_proxy_schema where tenant_name = ? and database_name = ? and table_name = ? and TABLET_ID = 0 order by role asc

2024-10-24 06:43:40 [INFO] ==> Executing Query SQL: select svr_ip,sql_port,table_id,table_type,role,part_num,replica_num,schema_version,spare1 from oceanbase.__all_virtual_proxy_schema where tenant_name = ? and database_name = ? and table_name = ? and TABLET_ID = 0 order by role asc

2024-10-24 06:43:40 [INFO] ==> Executing Query SQL: select svr_ip,sql_port,table_id,table_type,role,part_num,replica_num,schema_version,spare1 from oceanbase.__all_virtual_proxy_schema where tenant_name = ? and database_name = ? and table_name = ? and TABLET_ID = 0 order by role asc

2024-10-24 06:43:40 [INFO] ==> Executing Query SQL: select column_name from information_schema.STATISTICS where table_schema=? and table_name=? and index_name='PRIMARY' order by SEQ_IN_INDEX asc

2024-10-24 06:43:40 [INFO] ==> Executing Query SQL: select column_name from information_schema.STATISTICS where table_schema=? and table_name=? and index_name='PRIMARY' order by SEQ_IN_INDEX asc

2024-10-24 06:43:40 [INFO] ==> Executing Query SQL: select column_name from information_schema.STATISTICS where table_schema=? and table_name=? and index_name='PRIMARY' order by SEQ_IN_INDEX asc

2024-10-24 06:43:40 [INFO] ==> Executing Query SQL: select column_name from information_schema.STATISTICS where table_schema=? and table_name=? and index_name='PRIMARY' order by SEQ_IN_INDEX asc

2024-10-24 06:43:40 [INFO] ==> Executing Query SQL: select column_name from information_schema.STATISTICS where table_schema=? and table_name=? and index_name='PRIMARY' order by SEQ_IN_INDEX asc

2024-10-24 06:43:40 [INFO] ==> Executing Query SQL: select column_name from information_schema.STATISTICS where table_schema=? and table_name=? and index_name='PRIMARY' order by SEQ_IN_INDEX asc

2024-10-24 06:43:40 [INFO] ==> Executing Query SQL: select column_name from information_schema.STATISTICS where table_schema=? and table_name=? and index_name='PRIMARY' order by SEQ_IN_INDEX asc

2024-10-24 06:43:40 [INFO] ==> Executing Query SQL: select column_name from information_schema.STATISTICS where table_schema=? and table_name=? and index_name='PRIMARY' order by SEQ_IN_INDEX asc

2024-10-24 06:43:40 [INFO] ==> Executing Query SQL: select column_name from information_schema.STATISTICS where table_schema=? and table_name=? and index_name='PRIMARY' order by SEQ_IN_INDEX asc

2024-10-24 06:43:40 [INFO] ==> Executing Query SQL: select column_name from information_schema.STATISTICS where table_schema=? and table_name=? and index_name='PRIMARY' order by SEQ_IN_INDEX asc

2024-10-24 06:43:40 [INFO] ==> Executing Query SQL: select column_name from information_schema.STATISTICS where table_schema=? and table_name=? and index_name='PRIMARY' order by SEQ_IN_INDEX asc

2024-10-24 06:43:40 [INFO] ==> Executing Query SQL: select column_name from information_schema.STATISTICS where table_schema=? and table_name=? and index_name='PRIMARY' order by SEQ_IN_INDEX asc

2024-10-24 06:43:40 [INFO] ==> Executing Query SQL: select column_name from information_schema.STATISTICS where table_schema=? and table_name=? and index_name='PRIMARY' order by SEQ_IN_INDEX asc

2024-10-24 06:43:40 [INFO] ==> Executing Query SQL: select column_name from information_schema.STATISTICS where table_schema=? and table_name=? and index_name='PRIMARY' order by SEQ_IN_INDEX asc

2024-10-24 06:43:40 [INFO] ==> Executing Query SQL: select column_name from information_schema.STATISTICS where table_schema=? and table_name=? and index_name='PRIMARY' order by SEQ_IN_INDEX asc

2024-10-24 06:43:40 [INFO] ==> Executing Query SQL: select column_name from information_schema.STATISTICS where table_schema=? and table_name=? and index_name='PRIMARY' order by SEQ_IN_INDEX asc

2024-10-24 06:43:40 [INFO] ==> Executing Query SQL: select column_name from information_schema.STATISTICS where table_schema=? and table_name=? and index_name='PRIMARY' order by SEQ_IN_INDEX asc

2024-10-24 06:43:40 [INFO] ==> Executing Query SQL: select column_name from information_schema.STATISTICS where table_schema=? and table_name=? and index_name='PRIMARY' order by SEQ_IN_INDEX asc

2024-10-24 06:43:40 [INFO] ==> Executing Query SQL: select column_name from information_schema.STATISTICS where table_schema=? and table_name=? and index_name='PRIMARY' order by SEQ_IN_INDEX asc

2024-10-24 06:43:40 [INFO] ==> Executing Query SQL: select column_name from information_schema.STATISTICS where table_schema=? and table_name=? and index_name='PRIMARY' order by SEQ_IN_INDEX asc

2024-10-24 06:43:40 [INFO] ==> Executing Query SQL: select column_name from information_schema.STATISTICS where table_schema=? and table_name=? and index_name='PRIMARY' order by SEQ_IN_INDEX asc

2024-10-24 06:43:40 [INFO] ==> Executing Query SQL: select svr_ip,sql_port,table_id,table_type,role,part_num,replica_num,schema_version,spare1 from oceanbase.__all_virtual_proxy_schema where tenant_name = ? and database_name = ? and table_name = ? and TABLET_ID = 0 order by role asc

2024-10-24 06:43:40 [INFO] ==> Executing Query SQL: select column_name from information_schema.STATISTICS where table_schema=? and table_name=? and index_name='PRIMARY' order by SEQ_IN_INDEX asc

2024-10-24 06:43:40 [INFO] ==> Executing Query SQL: select svr_ip,sql_port,table_id,table_type,role,part_num,replica_num,schema_version,spare1 from oceanbase.__all_virtual_proxy_schema where tenant_name = ? and database_name = ? and table_name = ? and TABLET_ID = 0 order by role asc

2024-10-24 06:43:40 [INFO] ==> Executing Query SQL: select svr_ip,sql_port,table_id,table_type,role,part_num,replica_num,schema_version,spare1 from oceanbase.__all_virtual_proxy_schema where tenant_name = ? and database_name = ? and table_name = ? and TABLET_ID = 0 order by role asc

2024-10-24 06:43:40 [INFO] ==> Executing Query SQL: select column_name from information_schema.STATISTICS where table_schema=? and table_name=? and index_name='PRIMARY' order by SEQ_IN_INDEX asc

2024-10-24 06:43:40 [INFO] ==> Executing Query SQL: select column_name from information_schema.STATISTICS where table_schema=? and table_name=? and index_name='PRIMARY' order by SEQ_IN_INDEX asc

2024-10-24 06:43:40 [INFO] ==> Executing Query SQL: select column_name from information_schema.STATISTICS where table_schema=? and table_name=? and index_name='PRIMARY' order by SEQ_IN_INDEX asc

2024-10-24 06:43:40 [INFO] ==> Executing Query SQL: select column_name from information_schema.STATISTICS where table_schema=? and table_name=? and index_name='PRIMARY' order by SEQ_IN_INDEX asc

2024-10-24 06:43:40 [INFO] ==> Executing Query SQL: select column_name from information_schema.STATISTICS where table_schema=? and table_name=? and index_name='PRIMARY' order by SEQ_IN_INDEX asc

2024-10-24 06:43:40 [INFO] ==> Executing Query SQL: select column_name from information_schema.STATISTICS where table_schema=? and table_name=? and index_name='PRIMARY' order by SEQ_IN_INDEX asc

2024-10-24 06:43:40 [INFO] ==> Executing Query SQL: select column_name from information_schema.STATISTICS where table_schema=? and table_name=? and index_name='PRIMARY' order by SEQ_IN_INDEX asc

2024-10-24 06:43:40 [INFO] ==> Executing Query SQL: SELECT L.COLUMN_NAME AS COLUMN_NAME, S.SEQ_IN_INDEX-1 AS POSITION, C.CONSTRAINT_NAME AS CONSTRAINT_NAME FROM information_schema.TABLE_CONSTRAINTS C, information_schema.STATISTICS AS S, information_schema.COLUMNS L WHERE C.TABLE_SCHEMA=L.TABLE_SCHEMA AND C.TABLE_NAME=L.TABLE_NAME AND  C.TABLE_SCHEMA=S.TABLE_SCHEMA AND C.TABLE_NAME=S.TABLE_NAME AND C.CONSTRAINT_NAME=S.INDEX_NAME AND L.COLUMN_NAME=S.COLUMN_NAME AND  C.TABLE_SCHEMA=? AND C.TABLE_NAME=? AND C.CONSTRAINT_TYPE='UNIQUE' AND L.IS_NULLABLE='NO' ORDER BY S.SEQ_IN_INDEX ASC

2024-10-24 06:43:40 [INFO] ==> Executing Query SQL: select `id` from `hello`.`test_order_product` order by `id` limit 999999, 1 

2024-10-24 06:43:40 [INFO] ==> Executing Query SQL: select `id` from `hello`.`sys_role` order by `id` limit 999999, 1 

2024-10-24 06:43:40 [INFO] ==> Executing Query SQL: select `id` from `hello`.`r16` order by `id` limit 999999, 1 

2024-10-24 06:43:40 [INFO] ==> Executing Query SQL: select `id` from `hello`.`sys_fill_rule` order by `id` limit 999999, 1 

2024-10-24 06:43:40 [INFO] ==> Executing Query SQL: select `id` from `hello`.`r13` order by `id` limit 999999, 1 

2024-10-24 06:43:40 [INFO] ==> Executing Query SQL: select `id` from `hello`.`test_v3_hello` order by `id` limit 999999, 1 

2024-10-24 06:43:40 [INFO] ==> Executing Query SQL: select `id` from `hello`.`r11` order by `id` limit 999999, 1 

2024-10-24 06:43:40 [INFO] ==> Executing Query SQL: select `id` from `hello`.`jimu_dict` order by `id` limit 999999, 1 

2024-10-24 06:43:40 [INFO] ==> Executing Query SQL: select `id` from `hello`.`test_order_customer` order by `id` limit 999999, 1 

2024-10-24 06:43:40 [INFO] ==> Executing Query SQL: select `id` from `hello`.`sys_files` order by `id` limit 999999, 1 

2024-10-24 06:43:40 [INFO] ==> Executing Query SQL: select `id` from `hello`.`r12` order by `id` limit 999999, 1 

2024-10-24 06:43:40 [INFO] ==> Executing Query SQL: select `id` from `hello`.`r14` order by `id` limit 999999, 1 

2024-10-24 06:43:40 [INFO] ==> Executing Query SQL: select `id` from `hello`.`r17` order by `id` limit 999999, 1 

2024-10-24 06:43:40 [INFO] ==> Executing Query SQL: select `id` from `hello`.`r19` order by `id` limit 999999, 1 

2024-10-24 06:43:40 [INFO] ==> Executing Query SQL: select `id` from `hello`.`s30` order by `id` limit 999999, 1 

2024-10-24 06:43:40 [INFO] ==> Executing Query SQL: select `ID` from `hello`.`onl_cgform_enhance_sql` order by `ID` limit 999999, 1 

2024-10-24 06:43:40 [INFO] ==> Executing Query SQL: select `id` from `hello`.`r15` order by `id` limit 999999, 1 

2024-10-24 06:43:40 [INFO] ==> Executing Query SQL: select `id` from `hello`.`r18` order by `id` limit 999999, 1 

2024-10-24 06:43:40 [INFO] ==> Executing Query SQL: select `ID` from `hello`.`onl_cgform_button` order by `ID` limit 999999, 1 

2024-10-24 06:43:40 [INFO] ==> Executing Query SQL: select `id` from `hello`.`onl_cgform_field` order by `id` limit 999999, 1 

2024-10-24 06:43:40 [INFO] ==> Executing Query SQL: select `id` from `hello`.`sys_user_tenant` order by `id` limit 999999, 1 

2024-10-24 06:43:40 [INFO] ==> Executing Query SQL: select `SCHED_NAME`,`LOCK_NAME` from `hello`.`qrtz_locks` order by `SCHED_NAME`,`LOCK_NAME` limit 999999, 1 

2024-10-24 06:43:40 [INFO] ==> Executing Query SQL: select `id` from `hello`.`onl_drag_page` order by `id` limit 999999, 1 

2024-10-24 06:43:40 [INFO] ==> Executing Query SQL: select `id` from `hello`.`r20` order by `id` limit 999999, 1 

2024-10-24 06:43:40 [INFO] ==> Executing Query SQL: select `id` from `hello`.`sys_log1` order by `id` limit 999999, 1 

2024-10-24 06:43:40 [INFO] ==> Executing Query SQL: select `id` from `hello`.`sys_dict` order by `id` limit 999999, 1 

2024-10-24 06:43:40 [INFO] ==> Executing Query SQL: select `id` from `hello`.`sys_permission_v2` order by `id` limit 999999, 1 

2024-10-24 06:43:40 [INFO] ==> Executing Query SQL: select `id` from `hello`.`sys_dict_item` order by `id` limit 999999, 1 

2024-10-24 06:43:40 [INFO] ==> Executing Query SQL: select `id` from `hello`.`sys_log0` order by `id` limit 999999, 1 

2024-10-24 06:43:40 [INFO] ==> Executing Query SQL: select `id` from `hello`.`sys_quartz_job` order by `id` limit 999999, 1 

2024-10-24 06:43:40 [INFO] ==> Executing Query SQL: select `id` from `hello`.`jeecg_monthly_growth_analysis` order by `id` limit 999999, 1 

2024-10-24 06:43:40 [INFO] ==> Executing Query SQL: select `id` from `hello`.`jeecg_order_customer` order by `id` limit 999999, 1 

2024-10-24 06:43:40 [INFO] ==> Executing Query SQL: select `id` from `hello`.`onl_cgform_index` order by `id` limit 999999, 1 

2024-10-24 06:43:40 [INFO] ==> Executing Query SQL: select `ID` from `hello`.`sys_user_depart_copy1` order by `ID` limit 999999, 1 

2024-10-24 06:43:40 [INFO] ==> Executing Query SQL: select `id` from `hello`.`onl_drag_dataset_param` order by `id` limit 999999, 1 

2024-10-24 06:43:40 [INFO] ==> Executing Query SQL: select `id` from `hello`.`jimu_report_db_field` order by `id` limit 999999, 1 

2024-10-24 06:43:40 [INFO] ==> Executing Query SQL: select `id` from `hello`.`onl_auth_data` order by `id` limit 999999, 1 

2024-10-24 06:43:40 [INFO] ==> Executing Query SQL: select `id` from `hello`.`sys_user` order by `id` limit 999999, 1 

2024-10-24 06:43:40 [INFO] ==> Executing Query SQL: select `id` from `hello`.`sys_user_role` order by `id` limit 999999, 1 

2024-10-24 06:43:40 [INFO] ==> Executing Query SQL: select `id` from `hello`.`ceshi_note` order by `id` limit 999999, 1 

2024-10-24 06:43:40 [INFO] ==> Executing Query SQL: select `id` from `hello`.`sys_position` order by `id` limit 999999, 1 

2024-10-24 06:43:40 [INFO] ==> Executing Query SQL: select `id` from `hello`.`onl_cgreport_head` order by `id` limit 999999, 1 

2024-10-24 06:43:40 [INFO] ==> Executing Query SQL: select `id` from `hello`.`sys_data_source` order by `id` limit 999999, 1 

2024-10-24 06:43:40 [INFO] ==> Executing Query SQL: select `id` from `hello`.`jimu_report_db_param` order by `id` limit 999999, 1 

2024-10-24 06:43:40 [INFO] ==> Executing Query SQL: select `id` from `hello`.`sys_comment` order by `id` limit 999999, 1 

2024-10-24 06:43:40 [INFO] ==> Executing Query SQL: select `id` from `hello`.`onl_auth_page` order by `id` limit 999999, 1 

2024-10-24 06:43:40 [INFO] ==> Executing Query SQL: select `id` from `hello`.`test_enhance_select` order by `id` limit 999999, 1 

2024-10-24 06:43:40 [INFO] ==> Executing Query SQL: select `id` from `hello`.`jeecg_project_nature_income` order by `id` limit 999999, 1 

2024-10-24 06:43:40 [INFO] ==> Executing Query SQL: select `id` from `hello`.`sys_category` order by `id` limit 999999, 1 

2024-10-24 06:43:40 [INFO] ==> Executing Query SQL: select `id` from `hello`.`sys_form_file` order by `id` limit 999999, 1 

2024-10-24 06:43:40 [INFO] ==> Executing Query SQL: select `id` from `hello`.`onl_drag_dataset_item` order by `id` limit 999999, 1 

2024-10-24 06:43:40 [INFO] ==> Executing Query SQL: select `id` from `hello`.`sys_sms` order by `id` limit 999999, 1 

2024-10-24 06:43:40 [INFO] ==> Executing Query SQL: select `id` from `hello`.`jeecg_order_ticket` order by `id` limit 999999, 1 

2024-10-24 06:43:40 [INFO] ==> Executing Query SQL: select `id` from `hello`.`sys_sms_template` order by `id` limit 999999, 1 

2024-10-24 06:43:40 [INFO] ==> Executing Query SQL: select `id` from `hello`.`onl_cgreport_item` order by `id` limit 999999, 1 

2024-10-24 06:43:40 [INFO] ==> Executing Query SQL: select `id` from `hello`.`sys_log` order by `id` limit 999999, 1 

2024-10-24 06:43:40 [INFO] ==> Executing Query SQL: select `id` from `hello`.`onl_drag_comp` order by `id` limit 999999, 1 

2024-10-24 06:43:40 [INFO] ==> Executing Query SQL: select `id` from `hello`.`jimu_report_db` order by `id` limit 999999, 1 

2024-10-24 06:43:40 [INFO] ==> Executing Query SQL: select `id` from `hello`.`demo` order by `id` limit 999999, 1 

2024-10-24 06:43:40 [INFO] ==> Executing Query SQL: select `id` from `hello`.`jimu_dict_item` order by `id` limit 999999, 1 

2024-10-24 06:43:40 [INFO] ==> Executing Query SQL: select `id` from `hello`.`sys_data_log` order by `id` limit 999999, 1 

2024-10-24 06:43:40 [INFO] ==> Executing Query SQL: select `id` from `hello`.`onl_cgform_head` order by `id` limit 999999, 1 

2024-10-24 06:43:40 [INFO] ==> Executing Query SQL: select `id` from `hello`.`x1` order by `id` limit 999999, 1 

2024-10-24 06:43:40 [INFO] ==> Executing Query SQL: select `id` from `hello`.`rep_demo_jianpiao` order by `id` limit 999999, 1 

2024-10-24 06:43:40 [INFO] ==> Executing Query SQL: select `id` from `hello`.`x2` order by `id` limit 999999, 1 

2024-10-24 06:43:40 [INFO] ==> Executing Query SQL: select `id` from `hello`.`onl_cgreport_param` order by `id` limit 999999, 1 

2024-10-24 06:43:40 [INFO] ==> Executing Query SQL: select `ID` from `hello`.`onl_cgform_enhance_js` order by `ID` limit 999999, 1 

2024-10-24 06:43:40 [INFO] ==> Executing Query SQL: select `id` from `hello`.`sys_gateway_route` order by `id` limit 999999, 1 

2024-10-24 06:43:40 [INFO] ==> Executing Query SQL: select `id` from `hello`.`test_shoptype_tree` order by `id` limit 999999, 1 

2024-10-24 06:43:40 [INFO] ==> Executing Query SQL: select `id` from `hello`.`sys_announcement` order by `id` limit 999999, 1 

2024-10-24 06:43:40 [INFO] ==> Executing Query SQL: select `id` from `hello`.`sys_check_rule` order by `id` limit 999999, 1 

2024-10-24 06:43:40 [INFO] ==> Executing Query SQL: select `id` from `hello`.`test_demo` order by `id` limit 999999, 1 

2024-10-24 06:43:40 [INFO] ==> Executing Query SQL: select `id` from `hello`.`sys_user_agent` order by `id` limit 999999, 1 

2024-10-24 06:43:40 [INFO] ==> Executing Query SQL: select `id` from `hello`.`rep_demo_employee` order by `id` limit 999999, 1 

2024-10-24 06:43:40 [INFO] ==> Executing Query SQL: select `id` from `hello`.`onl_drag_dataset_head` order by `id` limit 999999, 1 

2024-10-24 06:43:40 [INFO] ==> Executing Query SQL: select `id` from `hello`.`test_order_main` order by `id` limit 999999, 1 

2024-10-24 06:43:40 [INFO] ==> Executing Query SQL: select `id` from `hello`.`sys_depart` order by `id` limit 999999, 1 

2024-10-24 06:43:40 [INFO] ==> Executing Query SQL: select `id` from `hello`.`test_note` order by `id` limit 999999, 1 

2024-10-24 06:43:40 [INFO] ==> Executing Query SQL: select `id` from `hello`.`sys_permission` order by `id` limit 999999, 1 

2024-10-24 06:43:40 [INFO] ==> Executing Query SQL: select `id` from `hello`.`demo_field_def_val_main` order by `id` limit 999999, 1 

2024-10-24 06:43:40 [INFO] ==> Executing Query SQL: select `id` from `hello`.`jimu_report` order by `id` limit 999999, 1 

2024-10-24 06:43:40 [INFO] ==> Executing Query SQL: select `id` from `hello`.`sys_role_permission` order by `id` limit 999999, 1 

2024-10-24 06:43:41 [INFO] ==> Executing Query SQL: select `id` from `hello`.`onl_drag_page_comp` order by `id` limit 999999, 1 

2024-10-24 06:43:41 [INFO] ==> Executing Query SQL: select `id` from `hello`.`jimu_report_data_source` order by `id` limit 999999, 1 

2024-10-24 06:43:41 [INFO] ==> Executing Query SQL: select `ID` from `hello`.`sys_user_depart` order by `ID` limit 999999, 1 

2024-10-24 06:43:41 [INFO] ==> Executing Query SQL: select `id` from `hello`.`demo_field_def_val_sub` order by `id` limit 999999, 1 

2024-10-24 06:43:41 [INFO] ==> Executing Query SQL: select `id` from `hello`.`rep_demo_dxtj` order by `id` limit 999999, 1 

2024-10-24 06:43:41 [INFO] ==> Executing Query SQL: select `id` from `hello`.`rep_demo_gongsi` order by `id` limit 999999, 1 

2024-10-24 06:43:41 [INFO] ==> Executing Query SQL: select `id` from `hello`.`sys_role_index` order by `id` limit 999999, 1 

2024-10-24 06:43:41 [INFO] ==> Executing Query SQL: select `id` from `hello`.`jeecg_order_main` order by `id` limit 999999, 1 

2024-10-24 06:43:41 [INFO] ==> Executing Query SQL: select `SCHED_NAME`,`INSTANCE_NAME` from `hello`.`qrtz_scheduler_state` order by `SCHED_NAME`,`INSTANCE_NAME` limit 999999, 1 

2024-10-24 06:43:41 [INFO] ==> Executing Query SQL: select `id` from `hello`.`sys_tenant` order by `id` limit 999999, 1 

2024-10-24 06:43:41 [INFO] ==> Executing Query SQL: select `id` from `hello`.`sys_tenant_pack_user` order by `id` limit 999999, 1 

