2024-10-24 06:37:50 [INFO] ==> Executing Query SQL: SELECT TABLE_NAME FROM information_schema.TABLES where TABLE_SCHEMA='ncloud-global-org' AND TABLE_NAME NOT LIKE 'RECYCLE_%' AND TABLE_TYPE='BASE TABLE'  

2024-10-24 06:37:50 [INFO] ==> Executing Query SQL: SELECT TABLE_NAME AS OBJECT_NAME FROM information_schema.VIEWS WHERE TABLE_SCHEMA='ncloud-global-org' 

2024-10-24 06:37:50 [INFO] ==> Executing Query SQL: select sequence_name as object_name from oceanbase.__all_sequence_object s,oceanbase.__all_database d where s.database_id=d.database_id and d.database_name='ncloud-global-org' 

2024-10-24 06:37:50 [INFO] ==> Executing Query SQL: select tablegroup_name AS OBJECT_NAME from oceanbase.__all_tablegroup tg where tg.tablegroup_name not in ('oceanbase') 

2024-10-24 06:37:50 [INFO] ==> Executing Query SQL: SELECT ROUTINE_NAME AS OBJECT_NAME FROM information_schema.ROUTINES WHERE ROUTINE_SCHEMA='ncloud-global-org' AND ROUTINE_TYPE='FUNCTION' 

2024-10-24 06:37:50 [INFO] ==> Executing Query SQL: SELECT ROUTINE_NAME AS OBJECT_NAME FROM information_schema.ROUTINES WHERE ROUTINE_SCHEMA='ncloud-global-org' AND ROUTINE_TYPE='PROCEDURE' 

2024-10-24 06:37:50 [INFO] ==> Executing Query SQL: show create TABLE `t4`

2024-10-24 06:37:50 [INFO] ==> Executing Query SQL: show create TABLE `c31`

2024-10-24 06:37:50 [INFO] ==> Executing Query SQL: show create TABLE `t5`

2024-10-24 06:37:50 [INFO] ==> Executing Query SQL: show create TABLE `c30`

2024-10-24 06:37:50 [INFO] ==> Executing Query SQL: show create TABLE `c11`

2024-10-24 06:37:50 [INFO] ==> Executing Query SQL: show create TABLE `t6`

2024-10-24 06:37:51 [INFO] ==> Executing Query SQL: show create TABLE `t1`

2024-10-24 06:37:51 [INFO] ==> Executing Query SQL: show create TABLE `c33`

2024-10-24 06:37:51 [INFO] ==> Executing Query SQL: show create TABLE `c32`

2024-10-24 06:37:51 [INFO] ==> Executing Query SQL: show create TABLE `t7`

2024-10-24 06:37:51 [INFO] ==> Executing Query SQL: show create TABLE `c13`

2024-10-24 06:37:51 [INFO] ==> Executing Query SQL: show create TABLE `t8`

2024-10-24 06:37:51 [INFO] ==> Executing Query SQL: show create TABLE `c12`

2024-10-24 06:37:51 [INFO] ==> Executing Query SQL: show create TABLE `c15`

2024-10-24 06:37:51 [INFO] ==> Executing Query SQL: show create TABLE `c14`

2024-10-24 06:37:51 [INFO] ==> Executing Query SQL: show create TABLE `dc12`

2024-10-24 06:37:51 [INFO] ==> Executing Query SQL: show create TABLE `s72`

2024-10-24 06:37:51 [INFO] ==> Executing Query SQL: show create TABLE `s31`

2024-10-24 06:37:51 [INFO] ==> Executing Query SQL: show create TABLE `t10`

2024-10-24 06:37:51 [INFO] ==> Executing Query SQL: show create TABLE `dc119`

2024-10-24 06:37:51 [INFO] ==> Executing Query SQL: show create TABLE `dc5`

2024-10-24 06:37:51 [INFO] ==> Executing Query SQL: show create TABLE `dc80`

2024-10-24 06:37:51 [INFO] ==> Executing Query SQL: show create TABLE `c20`

2024-10-24 06:37:51 [INFO] ==> Executing Query SQL: show create TABLE `c02`

2024-10-24 06:37:51 [INFO] ==> Executing Query SQL: show create TABLE `c21`

2024-10-24 06:37:51 [INFO] ==> Executing Query SQL: show create TABLE `c01`

2024-10-24 06:37:51 [INFO] ==> Executing Query SQL: show create TABLE `c03`

2024-10-24 06:37:51 [INFO] ==> Executing Query SQL: show create TABLE `j01`

2024-10-24 06:37:51 [INFO] ==> Executing Query SQL: show create TABLE `dc11`

2024-10-24 06:37:51 [INFO] ==> Executing Query SQL: show create TABLE `j02`

2024-10-24 06:37:51 [INFO] ==> Executing Query SQL: show create TABLE `dc52`

2024-10-24 06:37:51 [INFO] ==> Executing Query SQL: show create TABLE `dc75`

2024-10-24 06:37:51 [INFO] ==> Executing Query SQL: show create TABLE `dc90`

2024-10-24 06:37:51 [INFO] ==> Executing Query SQL: show create TABLE `dc51`

2024-10-24 06:37:51 [INFO] ==> Executing Query SQL: show create TABLE `dc91`

2024-10-24 06:37:51 [INFO] ==> Executing Query SQL: show create TABLE `t2`

2024-10-24 06:37:51 [INFO] ==> Executing Query SQL: show create TABLE `c10`

2024-10-24 06:37:51 [INFO] ==> Executing Query SQL: show create TABLE `t3`

