2024-10-24 06:37:54 [INFO] ==> Executing Query SQL: SELECT TABLE_NAME FROM information_schema.TABLES where TABLE_SCHEMA='ncloud-global-template' AND TABLE_NAME NOT LIKE 'RECYCLE_%' AND TABLE_TYPE='BASE TABLE'  

2024-10-24 06:37:54 [INFO] ==> Executing Query SQL: SELECT TABLE_NAME AS OBJECT_NAME FROM information_schema.VIEWS WHERE TABLE_SCHEMA='ncloud-global-template' 

2024-10-24 06:37:54 [INFO] ==> Executing Query SQL: select sequence_name as object_name from oceanbase.__all_sequence_object s,oceanbase.__all_database d where s.database_id=d.database_id and d.database_name='ncloud-global-template' 

2024-10-24 06:37:54 [INFO] ==> Executing Query SQL: select tablegroup_name AS OBJECT_NAME from oceanbase.__all_tablegroup tg where tg.tablegroup_name not in ('oceanbase') 

2024-10-24 06:37:54 [INFO] ==> Executing Query SQL: SELECT ROUTINE_NAME AS OBJECT_NAME FROM information_schema.ROUTINES WHERE ROUTINE_SCHEMA='ncloud-global-template' AND ROUTINE_TYPE='FUNCTION' 

2024-10-24 06:37:54 [INFO] ==> Executing Query SQL: SELECT ROUTINE_NAME AS OBJECT_NAME FROM information_schema.ROUTINES WHERE ROUTINE_SCHEMA='ncloud-global-template' AND ROUTINE_TYPE='PROCEDURE' 

2024-10-24 06:37:54 [INFO] ==> Executing Query SQL: show create TABLE `s71`

2024-10-24 06:37:54 [INFO] ==> Executing Query SQL: show create TABLE `fyfp_pzkm_template`

2024-10-24 06:37:54 [INFO] ==> Executing Query SQL: show create TABLE `hd_pdf_dimension`

2024-10-24 06:37:54 [INFO] ==> Executing Query SQL: show create TABLE `s74`

2024-10-24 06:37:54 [INFO] ==> Executing Query SQL: show create TABLE `s50`

2024-10-24 06:37:54 [INFO] ==> Executing Query SQL: show create TABLE `s11`

2024-10-24 06:37:54 [INFO] ==> Executing Query SQL: show create TABLE `s33`

2024-10-24 06:37:54 [INFO] ==> Executing Query SQL: show create TABLE `dc71_template`

2024-10-24 06:37:54 [INFO] ==> Executing Query SQL: show create TABLE `s10`

2024-10-24 06:37:54 [INFO] ==> Executing Query SQL: show create TABLE `s32`

2024-10-24 06:37:54 [INFO] ==> Executing Query SQL: show create TABLE `s13`

2024-10-24 06:37:54 [INFO] ==> Executing Query SQL: show create TABLE `s35`

2024-10-24 06:37:54 [INFO] ==> Executing Query SQL: show create TABLE `s12`

2024-10-24 06:37:54 [INFO] ==> Executing Query SQL: show create TABLE `s14`

2024-10-24 06:37:54 [INFO] ==> Executing Query SQL: show create TABLE `grsds_rate`

2024-10-24 06:37:54 [INFO] ==> Executing Query SQL: show create TABLE `dc281`

2024-10-24 06:37:54 [INFO] ==> Executing Query SQL: show create TABLE `s5`

2024-10-24 06:37:54 [INFO] ==> Executing Query SQL: show create TABLE `dc282`

2024-10-24 06:37:54 [INFO] ==> Executing Query SQL: show create TABLE `s6`

2024-10-24 06:37:54 [INFO] ==> Executing Query SQL: show create TABLE `s9`

2024-10-24 06:37:54 [INFO] ==> Executing Query SQL: show create TABLE `gz_pzkm_template`

2024-10-24 06:37:54 [INFO] ==> Executing Query SQL: show create TABLE `s282`

2024-10-24 06:37:54 [INFO] ==> Executing Query SQL: show create TABLE `s281`

2024-10-24 06:37:54 [INFO] ==> Executing Query SQL: show create TABLE `s20`

2024-10-24 06:37:54 [INFO] ==> Executing Query SQL: show create TABLE `s22`

2024-10-24 06:37:55 [INFO] ==> Executing Query SQL: show create TABLE `s21`

2024-10-24 06:37:55 [INFO] ==> Executing Query SQL: show create TABLE `yhhd_yw_type_template`

2024-10-24 06:37:55 [INFO] ==> Executing Query SQL: show create TABLE `s28`

