2024-10-24 06:43:48 [INFO] ==> Executing Query SQL: SELECT TABLE_NAME AS OBJECT_NAME FROM information_schema.VIEWS WHERE TABLE_SCHEMA='ncloud-global-meta' 

2024-10-24 06:43:48 [INFO] ==> Executing Query SQL: select sequence_name as object_name from oceanbase.__all_sequence_object s,oceanbase.__all_database d where s.database_id=d.database_id and d.database_name='ncloud-global-meta' 

2024-10-24 06:43:48 [INFO] ==> Executing Query SQL: select tablegroup_name AS OBJECT_NAME from oceanbase.__all_tablegroup tg where tg.tablegroup_name not in ('oceanbase') 

2024-10-24 06:43:48 [INFO] ==> Executing Query SQL: SELECT ROUTINE_NAME AS OBJECT_NAME FROM information_schema.ROUTINES WHERE ROUTINE_SCHEMA='ncloud-global-meta' AND ROUTINE_TYPE='FUNCTION' 

2024-10-24 06:43:48 [INFO] ==> Executing Query SQL: SELECT ROUTINE_NAME AS OBJECT_NAME FROM information_schema.ROUTINES WHERE ROUTINE_SCHEMA='ncloud-global-meta' AND ROUTINE_TYPE='PROCEDURE' 

2024-10-24 06:43:48 [INFO] ==> Executing Query SQL: SELECT T.TABLE_NAME AS TABLE_NAME,C.COLUMN_NAME AS COLUMN_NAME,C.DATA_TYPE AS DATA_TYPE,C.DATETIME_PRECISION AS DATETIME_PRECISION,C.IS_NULLABLE AS NULLABLE,C.GENERATION_EXPRESSION AS GENERATION_EXPRESSION,C.ORDINAL_POSITION-1 AS COLUMN_POSITION FROM information_schema.TABLES T, information_schema.COLUMNS C WHERE T.TABLE_SCHEMA=C.TABLE_SCHEMA AND T.TABLE_NAME=C.TABLE_NAME AND T.TABLE_SCHEMA='ncloud-global-meta' AND T.TABLE_NAME NOT LIKE 'RECYCLE_%' AND T.TABLE_TYPE='BASE TABLE'  ORDER BY C.TABLE_NAME,C.ORDINAL_POSITION ASC

2024-10-24 06:43:48 [INFO] ==> Executing Query SQL: select 1 from `ncloud-global-meta`.`m1` limit 1

2024-10-24 06:43:48 [INFO] ==> Executing Query SQL: select 1 from `ncloud-global-meta`.`f10` limit 1

2024-10-24 06:43:48 [INFO] ==> Executing Query SQL: select 1 from `ncloud-global-meta`.`m5` limit 1

2024-10-24 06:43:48 [INFO] ==> Executing Query SQL: select 1 from `ncloud-global-meta`.`m6` limit 1

2024-10-24 06:43:48 [INFO] ==> Executing Query SQL: select 1 from `ncloud-global-meta`.`m7` limit 1

2024-10-24 06:43:48 [INFO] ==> Executing Query SQL: select 1 from `ncloud-global-meta`.`m20` limit 1

2024-10-24 06:43:48 [INFO] ==> Executing Query SQL: select 1 from `ncloud-global-meta`.`m8` limit 1

2024-10-24 06:43:48 [INFO] ==> Executing Query SQL: select 1 from `ncloud-global-meta`.`m30` limit 1

2024-10-24 06:43:48 [INFO] ==> Executing Query SQL: select 1 from `ncloud-global-meta`.`f1` limit 1

2024-10-24 06:43:48 [INFO] ==> Executing Query SQL: select 1 from `ncloud-global-meta`.`m9` limit 1

2024-10-24 06:43:49 [INFO] ==> Executing Query SQL: select 1 from `ncloud-global-meta`.`m11` limit 1

2024-10-24 06:43:49 [INFO] ==> Executing Query SQL: select 1 from `ncloud-global-meta`.`f2` limit 1

2024-10-24 06:43:49 [INFO] ==> Executing Query SQL: select 1 from `ncloud-global-meta`.`m21` limit 1

2024-10-24 06:43:49 [INFO] ==> Executing Query SQL: select 1 from `ncloud-global-meta`.`m10` limit 1

2024-10-24 06:43:49 [INFO] ==> Executing Query SQL: select 1 from `ncloud-global-meta`.`f3` limit 1

2024-10-24 06:43:49 [INFO] ==> Executing Query SQL: select 1 from `ncloud-global-meta`.`m35` limit 1

2024-10-24 06:43:49 [INFO] ==> Executing Query SQL: select 1 from `ncloud-global-meta`.`f4` limit 1

2024-10-24 06:43:49 [INFO] ==> Executing Query SQL: select 1 from `ncloud-global-meta`.`m26` limit 1

2024-10-24 06:43:49 [INFO] ==> Executing Query SQL: select 1 from `ncloud-global-meta`.`m15` limit 1

2024-10-24 06:43:49 [INFO] ==> Executing Query SQL: select 1 from `ncloud-global-meta`.`m36` limit 1

2024-10-24 06:43:49 [INFO] ==> Executing Query SQL: select 1 from `ncloud-global-meta`.`gz` limit 1

2024-10-24 06:43:49 [INFO] ==> Executing Query SQL: show create TABLE `m1`

2024-10-24 06:43:49 [INFO] ==> Executing Query SQL: show create TABLE `f10`

2024-10-24 06:43:49 [INFO] ==> Executing Query SQL: show create TABLE `m6`

2024-10-24 06:43:49 [INFO] ==> Executing Query SQL: show create TABLE `m5`

2024-10-24 06:43:49 [INFO] ==> Executing Query SQL: show create TABLE `m8`

2024-10-24 06:43:49 [INFO] ==> Executing Query SQL: show create TABLE `m20`

2024-10-24 06:43:49 [INFO] ==> Executing Query SQL: show create TABLE `m7`

2024-10-24 06:43:49 [INFO] ==> Executing Query SQL: show create TABLE `m30`

2024-10-24 06:43:49 [INFO] ==> Executing Query SQL: show create TABLE `m11`

2024-10-24 06:43:49 [INFO] ==> Executing Query SQL: show create TABLE `m9`

2024-10-24 06:43:49 [INFO] ==> Executing Query SQL: show create TABLE `f1`

2024-10-24 06:43:49 [INFO] ==> Executing Query SQL: show create TABLE `f2`

2024-10-24 06:43:49 [INFO] ==> Executing Query SQL: show create TABLE `m21`

2024-10-24 06:43:49 [INFO] ==> Executing Query SQL: show create TABLE `m10`

2024-10-24 06:43:49 [INFO] ==> Executing Query SQL: show create TABLE `f3`

2024-10-24 06:43:49 [INFO] ==> Executing Query SQL: show create TABLE `m35`

2024-10-24 06:43:49 [INFO] ==> Executing Query SQL: show create TABLE `f4`

2024-10-24 06:43:49 [INFO] ==> Executing Query SQL: show create TABLE `m26`

2024-10-24 06:43:49 [INFO] ==> Executing Query SQL: show create TABLE `m15`

2024-10-24 06:43:49 [INFO] ==> Executing Query SQL: show create TABLE `m36`

2024-10-24 06:43:49 [INFO] ==> Executing Query SQL: show create TABLE `gz`

2024-10-24 06:43:50 [INFO] ==> Executing Query SQL: select svr_ip,sql_port,table_id,table_type,role,part_num,replica_num,schema_version,spare1 from oceanbase.__all_virtual_proxy_schema where tenant_name = ? and database_name = ? and table_name = ? and TABLET_ID = 0 order by role asc

2024-10-24 06:43:50 [INFO] ==> Executing Query SQL: select svr_ip,sql_port,table_id,table_type,role,part_num,replica_num,schema_version,spare1 from oceanbase.__all_virtual_proxy_schema where tenant_name = ? and database_name = ? and table_name = ? and TABLET_ID = 0 order by role asc

2024-10-24 06:43:50 [INFO] ==> Executing Query SQL: select svr_ip,sql_port,table_id,table_type,role,part_num,replica_num,schema_version,spare1 from oceanbase.__all_virtual_proxy_schema where tenant_name = ? and database_name = ? and table_name = ? and TABLET_ID = 0 order by role asc

2024-10-24 06:43:50 [INFO] ==> Executing Query SQL: select svr_ip,sql_port,table_id,table_type,role,part_num,replica_num,schema_version,spare1 from oceanbase.__all_virtual_proxy_schema where tenant_name = ? and database_name = ? and table_name = ? and TABLET_ID = 0 order by role asc

2024-10-24 06:43:50 [INFO] ==> Executing Query SQL: select svr_ip,sql_port,table_id,table_type,role,part_num,replica_num,schema_version,spare1 from oceanbase.__all_virtual_proxy_schema where tenant_name = ? and database_name = ? and table_name = ? and TABLET_ID = 0 order by role asc

2024-10-24 06:43:50 [INFO] ==> Executing Query SQL: select svr_ip,sql_port,table_id,table_type,role,part_num,replica_num,schema_version,spare1 from oceanbase.__all_virtual_proxy_schema where tenant_name = ? and database_name = ? and table_name = ? and TABLET_ID = 0 order by role asc

2024-10-24 06:43:50 [INFO] ==> Executing Query SQL: select svr_ip,sql_port,table_id,table_type,role,part_num,replica_num,schema_version,spare1 from oceanbase.__all_virtual_proxy_schema where tenant_name = ? and database_name = ? and table_name = ? and TABLET_ID = 0 order by role asc

2024-10-24 06:43:50 [INFO] ==> Executing Query SQL: select svr_ip,sql_port,table_id,table_type,role,part_num,replica_num,schema_version,spare1 from oceanbase.__all_virtual_proxy_schema where tenant_name = ? and database_name = ? and table_name = ? and TABLET_ID = 0 order by role asc

2024-10-24 06:43:50 [INFO] ==> Executing Query SQL: select svr_ip,sql_port,table_id,table_type,role,part_num,replica_num,schema_version,spare1 from oceanbase.__all_virtual_proxy_schema where tenant_name = ? and database_name = ? and table_name = ? and TABLET_ID = 0 order by role asc

2024-10-24 06:43:50 [INFO] ==> Executing Query SQL: select svr_ip,sql_port,table_id,table_type,role,part_num,replica_num,schema_version,spare1 from oceanbase.__all_virtual_proxy_schema where tenant_name = ? and database_name = ? and table_name = ? and TABLET_ID = 0 order by role asc

2024-10-24 06:43:50 [INFO] ==> Executing Query SQL: select svr_ip,sql_port,table_id,table_type,role,part_num,replica_num,schema_version,spare1 from oceanbase.__all_virtual_proxy_schema where tenant_name = ? and database_name = ? and table_name = ? and TABLET_ID = 0 order by role asc

2024-10-24 06:43:50 [INFO] ==> Executing Query SQL: select svr_ip,sql_port,table_id,table_type,role,part_num,replica_num,schema_version,spare1 from oceanbase.__all_virtual_proxy_schema where tenant_name = ? and database_name = ? and table_name = ? and TABLET_ID = 0 order by role asc

2024-10-24 06:43:50 [INFO] ==> Executing Query SQL: select svr_ip,sql_port,table_id,table_type,role,part_num,replica_num,schema_version,spare1 from oceanbase.__all_virtual_proxy_schema where tenant_name = ? and database_name = ? and table_name = ? and TABLET_ID = 0 order by role asc

2024-10-24 06:43:50 [INFO] ==> Executing Query SQL: select svr_ip,sql_port,table_id,table_type,role,part_num,replica_num,schema_version,spare1 from oceanbase.__all_virtual_proxy_schema where tenant_name = ? and database_name = ? and table_name = ? and TABLET_ID = 0 order by role asc

2024-10-24 06:43:50 [INFO] ==> Executing Query SQL: select svr_ip,sql_port,table_id,table_type,role,part_num,replica_num,schema_version,spare1 from oceanbase.__all_virtual_proxy_schema where tenant_name = ? and database_name = ? and table_name = ? and TABLET_ID = 0 order by role asc

2024-10-24 06:43:50 [INFO] ==> Executing Query SQL: select svr_ip,sql_port,table_id,table_type,role,part_num,replica_num,schema_version,spare1 from oceanbase.__all_virtual_proxy_schema where tenant_name = ? and database_name = ? and table_name = ? and TABLET_ID = 0 order by role asc

2024-10-24 06:43:50 [INFO] ==> Executing Query SQL: select svr_ip,sql_port,table_id,table_type,role,part_num,replica_num,schema_version,spare1 from oceanbase.__all_virtual_proxy_schema where tenant_name = ? and database_name = ? and table_name = ? and TABLET_ID = 0 order by role asc

2024-10-24 06:43:50 [INFO] ==> Executing Query SQL: select column_name from information_schema.STATISTICS where table_schema=? and table_name=? and index_name='PRIMARY' order by SEQ_IN_INDEX asc

2024-10-24 06:43:50 [INFO] ==> Executing Query SQL: select column_name from information_schema.STATISTICS where table_schema=? and table_name=? and index_name='PRIMARY' order by SEQ_IN_INDEX asc

2024-10-24 06:43:50 [INFO] ==> Executing Query SQL: select column_name from information_schema.STATISTICS where table_schema=? and table_name=? and index_name='PRIMARY' order by SEQ_IN_INDEX asc

2024-10-24 06:43:50 [INFO] ==> Executing Query SQL: select column_name from information_schema.STATISTICS where table_schema=? and table_name=? and index_name='PRIMARY' order by SEQ_IN_INDEX asc

2024-10-24 06:43:50 [INFO] ==> Executing Query SQL: select column_name from information_schema.STATISTICS where table_schema=? and table_name=? and index_name='PRIMARY' order by SEQ_IN_INDEX asc

2024-10-24 06:43:50 [INFO] ==> Executing Query SQL: select column_name from information_schema.STATISTICS where table_schema=? and table_name=? and index_name='PRIMARY' order by SEQ_IN_INDEX asc

2024-10-24 06:43:50 [INFO] ==> Executing Query SQL: select column_name from information_schema.STATISTICS where table_schema=? and table_name=? and index_name='PRIMARY' order by SEQ_IN_INDEX asc

2024-10-24 06:43:50 [INFO] ==> Executing Query SQL: select column_name from information_schema.STATISTICS where table_schema=? and table_name=? and index_name='PRIMARY' order by SEQ_IN_INDEX asc

2024-10-24 06:43:50 [INFO] ==> Executing Query SQL: select column_name from information_schema.STATISTICS where table_schema=? and table_name=? and index_name='PRIMARY' order by SEQ_IN_INDEX asc

2024-10-24 06:43:50 [INFO] ==> Executing Query SQL: select column_name from information_schema.STATISTICS where table_schema=? and table_name=? and index_name='PRIMARY' order by SEQ_IN_INDEX asc

2024-10-24 06:43:50 [INFO] ==> Executing Query SQL: select column_name from information_schema.STATISTICS where table_schema=? and table_name=? and index_name='PRIMARY' order by SEQ_IN_INDEX asc

2024-10-24 06:43:50 [INFO] ==> Executing Query SQL: select column_name from information_schema.STATISTICS where table_schema=? and table_name=? and index_name='PRIMARY' order by SEQ_IN_INDEX asc

2024-10-24 06:43:50 [INFO] ==> Executing Query SQL: select column_name from information_schema.STATISTICS where table_schema=? and table_name=? and index_name='PRIMARY' order by SEQ_IN_INDEX asc

2024-10-24 06:43:50 [INFO] ==> Executing Query SQL: select column_name from information_schema.STATISTICS where table_schema=? and table_name=? and index_name='PRIMARY' order by SEQ_IN_INDEX asc

2024-10-24 06:43:50 [INFO] ==> Executing Query SQL: select column_name from information_schema.STATISTICS where table_schema=? and table_name=? and index_name='PRIMARY' order by SEQ_IN_INDEX asc

2024-10-24 06:43:50 [INFO] ==> Executing Query SQL: select column_name from information_schema.STATISTICS where table_schema=? and table_name=? and index_name='PRIMARY' order by SEQ_IN_INDEX asc

2024-10-24 06:43:50 [INFO] ==> Executing Query SQL: select column_name from information_schema.STATISTICS where table_schema=? and table_name=? and index_name='PRIMARY' order by SEQ_IN_INDEX asc

2024-10-24 06:43:50 [INFO] ==> Executing Query SQL: select `id` from `ncloud-global-meta`.`m1` order by `id` limit 999999, 1 

2024-10-24 06:43:50 [INFO] ==> Executing Query SQL: select `id` from `ncloud-global-meta`.`m6` order by `id` limit 999999, 1 

2024-10-24 06:43:50 [INFO] ==> Executing Query SQL: select `id` from `ncloud-global-meta`.`m21` order by `id` limit 999999, 1 

2024-10-24 06:43:50 [INFO] ==> Executing Query SQL: select `id` from `ncloud-global-meta`.`m30` order by `id` limit 999999, 1 

2024-10-24 06:43:50 [INFO] ==> Executing Query SQL: select `id` from `ncloud-global-meta`.`m9` order by `id` limit 999999, 1 

2024-10-24 06:43:50 [INFO] ==> Executing Query SQL: select `id` from `ncloud-global-meta`.`m8` order by `id` limit 999999, 1 

2024-10-24 06:43:50 [INFO] ==> Executing Query SQL: select `id` from `ncloud-global-meta`.`f1` order by `id` limit 999999, 1 

2024-10-24 06:43:50 [INFO] ==> Executing Query SQL: select `id` from `ncloud-global-meta`.`m20` order by `id` limit 999999, 1 

2024-10-24 06:43:50 [INFO] ==> Executing Query SQL: select `id` from `ncloud-global-meta`.`f2` order by `id` limit 999999, 1 

2024-10-24 06:43:50 [INFO] ==> Executing Query SQL: select `id` from `ncloud-global-meta`.`m5` order by `id` limit 999999, 1 

2024-10-24 06:43:50 [INFO] ==> Executing Query SQL: select `id` from `ncloud-global-meta`.`m10` order by `id` limit 999999, 1 

2024-10-24 06:43:50 [INFO] ==> Executing Query SQL: select `id` from `ncloud-global-meta`.`m35` order by `id` limit 999999, 1 

2024-10-24 06:43:50 [INFO] ==> Executing Query SQL: select `id` from `ncloud-global-meta`.`f3` order by `id` limit 999999, 1 

2024-10-24 06:43:50 [INFO] ==> Executing Query SQL: select `id` from `ncloud-global-meta`.`m26` order by `id` limit 999999, 1 

2024-10-24 06:43:50 [INFO] ==> Executing Query SQL: select `id` from `ncloud-global-meta`.`m36` order by `id` limit 999999, 1 

2024-10-24 06:43:50 [INFO] ==> Executing Query SQL: select `id` from `ncloud-global-meta`.`f4` order by `id` limit 999999, 1 

2024-10-24 06:43:50 [INFO] ==> Executing Query SQL: select `id` from `ncloud-global-meta`.`gz` order by `id` limit 999999, 1 

