2024-10-24 06:43:59 [INFO] ==> Executing Query SQL: SELECT TABLE_NAME AS OBJECT_NAME FROM information_schema.VIEWS WHERE TABLE_SCHEMA='ncloud-global-template' 

2024-10-24 06:43:59 [INFO] ==> Executing Query SQL: select sequence_name as object_name from oceanbase.__all_sequence_object s,oceanbase.__all_database d where s.database_id=d.database_id and d.database_name='ncloud-global-template' 

2024-10-24 06:43:59 [INFO] ==> Executing Query SQL: select tablegroup_name AS OBJECT_NAME from oceanbase.__all_tablegroup tg where tg.tablegroup_name not in ('oceanbase') 

2024-10-24 06:43:59 [INFO] ==> Executing Query SQL: SELECT ROUTINE_NAME AS OBJECT_NAME FROM information_schema.ROUTINES WHERE ROUTINE_SCHEMA='ncloud-global-template' AND ROUTINE_TYPE='FUNCTION' 

2024-10-24 06:43:59 [INFO] ==> Executing Query SQL: SELECT ROUTINE_NAME AS OBJECT_NAME FROM information_schema.ROUTINES WHERE ROUTINE_SCHEMA='ncloud-global-template' AND ROUTINE_TYPE='PROCEDURE' 

2024-10-24 06:43:59 [INFO] ==> Executing Query SQL: SELECT T.TABLE_NAME AS TABLE_NAME,C.COLUMN_NAME AS COLUMN_NAME,C.DATA_TYPE AS DATA_TYPE,C.DATETIME_PRECISION AS DATETIME_PRECISION,C.IS_NULLABLE AS NULLABLE,C.GENERATION_EXPRESSION AS GENERATION_EXPRESSION,C.ORDINAL_POSITION-1 AS COLUMN_POSITION FROM information_schema.TABLES T, information_schema.COLUMNS C WHERE T.TABLE_SCHEMA=C.TABLE_SCHEMA AND T.TABLE_NAME=C.TABLE_NAME AND T.TABLE_SCHEMA='ncloud-global-template' AND T.TABLE_NAME NOT LIKE 'RECYCLE_%' AND T.TABLE_TYPE='BASE TABLE'  ORDER BY C.TABLE_NAME,C.ORDINAL_POSITION ASC

2024-10-24 06:43:59 [INFO] ==> Executing Query SQL: select 1 from `ncloud-global-template`.`fyfp_pzkm_template` limit 1

2024-10-24 06:43:59 [INFO] ==> Executing Query SQL: select 1 from `ncloud-global-template`.`s71` limit 1

2024-10-24 06:43:59 [INFO] ==> Executing Query SQL: select 1 from `ncloud-global-template`.`hd_pdf_dimension` limit 1

2024-10-24 06:43:59 [INFO] ==> Executing Query SQL: select 1 from `ncloud-global-template`.`s50` limit 1

2024-10-24 06:43:59 [INFO] ==> Executing Query SQL: select 1 from `ncloud-global-template`.`s74` limit 1

2024-10-24 06:43:59 [INFO] ==> Executing Query SQL: select 1 from `ncloud-global-template`.`s33` limit 1

2024-10-24 06:43:59 [INFO] ==> Executing Query SQL: select 1 from `ncloud-global-template`.`s11` limit 1

2024-10-24 06:43:59 [INFO] ==> Executing Query SQL: select 1 from `ncloud-global-template`.`dc71_template` limit 1

2024-10-24 06:43:59 [INFO] ==> Executing Query SQL: select 1 from `ncloud-global-template`.`s32` limit 1

2024-10-24 06:43:59 [INFO] ==> Executing Query SQL: select 1 from `ncloud-global-template`.`s10` limit 1

2024-10-24 06:43:59 [INFO] ==> Executing Query SQL: select 1 from `ncloud-global-template`.`s13` limit 1

2024-10-24 06:43:59 [INFO] ==> Executing Query SQL: select 1 from `ncloud-global-template`.`s12` limit 1

2024-10-24 06:43:59 [INFO] ==> Executing Query SQL: select 1 from `ncloud-global-template`.`s35` limit 1

2024-10-24 06:43:59 [INFO] ==> Executing Query SQL: select 1 from `ncloud-global-template`.`grsds_rate` limit 1

2024-10-24 06:43:59 [INFO] ==> Executing Query SQL: select 1 from `ncloud-global-template`.`s14` limit 1

2024-10-24 06:43:59 [INFO] ==> Executing Query SQL: select 1 from `ncloud-global-template`.`s5` limit 1

2024-10-24 06:43:59 [INFO] ==> Executing Query SQL: select 1 from `ncloud-global-template`.`dc281` limit 1

2024-10-24 06:43:59 [INFO] ==> Executing Query SQL: select 1 from `ncloud-global-template`.`s6` limit 1

2024-10-24 06:43:59 [INFO] ==> Executing Query SQL: select 1 from `ncloud-global-template`.`dc282` limit 1

2024-10-24 06:43:59 [INFO] ==> Executing Query SQL: select 1 from `ncloud-global-template`.`s9` limit 1

2024-10-24 06:43:59 [INFO] ==> Executing Query SQL: select 1 from `ncloud-global-template`.`gz_pzkm_template` limit 1

2024-10-24 06:43:59 [INFO] ==> Executing Query SQL: select 1 from `ncloud-global-template`.`s282` limit 1

2024-10-24 06:43:59 [INFO] ==> Executing Query SQL: select 1 from `ncloud-global-template`.`s281` limit 1

2024-10-24 06:43:59 [INFO] ==> Executing Query SQL: select 1 from `ncloud-global-template`.`s20` limit 1

2024-10-24 06:43:59 [INFO] ==> Executing Query SQL: select 1 from `ncloud-global-template`.`s21` limit 1

2024-10-24 06:43:59 [INFO] ==> Executing Query SQL: select 1 from `ncloud-global-template`.`yhhd_yw_type_template` limit 1

2024-10-24 06:43:59 [INFO] ==> Executing Query SQL: select 1 from `ncloud-global-template`.`s22` limit 1

2024-10-24 06:43:59 [INFO] ==> Executing Query SQL: select 1 from `ncloud-global-template`.`s28` limit 1

2024-10-24 06:43:59 [INFO] ==> Executing Query SQL: show create TABLE `s71`

2024-10-24 06:43:59 [INFO] ==> Executing Query SQL: show create TABLE `s50`

2024-10-24 06:43:59 [INFO] ==> Executing Query SQL: show create TABLE `fyfp_pzkm_template`

2024-10-24 06:43:59 [INFO] ==> Executing Query SQL: show create TABLE `hd_pdf_dimension`

2024-10-24 06:44:00 [INFO] ==> Executing Query SQL: show create TABLE `s74`

2024-10-24 06:44:00 [INFO] ==> Executing Query SQL: show create TABLE `dc71_template`

2024-10-24 06:44:00 [INFO] ==> Executing Query SQL: show create TABLE `s11`

2024-10-24 06:44:00 [INFO] ==> Executing Query SQL: show create TABLE `s33`

2024-10-24 06:44:00 [INFO] ==> Executing Query SQL: show create TABLE `s32`

2024-10-24 06:44:00 [INFO] ==> Executing Query SQL: show create TABLE `s13`

2024-10-24 06:44:00 [INFO] ==> Executing Query SQL: show create TABLE `s35`

2024-10-24 06:44:00 [INFO] ==> Executing Query SQL: show create TABLE `s10`

2024-10-24 06:44:00 [INFO] ==> Executing Query SQL: show create TABLE `s12`

2024-10-24 06:44:00 [INFO] ==> Executing Query SQL: show create TABLE `s5`

2024-10-24 06:44:00 [INFO] ==> Executing Query SQL: show create TABLE `s14`

2024-10-24 06:44:00 [INFO] ==> Executing Query SQL: show create TABLE `grsds_rate`

2024-10-24 06:44:00 [INFO] ==> Executing Query SQL: show create TABLE `dc281`

2024-10-24 06:44:00 [INFO] ==> Executing Query SQL: show create TABLE `s6`

2024-10-24 06:44:00 [INFO] ==> Executing Query SQL: show create TABLE `dc282`

2024-10-24 06:44:00 [INFO] ==> Executing Query SQL: show create TABLE `s9`

2024-10-24 06:44:00 [INFO] ==> Executing Query SQL: show create TABLE `s282`

2024-10-24 06:44:00 [INFO] ==> Executing Query SQL: show create TABLE `gz_pzkm_template`

2024-10-24 06:44:00 [INFO] ==> Executing Query SQL: show create TABLE `s20`

2024-10-24 06:44:00 [INFO] ==> Executing Query SQL: show create TABLE `s281`

2024-10-24 06:44:00 [INFO] ==> Executing Query SQL: show create TABLE `s22`

2024-10-24 06:44:00 [INFO] ==> Executing Query SQL: show create TABLE `s21`

2024-10-24 06:44:00 [INFO] ==> Executing Query SQL: show create TABLE `yhhd_yw_type_template`

2024-10-24 06:44:00 [INFO] ==> Executing Query SQL: show create TABLE `s28`

2024-10-24 06:44:00 [INFO] ==> Executing Query SQL: select svr_ip,sql_port,table_id,table_type,role,part_num,replica_num,schema_version,spare1 from oceanbase.__all_virtual_proxy_schema where tenant_name = ? and database_name = ? and table_name = ? and TABLET_ID = 0 order by role asc

2024-10-24 06:44:00 [INFO] ==> Executing Query SQL: select svr_ip,sql_port,table_id,table_type,role,part_num,replica_num,schema_version,spare1 from oceanbase.__all_virtual_proxy_schema where tenant_name = ? and database_name = ? and table_name = ? and TABLET_ID = 0 order by role asc

2024-10-24 06:44:00 [INFO] ==> Executing Query SQL: select svr_ip,sql_port,table_id,table_type,role,part_num,replica_num,schema_version,spare1 from oceanbase.__all_virtual_proxy_schema where tenant_name = ? and database_name = ? and table_name = ? and TABLET_ID = 0 order by role asc

2024-10-24 06:44:00 [INFO] ==> Executing Query SQL: select svr_ip,sql_port,table_id,table_type,role,part_num,replica_num,schema_version,spare1 from oceanbase.__all_virtual_proxy_schema where tenant_name = ? and database_name = ? and table_name = ? and TABLET_ID = 0 order by role asc

2024-10-24 06:44:00 [INFO] ==> Executing Query SQL: select svr_ip,sql_port,table_id,table_type,role,part_num,replica_num,schema_version,spare1 from oceanbase.__all_virtual_proxy_schema where tenant_name = ? and database_name = ? and table_name = ? and TABLET_ID = 0 order by role asc

2024-10-24 06:44:00 [INFO] ==> Executing Query SQL: select svr_ip,sql_port,table_id,table_type,role,part_num,replica_num,schema_version,spare1 from oceanbase.__all_virtual_proxy_schema where tenant_name = ? and database_name = ? and table_name = ? and TABLET_ID = 0 order by role asc

2024-10-24 06:44:00 [INFO] ==> Executing Query SQL: select svr_ip,sql_port,table_id,table_type,role,part_num,replica_num,schema_version,spare1 from oceanbase.__all_virtual_proxy_schema where tenant_name = ? and database_name = ? and table_name = ? and TABLET_ID = 0 order by role asc

2024-10-24 06:44:00 [INFO] ==> Executing Query SQL: select svr_ip,sql_port,table_id,table_type,role,part_num,replica_num,schema_version,spare1 from oceanbase.__all_virtual_proxy_schema where tenant_name = ? and database_name = ? and table_name = ? and TABLET_ID = 0 order by role asc

2024-10-24 06:44:00 [INFO] ==> Executing Query SQL: select svr_ip,sql_port,table_id,table_type,role,part_num,replica_num,schema_version,spare1 from oceanbase.__all_virtual_proxy_schema where tenant_name = ? and database_name = ? and table_name = ? and TABLET_ID = 0 order by role asc

2024-10-24 06:44:01 [INFO] ==> Executing Query SQL: select svr_ip,sql_port,table_id,table_type,role,part_num,replica_num,schema_version,spare1 from oceanbase.__all_virtual_proxy_schema where tenant_name = ? and database_name = ? and table_name = ? and TABLET_ID = 0 order by role asc

2024-10-24 06:44:01 [INFO] ==> Executing Query SQL: select svr_ip,sql_port,table_id,table_type,role,part_num,replica_num,schema_version,spare1 from oceanbase.__all_virtual_proxy_schema where tenant_name = ? and database_name = ? and table_name = ? and TABLET_ID = 0 order by role asc

2024-10-24 06:44:01 [INFO] ==> Executing Query SQL: select svr_ip,sql_port,table_id,table_type,role,part_num,replica_num,schema_version,spare1 from oceanbase.__all_virtual_proxy_schema where tenant_name = ? and database_name = ? and table_name = ? and TABLET_ID = 0 order by role asc

2024-10-24 06:44:01 [INFO] ==> Executing Query SQL: select svr_ip,sql_port,table_id,table_type,role,part_num,replica_num,schema_version,spare1 from oceanbase.__all_virtual_proxy_schema where tenant_name = ? and database_name = ? and table_name = ? and TABLET_ID = 0 order by role asc

2024-10-24 06:44:01 [INFO] ==> Executing Query SQL: select svr_ip,sql_port,table_id,table_type,role,part_num,replica_num,schema_version,spare1 from oceanbase.__all_virtual_proxy_schema where tenant_name = ? and database_name = ? and table_name = ? and TABLET_ID = 0 order by role asc

2024-10-24 06:44:01 [INFO] ==> Executing Query SQL: select svr_ip,sql_port,table_id,table_type,role,part_num,replica_num,schema_version,spare1 from oceanbase.__all_virtual_proxy_schema where tenant_name = ? and database_name = ? and table_name = ? and TABLET_ID = 0 order by role asc

2024-10-24 06:44:01 [INFO] ==> Executing Query SQL: select svr_ip,sql_port,table_id,table_type,role,part_num,replica_num,schema_version,spare1 from oceanbase.__all_virtual_proxy_schema where tenant_name = ? and database_name = ? and table_name = ? and TABLET_ID = 0 order by role asc

2024-10-24 06:44:01 [INFO] ==> Executing Query SQL: select svr_ip,sql_port,table_id,table_type,role,part_num,replica_num,schema_version,spare1 from oceanbase.__all_virtual_proxy_schema where tenant_name = ? and database_name = ? and table_name = ? and TABLET_ID = 0 order by role asc

2024-10-24 06:44:01 [INFO] ==> Executing Query SQL: select column_name from information_schema.STATISTICS where table_schema=? and table_name=? and index_name='PRIMARY' order by SEQ_IN_INDEX asc

2024-10-24 06:44:01 [INFO] ==> Executing Query SQL: select svr_ip,sql_port,table_id,table_type,role,part_num,replica_num,schema_version,spare1 from oceanbase.__all_virtual_proxy_schema where tenant_name = ? and database_name = ? and table_name = ? and TABLET_ID = 0 order by role asc

2024-10-24 06:44:01 [INFO] ==> Executing Query SQL: select svr_ip,sql_port,table_id,table_type,role,part_num,replica_num,schema_version,spare1 from oceanbase.__all_virtual_proxy_schema where tenant_name = ? and database_name = ? and table_name = ? and TABLET_ID = 0 order by role asc

2024-10-24 06:44:01 [INFO] ==> Executing Query SQL: select svr_ip,sql_port,table_id,table_type,role,part_num,replica_num,schema_version,spare1 from oceanbase.__all_virtual_proxy_schema where tenant_name = ? and database_name = ? and table_name = ? and TABLET_ID = 0 order by role asc

2024-10-24 06:44:01 [INFO] ==> Executing Query SQL: select svr_ip,sql_port,table_id,table_type,role,part_num,replica_num,schema_version,spare1 from oceanbase.__all_virtual_proxy_schema where tenant_name = ? and database_name = ? and table_name = ? and TABLET_ID = 0 order by role asc

2024-10-24 06:44:01 [INFO] ==> Executing Query SQL: select svr_ip,sql_port,table_id,table_type,role,part_num,replica_num,schema_version,spare1 from oceanbase.__all_virtual_proxy_schema where tenant_name = ? and database_name = ? and table_name = ? and TABLET_ID = 0 order by role asc

2024-10-24 06:44:01 [INFO] ==> Executing Query SQL: select svr_ip,sql_port,table_id,table_type,role,part_num,replica_num,schema_version,spare1 from oceanbase.__all_virtual_proxy_schema where tenant_name = ? and database_name = ? and table_name = ? and TABLET_ID = 0 order by role asc

2024-10-24 06:44:01 [INFO] ==> Executing Query SQL: select svr_ip,sql_port,table_id,table_type,role,part_num,replica_num,schema_version,spare1 from oceanbase.__all_virtual_proxy_schema where tenant_name = ? and database_name = ? and table_name = ? and TABLET_ID = 0 order by role asc

2024-10-24 06:44:01 [INFO] ==> Executing Query SQL: select column_name from information_schema.STATISTICS where table_schema=? and table_name=? and index_name='PRIMARY' order by SEQ_IN_INDEX asc

2024-10-24 06:44:01 [INFO] ==> Executing Query SQL: select column_name from information_schema.STATISTICS where table_schema=? and table_name=? and index_name='PRIMARY' order by SEQ_IN_INDEX asc

2024-10-24 06:44:01 [INFO] ==> Executing Query SQL: select column_name from information_schema.STATISTICS where table_schema=? and table_name=? and index_name='PRIMARY' order by SEQ_IN_INDEX asc

2024-10-24 06:44:01 [INFO] ==> Executing Query SQL: select column_name from information_schema.STATISTICS where table_schema=? and table_name=? and index_name='PRIMARY' order by SEQ_IN_INDEX asc

2024-10-24 06:44:01 [INFO] ==> Executing Query SQL: select column_name from information_schema.STATISTICS where table_schema=? and table_name=? and index_name='PRIMARY' order by SEQ_IN_INDEX asc

2024-10-24 06:44:01 [INFO] ==> Executing Query SQL: select column_name from information_schema.STATISTICS where table_schema=? and table_name=? and index_name='PRIMARY' order by SEQ_IN_INDEX asc

2024-10-24 06:44:01 [INFO] ==> Executing Query SQL: select column_name from information_schema.STATISTICS where table_schema=? and table_name=? and index_name='PRIMARY' order by SEQ_IN_INDEX asc

2024-10-24 06:44:01 [INFO] ==> Executing Query SQL: select column_name from information_schema.STATISTICS where table_schema=? and table_name=? and index_name='PRIMARY' order by SEQ_IN_INDEX asc

2024-10-24 06:44:01 [INFO] ==> Executing Query SQL: select column_name from information_schema.STATISTICS where table_schema=? and table_name=? and index_name='PRIMARY' order by SEQ_IN_INDEX asc

2024-10-24 06:44:01 [INFO] ==> Executing Query SQL: select column_name from information_schema.STATISTICS where table_schema=? and table_name=? and index_name='PRIMARY' order by SEQ_IN_INDEX asc

2024-10-24 06:44:01 [INFO] ==> Executing Query SQL: select column_name from information_schema.STATISTICS where table_schema=? and table_name=? and index_name='PRIMARY' order by SEQ_IN_INDEX asc

2024-10-24 06:44:01 [INFO] ==> Executing Query SQL: select column_name from information_schema.STATISTICS where table_schema=? and table_name=? and index_name='PRIMARY' order by SEQ_IN_INDEX asc

2024-10-24 06:44:01 [INFO] ==> Executing Query SQL: select column_name from information_schema.STATISTICS where table_schema=? and table_name=? and index_name='PRIMARY' order by SEQ_IN_INDEX asc

2024-10-24 06:44:01 [INFO] ==> Executing Query SQL: select column_name from information_schema.STATISTICS where table_schema=? and table_name=? and index_name='PRIMARY' order by SEQ_IN_INDEX asc

2024-10-24 06:44:01 [INFO] ==> Executing Query SQL: select column_name from information_schema.STATISTICS where table_schema=? and table_name=? and index_name='PRIMARY' order by SEQ_IN_INDEX asc

2024-10-24 06:44:01 [INFO] ==> Executing Query SQL: select column_name from information_schema.STATISTICS where table_schema=? and table_name=? and index_name='PRIMARY' order by SEQ_IN_INDEX asc

2024-10-24 06:44:01 [INFO] ==> Executing Query SQL: select column_name from information_schema.STATISTICS where table_schema=? and table_name=? and index_name='PRIMARY' order by SEQ_IN_INDEX asc

2024-10-24 06:44:01 [INFO] ==> Executing Query SQL: select column_name from information_schema.STATISTICS where table_schema=? and table_name=? and index_name='PRIMARY' order by SEQ_IN_INDEX asc

2024-10-24 06:44:01 [INFO] ==> Executing Query SQL: select column_name from information_schema.STATISTICS where table_schema=? and table_name=? and index_name='PRIMARY' order by SEQ_IN_INDEX asc

2024-10-24 06:44:01 [INFO] ==> Executing Query SQL: select column_name from information_schema.STATISTICS where table_schema=? and table_name=? and index_name='PRIMARY' order by SEQ_IN_INDEX asc

2024-10-24 06:44:01 [INFO] ==> Executing Query SQL: select column_name from information_schema.STATISTICS where table_schema=? and table_name=? and index_name='PRIMARY' order by SEQ_IN_INDEX asc

2024-10-24 06:44:01 [INFO] ==> Executing Query SQL: select column_name from information_schema.STATISTICS where table_schema=? and table_name=? and index_name='PRIMARY' order by SEQ_IN_INDEX asc

2024-10-24 06:44:01 [INFO] ==> Executing Query SQL: select column_name from information_schema.STATISTICS where table_schema=? and table_name=? and index_name='PRIMARY' order by SEQ_IN_INDEX asc

2024-10-24 06:44:01 [INFO] ==> Executing Query SQL: SELECT L.COLUMN_NAME AS COLUMN_NAME, S.SEQ_IN_INDEX-1 AS POSITION, C.CONSTRAINT_NAME AS CONSTRAINT_NAME FROM information_schema.TABLE_CONSTRAINTS C, information_schema.STATISTICS AS S, information_schema.COLUMNS L WHERE C.TABLE_SCHEMA=L.TABLE_SCHEMA AND C.TABLE_NAME=L.TABLE_NAME AND  C.TABLE_SCHEMA=S.TABLE_SCHEMA AND C.TABLE_NAME=S.TABLE_NAME AND C.CONSTRAINT_NAME=S.INDEX_NAME AND L.COLUMN_NAME=S.COLUMN_NAME AND  C.TABLE_SCHEMA=? AND C.TABLE_NAME=? AND C.CONSTRAINT_TYPE='UNIQUE' AND L.IS_NULLABLE='NO' ORDER BY S.SEQ_IN_INDEX ASC

2024-10-24 06:44:01 [INFO] ==> Executing Query SQL: SELECT L.COLUMN_NAME AS COLUMN_NAME, S.SEQ_IN_INDEX-1 AS POSITION, C.CONSTRAINT_NAME AS CONSTRAINT_NAME FROM information_schema.TABLE_CONSTRAINTS C, information_schema.STATISTICS AS S, information_schema.COLUMNS L WHERE C.TABLE_SCHEMA=L.TABLE_SCHEMA AND C.TABLE_NAME=L.TABLE_NAME AND  C.TABLE_SCHEMA=S.TABLE_SCHEMA AND C.TABLE_NAME=S.TABLE_NAME AND C.CONSTRAINT_NAME=S.INDEX_NAME AND L.COLUMN_NAME=S.COLUMN_NAME AND  C.TABLE_SCHEMA=? AND C.TABLE_NAME=? AND C.CONSTRAINT_TYPE='UNIQUE' AND L.IS_NULLABLE='NO' ORDER BY S.SEQ_IN_INDEX ASC

2024-10-24 06:44:01 [INFO] ==> Executing Query SQL: SELECT L.COLUMN_NAME AS COLUMN_NAME, S.SEQ_IN_INDEX-1 AS POSITION, C.CONSTRAINT_NAME AS CONSTRAINT_NAME FROM information_schema.TABLE_CONSTRAINTS C, information_schema.STATISTICS AS S, information_schema.COLUMNS L WHERE C.TABLE_SCHEMA=L.TABLE_SCHEMA AND C.TABLE_NAME=L.TABLE_NAME AND  C.TABLE_SCHEMA=S.TABLE_SCHEMA AND C.TABLE_NAME=S.TABLE_NAME AND C.CONSTRAINT_NAME=S.INDEX_NAME AND L.COLUMN_NAME=S.COLUMN_NAME AND  C.TABLE_SCHEMA=? AND C.TABLE_NAME=? AND C.CONSTRAINT_TYPE='UNIQUE' AND L.IS_NULLABLE='NO' ORDER BY S.SEQ_IN_INDEX ASC

2024-10-24 06:44:01 [INFO] ==> Executing Query SQL: SELECT L.COLUMN_NAME AS COLUMN_NAME, S.SEQ_IN_INDEX-1 AS POSITION, C.CONSTRAINT_NAME AS CONSTRAINT_NAME FROM information_schema.TABLE_CONSTRAINTS C, information_schema.STATISTICS AS S, information_schema.COLUMNS L WHERE C.TABLE_SCHEMA=L.TABLE_SCHEMA AND C.TABLE_NAME=L.TABLE_NAME AND  C.TABLE_SCHEMA=S.TABLE_SCHEMA AND C.TABLE_NAME=S.TABLE_NAME AND C.CONSTRAINT_NAME=S.INDEX_NAME AND L.COLUMN_NAME=S.COLUMN_NAME AND  C.TABLE_SCHEMA=? AND C.TABLE_NAME=? AND C.CONSTRAINT_TYPE='UNIQUE' AND L.IS_NULLABLE='NO' ORDER BY S.SEQ_IN_INDEX ASC

2024-10-24 06:44:01 [INFO] ==> Executing Query SQL: select `id` from `ncloud-global-template`.`s13` order by `id` limit 999999, 1 

2024-10-24 06:44:01 [INFO] ==> Executing Query SQL: select `id` from `ncloud-global-template`.`s50` order by `id` limit 999999, 1 

2024-10-24 06:44:01 [INFO] ==> Executing Query SQL: select `id` from `ncloud-global-template`.`s11` order by `id` limit 999999, 1 

2024-10-24 06:44:01 [INFO] ==> Executing Query SQL: select `id` from `ncloud-global-template`.`s32` order by `id` limit 999999, 1 

2024-10-24 06:44:01 [INFO] ==> Executing Query SQL: select `id` from `ncloud-global-template`.`s71` order by `id` limit 999999, 1 

2024-10-24 06:44:01 [INFO] ==> Executing Query SQL: select `id` from `ncloud-global-template`.`s74` order by `id` limit 999999, 1 

2024-10-24 06:44:01 [INFO] ==> Executing Query SQL: select `id` from `ncloud-global-template`.`dc71_template` order by `id` limit 999999, 1 

2024-10-24 06:44:01 [INFO] ==> Executing Query SQL: select `id` from `ncloud-global-template`.`s12` order by `id` limit 999999, 1 

2024-10-24 06:44:01 [INFO] ==> Executing Query SQL: select `id` from `ncloud-global-template`.`s33` order by `id` limit 999999, 1 

2024-10-24 06:44:01 [INFO] ==> Executing Query SQL: select `id` from `ncloud-global-template`.`s10` order by `id` limit 999999, 1 

2024-10-24 06:44:01 [INFO] ==> Executing Query SQL: select `id` from `ncloud-global-template`.`s35` order by `id` limit 999999, 1 

2024-10-24 06:44:01 [INFO] ==> Executing Query SQL: select `id` from `ncloud-global-template`.`hd_pdf_dimension` order by `id` limit 999999, 1 

2024-10-24 06:44:01 [INFO] ==> Executing Query SQL: select `id` from `ncloud-global-template`.`grsds_rate` order by `id` limit 999999, 1 

2024-10-24 06:44:01 [INFO] ==> Executing Query SQL: select `id` from `ncloud-global-template`.`s9` order by `id` limit 999999, 1 

2024-10-24 06:44:01 [INFO] ==> Executing Query SQL: select `id` from `ncloud-global-template`.`s28` order by `id` limit 999999, 1 

2024-10-24 06:44:01 [INFO] ==> Executing Query SQL: select `id` from `ncloud-global-template`.`s5` order by `id` limit 999999, 1 

2024-10-24 06:44:01 [INFO] ==> Executing Query SQL: select `id` from `ncloud-global-template`.`s20` order by `id` limit 999999, 1 

2024-10-24 06:44:01 [INFO] ==> Executing Query SQL: select `id` from `ncloud-global-template`.`s21` order by `id` limit 999999, 1 

2024-10-24 06:44:01 [INFO] ==> Executing Query SQL: select `id` from `ncloud-global-template`.`s281` order by `id` limit 999999, 1 

2024-10-24 06:44:01 [INFO] ==> Executing Query SQL: select `id` from `ncloud-global-template`.`s22` order by `id` limit 999999, 1 

