2024-10-24 06:37:46 [INFO] ==> Executing Query SQL: SELECT TABLE_NAME FROM information_schema.TABLES where TABLE_SCHEMA='ncloud-global-meta' AND TABLE_NAME NOT LIKE 'RECYCLE_%' AND TABLE_TYPE='BASE TABLE'  

2024-10-24 06:37:46 [INFO] ==> Executing Query SQL: SELECT TABLE_NAME AS OBJECT_NAME FROM information_schema.VIEWS WHERE TABLE_SCHEMA='ncloud-global-meta' 

2024-10-24 06:37:46 [INFO] ==> Executing Query SQL: select sequence_name as object_name from oceanbase.__all_sequence_object s,oceanbase.__all_database d where s.database_id=d.database_id and d.database_name='ncloud-global-meta' 

2024-10-24 06:37:46 [INFO] ==> Executing Query SQL: select tablegroup_name AS OBJECT_NAME from oceanbase.__all_tablegroup tg where tg.tablegroup_name not in ('oceanbase') 

2024-10-24 06:37:47 [INFO] ==> Executing Query SQL: SELECT ROUTINE_NAME AS OBJECT_NAME FROM information_schema.ROUTINES WHERE ROUTINE_SCHEMA='ncloud-global-meta' AND ROUTINE_TYPE='FUNCTION' 

2024-10-24 06:37:47 [INFO] ==> Executing Query SQL: SELECT ROUTINE_NAME AS OBJECT_NAME FROM information_schema.ROUTINES WHERE ROUTINE_SCHEMA='ncloud-global-meta' AND ROUTINE_TYPE='PROCEDURE' 

2024-10-24 06:37:47 [INFO] ==> Executing Query SQL: show create TABLE `m1`

2024-10-24 06:37:47 [INFO] ==> Executing Query SQL: show create TABLE `f10`

2024-10-24 06:37:47 [INFO] ==> Executing Query SQL: show create TABLE `m5`

2024-10-24 06:37:47 [INFO] ==> Executing Query SQL: show create TABLE `m6`

2024-10-24 06:37:47 [INFO] ==> Executing Query SQL: show create TABLE `m7`

2024-10-24 06:37:47 [INFO] ==> Executing Query SQL: show create TABLE `m20`

2024-10-24 06:37:47 [INFO] ==> Executing Query SQL: show create TABLE `m8`

2024-10-24 06:37:47 [INFO] ==> Executing Query SQL: show create TABLE `f1`

2024-10-24 06:37:47 [INFO] ==> Executing Query SQL: show create TABLE `m30`

2024-10-24 06:37:47 [INFO] ==> Executing Query SQL: show create TABLE `f2`

2024-10-24 06:37:47 [INFO] ==> Executing Query SQL: show create TABLE `m9`

2024-10-24 06:37:47 [INFO] ==> Executing Query SQL: show create TABLE `m11`

2024-10-24 06:37:47 [INFO] ==> Executing Query SQL: show create TABLE `f3`

2024-10-24 06:37:47 [INFO] ==> Executing Query SQL: show create TABLE `m10`

2024-10-24 06:37:47 [INFO] ==> Executing Query SQL: show create TABLE `m21`

2024-10-24 06:37:47 [INFO] ==> Executing Query SQL: show create TABLE `f4`

2024-10-24 06:37:47 [INFO] ==> Executing Query SQL: show create TABLE `m35`

2024-10-24 06:37:47 [INFO] ==> Executing Query SQL: show create TABLE `m15`

2024-10-24 06:37:47 [INFO] ==> Executing Query SQL: show create TABLE `m26`

2024-10-24 06:37:47 [INFO] ==> Executing Query SQL: show create TABLE `m36`

2024-10-24 06:37:47 [INFO] ==> Executing Query SQL: show create TABLE `gz`

