2024-10-24 06:44:37 [INFO] ==> Executing Query SQL: SELECT TABLE_NAME AS OBJECT_NAME FROM information_schema.VIEWS WHERE TABLE_SCHEMA='ncloud-global-tenant-fp' 

2024-10-24 06:44:37 [INFO] ==> Executing Query SQL: select sequence_name as object_name from oceanbase.__all_sequence_object s,oceanbase.__all_database d where s.database_id=d.database_id and d.database_name='ncloud-global-tenant-fp' 

2024-10-24 06:44:37 [INFO] ==> Executing Query SQL: select tablegroup_name AS OBJECT_NAME from oceanbase.__all_tablegroup tg where tg.tablegroup_name not in ('oceanbase') 

2024-10-24 06:44:38 [INFO] ==> Executing Query SQL: SELECT ROUTINE_NAME AS OBJECT_NAME FROM information_schema.ROUTINES WHERE ROUTINE_SCHEMA='ncloud-global-tenant-fp' AND ROUTINE_TYPE='FUNCTION' 

2024-10-24 06:44:38 [INFO] ==> Executing Query SQL: SELECT ROUTINE_NAME AS OBJECT_NAME FROM information_schema.ROUTINES WHERE ROUTINE_SCHEMA='ncloud-global-tenant-fp' AND ROUTINE_TYPE='PROCEDURE' 

2024-10-24 06:44:38 [INFO] ==> Executing Query SQL: SELECT T.TABLE_NAME AS TABLE_NAME,C.COLUMN_NAME AS COLUMN_NAME,C.DATA_TYPE AS DATA_TYPE,C.DATETIME_PRECISION AS DATETIME_PRECISION,C.IS_NULLABLE AS NULLABLE,C.GENERATION_EXPRESSION AS GENERATION_EXPRESSION,C.ORDINAL_POSITION-1 AS COLUMN_POSITION FROM information_schema.TABLES T, information_schema.COLUMNS C WHERE T.TABLE_SCHEMA=C.TABLE_SCHEMA AND T.TABLE_NAME=C.TABLE_NAME AND T.TABLE_SCHEMA='ncloud-global-tenant-fp' AND T.TABLE_NAME NOT LIKE 'RECYCLE_%' AND T.TABLE_TYPE='BASE TABLE'  ORDER BY C.TABLE_NAME,C.ORDINAL_POSITION ASC

2024-10-24 06:44:38 [INFO] ==> Executing Query SQL: select 1 from `ncloud-global-tenant-fp`.`fyfp_pzkm` limit 1

2024-10-24 06:44:38 [INFO] ==> Executing Query SQL: select 1 from `ncloud-global-tenant-fp`.`fyfpzd_tmp` limit 1

2024-10-24 06:44:38 [INFO] ==> Executing Query SQL: select 1 from `ncloud-global-tenant-fp`.`dc70` limit 1

2024-10-24 06:44:38 [INFO] ==> Executing Query SQL: select 1 from `ncloud-global-tenant-fp`.`dc71` limit 1

2024-10-24 06:44:38 [INFO] ==> Executing Query SQL: show create TABLE `fyfp_pzkm`

2024-10-24 06:44:38 [INFO] ==> Executing Query SQL: show create TABLE `fyfpzd_tmp`

2024-10-24 06:44:38 [INFO] ==> Executing Query SQL: show create TABLE `dc70`

2024-10-24 06:44:38 [INFO] ==> Executing Query SQL: show create TABLE `dc71`

2024-10-24 06:44:39 [INFO] ==> Executing Query SQL: select svr_ip,sql_port,table_id,table_type,role,part_num,replica_num,schema_version,spare1 from oceanbase.__all_virtual_proxy_schema where tenant_name = ? and database_name = ? and table_name = ? and TABLET_ID = 0 order by role asc

2024-10-24 06:44:39 [INFO] ==> Executing Query SQL: select svr_ip,sql_port,table_id,table_type,role,part_num,replica_num,schema_version,spare1 from oceanbase.__all_virtual_proxy_schema where tenant_name = ? and database_name = ? and table_name = ? and TABLET_ID = 0 order by role asc

2024-10-24 06:44:39 [INFO] ==> Executing Query SQL: select svr_ip,sql_port,table_id,table_type,role,part_num,replica_num,schema_version,spare1 from oceanbase.__all_virtual_proxy_schema where tenant_name = ? and database_name = ? and table_name = ? and TABLET_ID = 0 order by role asc

2024-10-24 06:44:39 [INFO] ==> Executing Query SQL: select column_name from information_schema.STATISTICS where table_schema=? and table_name=? and index_name='PRIMARY' order by SEQ_IN_INDEX asc

2024-10-24 06:44:39 [INFO] ==> Executing Query SQL: select column_name from information_schema.STATISTICS where table_schema=? and table_name=? and index_name='PRIMARY' order by SEQ_IN_INDEX asc

2024-10-24 06:44:39 [INFO] ==> Executing Query SQL: select column_name from information_schema.STATISTICS where table_schema=? and table_name=? and index_name='PRIMARY' order by SEQ_IN_INDEX asc

2024-10-24 06:44:39 [INFO] ==> Executing Query SQL: SELECT L.COLUMN_NAME AS COLUMN_NAME, S.SEQ_IN_INDEX-1 AS POSITION, C.CONSTRAINT_NAME AS CONSTRAINT_NAME FROM information_schema.TABLE_CONSTRAINTS C, information_schema.STATISTICS AS S, information_schema.COLUMNS L WHERE C.TABLE_SCHEMA=L.TABLE_SCHEMA AND C.TABLE_NAME=L.TABLE_NAME AND  C.TABLE_SCHEMA=S.TABLE_SCHEMA AND C.TABLE_NAME=S.TABLE_NAME AND C.CONSTRAINT_NAME=S.INDEX_NAME AND L.COLUMN_NAME=S.COLUMN_NAME AND  C.TABLE_SCHEMA=? AND C.TABLE_NAME=? AND C.CONSTRAINT_TYPE='UNIQUE' AND L.IS_NULLABLE='NO' ORDER BY S.SEQ_IN_INDEX ASC

2024-10-24 06:44:39 [INFO] ==> Executing Query SQL: SELECT L.COLUMN_NAME AS COLUMN_NAME, S.SEQ_IN_INDEX-1 AS POSITION, C.CONSTRAINT_NAME AS CONSTRAINT_NAME FROM information_schema.TABLE_CONSTRAINTS C, information_schema.STATISTICS AS S, information_schema.COLUMNS L WHERE C.TABLE_SCHEMA=L.TABLE_SCHEMA AND C.TABLE_NAME=L.TABLE_NAME AND  C.TABLE_SCHEMA=S.TABLE_SCHEMA AND C.TABLE_NAME=S.TABLE_NAME AND C.CONSTRAINT_NAME=S.INDEX_NAME AND L.COLUMN_NAME=S.COLUMN_NAME AND  C.TABLE_SCHEMA=? AND C.TABLE_NAME=? AND C.CONSTRAINT_TYPE='UNIQUE' AND L.IS_NULLABLE='NO' ORDER BY S.SEQ_IN_INDEX ASC

2024-10-24 06:44:39 [INFO] ==> Executing Query SQL: select `id` from `ncloud-global-tenant-fp`.`dc71` order by `id` limit 999999, 1 

