2024-10-24 06:43:53 [INFO] ==> Executing Query SQL: SELECT TABLE_NAME AS OBJECT_NAME FROM information_schema.VIEWS WHERE TABLE_SCHEMA='ncloud-global-org' 

2024-10-24 06:43:53 [INFO] ==> Executing Query SQL: select sequence_name as object_name from oceanbase.__all_sequence_object s,oceanbase.__all_database d where s.database_id=d.database_id and d.database_name='ncloud-global-org' 

2024-10-24 06:43:53 [INFO] ==> Executing Query SQL: select tablegroup_name AS OBJECT_NAME from oceanbase.__all_tablegroup tg where tg.tablegroup_name not in ('oceanbase') 

2024-10-24 06:43:53 [INFO] ==> Executing Query SQL: SELECT ROUTINE_NAME AS OBJECT_NAME FROM information_schema.ROUTINES WHERE ROUTINE_SCHEMA='ncloud-global-org' AND ROUTINE_TYPE='FUNCTION' 

2024-10-24 06:43:53 [INFO] ==> Executing Query SQL: SELECT ROUTINE_NAME AS OBJECT_NAME FROM information_schema.ROUTINES WHERE ROUTINE_SCHEMA='ncloud-global-org' AND ROUTINE_TYPE='PROCEDURE' 

2024-10-24 06:43:53 [INFO] ==> Executing Query SQL: SELECT T.TABLE_NAME AS TABLE_NAME,C.COLUMN_NAME AS COLUMN_NAME,C.DATA_TYPE AS DATA_TYPE,C.DATETIME_PRECISION AS DATETIME_PRECISION,C.IS_NULLABLE AS NULLABLE,C.GENERATION_EXPRESSION AS GENERATION_EXPRESSION,C.ORDINAL_POSITION-1 AS COLUMN_POSITION FROM information_schema.TABLES T, information_schema.COLUMNS C WHERE T.TABLE_SCHEMA=C.TABLE_SCHEMA AND T.TABLE_NAME=C.TABLE_NAME AND T.TABLE_SCHEMA='ncloud-global-org' AND T.TABLE_NAME NOT LIKE 'RECYCLE_%' AND T.TABLE_TYPE='BASE TABLE'  ORDER BY C.TABLE_NAME,C.ORDINAL_POSITION ASC

2024-10-24 06:43:53 [INFO] ==> Executing Query SQL: select 1 from `ncloud-global-org`.`t4` limit 1

2024-10-24 06:43:53 [INFO] ==> Executing Query SQL: select 1 from `ncloud-global-org`.`c31` limit 1

2024-10-24 06:43:53 [INFO] ==> Executing Query SQL: select 1 from `ncloud-global-org`.`t5` limit 1

2024-10-24 06:43:53 [INFO] ==> Executing Query SQL: select 1 from `ncloud-global-org`.`c30` limit 1

2024-10-24 06:43:53 [INFO] ==> Executing Query SQL: select 1 from `ncloud-global-org`.`t6` limit 1

2024-10-24 06:43:53 [INFO] ==> Executing Query SQL: select 1 from `ncloud-global-org`.`dc91` limit 1

2024-10-24 06:43:53 [INFO] ==> Executing Query SQL: select 1 from `ncloud-global-org`.`c33` limit 1

2024-10-24 06:43:53 [INFO] ==> Executing Query SQL: select 1 from `ncloud-global-org`.`t7` limit 1

2024-10-24 06:43:53 [INFO] ==> Executing Query SQL: select 1 from `ncloud-global-org`.`c32` limit 1

2024-10-24 06:43:53 [INFO] ==> Executing Query SQL: select 1 from `ncloud-global-org`.`c10` limit 1

2024-10-24 06:43:53 [INFO] ==> Executing Query SQL: select 1 from `ncloud-global-org`.`t8` limit 1

2024-10-24 06:43:53 [INFO] ==> Executing Query SQL: select 1 from `ncloud-global-org`.`c13` limit 1

2024-10-24 06:43:53 [INFO] ==> Executing Query SQL: select 1 from `ncloud-global-org`.`c12` limit 1

2024-10-24 06:43:53 [INFO] ==> Executing Query SQL: select 1 from `ncloud-global-org`.`c15` limit 1

2024-10-24 06:43:53 [INFO] ==> Executing Query SQL: select 1 from `ncloud-global-org`.`dc12` limit 1

2024-10-24 06:43:53 [INFO] ==> Executing Query SQL: select 1 from `ncloud-global-org`.`c14` limit 1

2024-10-24 06:43:53 [INFO] ==> Executing Query SQL: select 1 from `ncloud-global-org`.`s72` limit 1

2024-10-24 06:43:53 [INFO] ==> Executing Query SQL: select 1 from `ncloud-global-org`.`s31` limit 1

2024-10-24 06:43:53 [INFO] ==> Executing Query SQL: select 1 from `ncloud-global-org`.`t10` limit 1

2024-10-24 06:43:53 [INFO] ==> Executing Query SQL: select 1 from `ncloud-global-org`.`dc119` limit 1

2024-10-24 06:43:53 [INFO] ==> Executing Query SQL: select 1 from `ncloud-global-org`.`dc5` limit 1

2024-10-24 06:43:53 [INFO] ==> Executing Query SQL: select 1 from `ncloud-global-org`.`dc80` limit 1

2024-10-24 06:43:53 [INFO] ==> Executing Query SQL: select 1 from `ncloud-global-org`.`c20` limit 1

2024-10-24 06:43:53 [INFO] ==> Executing Query SQL: select 1 from `ncloud-global-org`.`c21` limit 1

2024-10-24 06:43:53 [INFO] ==> Executing Query SQL: select 1 from `ncloud-global-org`.`c02` limit 1

2024-10-24 06:43:53 [INFO] ==> Executing Query SQL: select 1 from `ncloud-global-org`.`c01` limit 1

2024-10-24 06:43:53 [INFO] ==> Executing Query SQL: select 1 from `ncloud-global-org`.`c03` limit 1

2024-10-24 06:43:53 [INFO] ==> Executing Query SQL: select 1 from `ncloud-global-org`.`j01` limit 1

2024-10-24 06:43:53 [INFO] ==> Executing Query SQL: select 1 from `ncloud-global-org`.`j02` limit 1

2024-10-24 06:43:53 [INFO] ==> Executing Query SQL: select 1 from `ncloud-global-org`.`dc52` limit 1

2024-10-24 06:43:53 [INFO] ==> Executing Query SQL: select 1 from `ncloud-global-org`.`dc11` limit 1

2024-10-24 06:43:53 [INFO] ==> Executing Query SQL: select 1 from `ncloud-global-org`.`dc75` limit 1

2024-10-24 06:43:53 [INFO] ==> Executing Query SQL: select 1 from `ncloud-global-org`.`dc51` limit 1

2024-10-24 06:43:53 [INFO] ==> Executing Query SQL: select 1 from `ncloud-global-org`.`c11` limit 1

2024-10-24 06:43:53 [INFO] ==> Executing Query SQL: select 1 from `ncloud-global-org`.`dc90` limit 1

2024-10-24 06:43:53 [INFO] ==> Executing Query SQL: select 1 from `ncloud-global-org`.`t1` limit 1

2024-10-24 06:43:53 [INFO] ==> Executing Query SQL: select 1 from `ncloud-global-org`.`t2` limit 1

2024-10-24 06:43:53 [INFO] ==> Executing Query SQL: select 1 from `ncloud-global-org`.`t3` limit 1

2024-10-24 06:43:53 [INFO] ==> Executing Query SQL: show create TABLE `c31`

2024-10-24 06:43:53 [INFO] ==> Executing Query SQL: show create TABLE `t4`

2024-10-24 06:43:53 [INFO] ==> Executing Query SQL: show create TABLE `t6`

2024-10-24 06:43:53 [INFO] ==> Executing Query SQL: show create TABLE `t5`

2024-10-24 06:43:53 [INFO] ==> Executing Query SQL: show create TABLE `c30`

2024-10-24 06:43:53 [INFO] ==> Executing Query SQL: show create TABLE `c33`

2024-10-24 06:43:53 [INFO] ==> Executing Query SQL: show create TABLE `c32`

2024-10-24 06:43:53 [INFO] ==> Executing Query SQL: show create TABLE `c11`

2024-10-24 06:43:53 [INFO] ==> Executing Query SQL: show create TABLE `t7`

2024-10-24 06:43:53 [INFO] ==> Executing Query SQL: show create TABLE `c10`

2024-10-24 06:43:54 [INFO] ==> Executing Query SQL: show create TABLE `t3`

2024-10-24 06:43:54 [INFO] ==> Executing Query SQL: show create TABLE `c15`

2024-10-24 06:43:54 [INFO] ==> Executing Query SQL: show create TABLE `c12`

2024-10-24 06:43:54 [INFO] ==> Executing Query SQL: show create TABLE `c13`

2024-10-24 06:43:54 [INFO] ==> Executing Query SQL: show create TABLE `t8`

2024-10-24 06:43:54 [INFO] ==> Executing Query SQL: show create TABLE `dc119`

2024-10-24 06:43:54 [INFO] ==> Executing Query SQL: show create TABLE `s72`

2024-10-24 06:43:54 [INFO] ==> Executing Query SQL: show create TABLE `s31`

2024-10-24 06:43:54 [INFO] ==> Executing Query SQL: show create TABLE `dc12`

2024-10-24 06:43:54 [INFO] ==> Executing Query SQL: show create TABLE `t10`

2024-10-24 06:43:54 [INFO] ==> Executing Query SQL: show create TABLE `dc5`

2024-10-24 06:43:54 [INFO] ==> Executing Query SQL: show create TABLE `c21`

2024-10-24 06:43:54 [INFO] ==> Executing Query SQL: show create TABLE `c01`

2024-10-24 06:43:54 [INFO] ==> Executing Query SQL: show create TABLE `c20`

2024-10-24 06:43:54 [INFO] ==> Executing Query SQL: show create TABLE `dc80`

2024-10-24 06:43:54 [INFO] ==> Executing Query SQL: show create TABLE `c02`

2024-10-24 06:43:54 [INFO] ==> Executing Query SQL: show create TABLE `c03`

2024-10-24 06:43:54 [INFO] ==> Executing Query SQL: show create TABLE `j01`

2024-10-24 06:43:54 [INFO] ==> Executing Query SQL: show create TABLE `dc11`

2024-10-24 06:43:54 [INFO] ==> Executing Query SQL: show create TABLE `dc52`

2024-10-24 06:43:54 [INFO] ==> Executing Query SQL: show create TABLE `j02`

2024-10-24 06:43:54 [INFO] ==> Executing Query SQL: show create TABLE `dc51`

2024-10-24 06:43:54 [INFO] ==> Executing Query SQL: show create TABLE `dc90`

2024-10-24 06:43:54 [INFO] ==> Executing Query SQL: show create TABLE `dc75`

2024-10-24 06:43:54 [INFO] ==> Executing Query SQL: show create TABLE `dc91`

2024-10-24 06:43:54 [INFO] ==> Executing Query SQL: show create TABLE `t1`

2024-10-24 06:43:54 [INFO] ==> Executing Query SQL: show create TABLE `t2`

2024-10-24 06:43:54 [INFO] ==> Executing Query SQL: show create TABLE `c14`

2024-10-24 06:43:54 [INFO] ==> Executing Query SQL: select svr_ip,sql_port,table_id,table_type,role,part_num,replica_num,schema_version,spare1 from oceanbase.__all_virtual_proxy_schema where tenant_name = ? and database_name = ? and table_name = ? and TABLET_ID = 0 order by role asc

2024-10-24 06:43:54 [INFO] ==> Executing Query SQL: select svr_ip,sql_port,table_id,table_type,role,part_num,replica_num,schema_version,spare1 from oceanbase.__all_virtual_proxy_schema where tenant_name = ? and database_name = ? and table_name = ? and TABLET_ID = 0 order by role asc

2024-10-24 06:43:54 [INFO] ==> Executing Query SQL: select svr_ip,sql_port,table_id,table_type,role,part_num,replica_num,schema_version,spare1 from oceanbase.__all_virtual_proxy_schema where tenant_name = ? and database_name = ? and table_name = ? and TABLET_ID = 0 order by role asc

2024-10-24 06:43:54 [INFO] ==> Executing Query SQL: select svr_ip,sql_port,table_id,table_type,role,part_num,replica_num,schema_version,spare1 from oceanbase.__all_virtual_proxy_schema where tenant_name = ? and database_name = ? and table_name = ? and TABLET_ID = 0 order by role asc

2024-10-24 06:43:54 [INFO] ==> Executing Query SQL: select svr_ip,sql_port,table_id,table_type,role,part_num,replica_num,schema_version,spare1 from oceanbase.__all_virtual_proxy_schema where tenant_name = ? and database_name = ? and table_name = ? and TABLET_ID = 0 order by role asc

2024-10-24 06:43:54 [INFO] ==> Executing Query SQL: select svr_ip,sql_port,table_id,table_type,role,part_num,replica_num,schema_version,spare1 from oceanbase.__all_virtual_proxy_schema where tenant_name = ? and database_name = ? and table_name = ? and TABLET_ID = 0 order by role asc

2024-10-24 06:43:54 [INFO] ==> Executing Query SQL: select svr_ip,sql_port,table_id,table_type,role,part_num,replica_num,schema_version,spare1 from oceanbase.__all_virtual_proxy_schema where tenant_name = ? and database_name = ? and table_name = ? and TABLET_ID = 0 order by role asc

2024-10-24 06:43:54 [INFO] ==> Executing Query SQL: select svr_ip,sql_port,table_id,table_type,role,part_num,replica_num,schema_version,spare1 from oceanbase.__all_virtual_proxy_schema where tenant_name = ? and database_name = ? and table_name = ? and TABLET_ID = 0 order by role asc

2024-10-24 06:43:54 [INFO] ==> Executing Query SQL: select svr_ip,sql_port,table_id,table_type,role,part_num,replica_num,schema_version,spare1 from oceanbase.__all_virtual_proxy_schema where tenant_name = ? and database_name = ? and table_name = ? and TABLET_ID = 0 order by role asc

2024-10-24 06:43:54 [INFO] ==> Executing Query SQL: select svr_ip,sql_port,table_id,table_type,role,part_num,replica_num,schema_version,spare1 from oceanbase.__all_virtual_proxy_schema where tenant_name = ? and database_name = ? and table_name = ? and TABLET_ID = 0 order by role asc

2024-10-24 06:43:54 [INFO] ==> Executing Query SQL: select svr_ip,sql_port,table_id,table_type,role,part_num,replica_num,schema_version,spare1 from oceanbase.__all_virtual_proxy_schema where tenant_name = ? and database_name = ? and table_name = ? and TABLET_ID = 0 order by role asc

2024-10-24 06:43:54 [INFO] ==> Executing Query SQL: select svr_ip,sql_port,table_id,table_type,role,part_num,replica_num,schema_version,spare1 from oceanbase.__all_virtual_proxy_schema where tenant_name = ? and database_name = ? and table_name = ? and TABLET_ID = 0 order by role asc

2024-10-24 06:43:54 [INFO] ==> Executing Query SQL: select svr_ip,sql_port,table_id,table_type,role,part_num,replica_num,schema_version,spare1 from oceanbase.__all_virtual_proxy_schema where tenant_name = ? and database_name = ? and table_name = ? and TABLET_ID = 0 order by role asc

2024-10-24 06:43:54 [INFO] ==> Executing Query SQL: select svr_ip,sql_port,table_id,table_type,role,part_num,replica_num,schema_version,spare1 from oceanbase.__all_virtual_proxy_schema where tenant_name = ? and database_name = ? and table_name = ? and TABLET_ID = 0 order by role asc

2024-10-24 06:43:54 [INFO] ==> Executing Query SQL: select svr_ip,sql_port,table_id,table_type,role,part_num,replica_num,schema_version,spare1 from oceanbase.__all_virtual_proxy_schema where tenant_name = ? and database_name = ? and table_name = ? and TABLET_ID = 0 order by role asc

2024-10-24 06:43:54 [INFO] ==> Executing Query SQL: select svr_ip,sql_port,table_id,table_type,role,part_num,replica_num,schema_version,spare1 from oceanbase.__all_virtual_proxy_schema where tenant_name = ? and database_name = ? and table_name = ? and TABLET_ID = 0 order by role asc

2024-10-24 06:43:54 [INFO] ==> Executing Query SQL: select svr_ip,sql_port,table_id,table_type,role,part_num,replica_num,schema_version,spare1 from oceanbase.__all_virtual_proxy_schema where tenant_name = ? and database_name = ? and table_name = ? and TABLET_ID = 0 order by role asc

2024-10-24 06:43:54 [INFO] ==> Executing Query SQL: select svr_ip,sql_port,table_id,table_type,role,part_num,replica_num,schema_version,spare1 from oceanbase.__all_virtual_proxy_schema where tenant_name = ? and database_name = ? and table_name = ? and TABLET_ID = 0 order by role asc

2024-10-24 06:43:54 [INFO] ==> Executing Query SQL: select svr_ip,sql_port,table_id,table_type,role,part_num,replica_num,schema_version,spare1 from oceanbase.__all_virtual_proxy_schema where tenant_name = ? and database_name = ? and table_name = ? and TABLET_ID = 0 order by role asc

2024-10-24 06:43:54 [INFO] ==> Executing Query SQL: select svr_ip,sql_port,table_id,table_type,role,part_num,replica_num,schema_version,spare1 from oceanbase.__all_virtual_proxy_schema where tenant_name = ? and database_name = ? and table_name = ? and TABLET_ID = 0 order by role asc

2024-10-24 06:43:55 [INFO] ==> Executing Query SQL: select svr_ip,sql_port,table_id,table_type,role,part_num,replica_num,schema_version,spare1 from oceanbase.__all_virtual_proxy_schema where tenant_name = ? and database_name = ? and table_name = ? and TABLET_ID = 0 order by role asc

2024-10-24 06:43:55 [INFO] ==> Executing Query SQL: select svr_ip,sql_port,table_id,table_type,role,part_num,replica_num,schema_version,spare1 from oceanbase.__all_virtual_proxy_schema where tenant_name = ? and database_name = ? and table_name = ? and TABLET_ID = 0 order by role asc

2024-10-24 06:43:55 [INFO] ==> Executing Query SQL: select svr_ip,sql_port,table_id,table_type,role,part_num,replica_num,schema_version,spare1 from oceanbase.__all_virtual_proxy_schema where tenant_name = ? and database_name = ? and table_name = ? and TABLET_ID = 0 order by role asc

2024-10-24 06:43:55 [INFO] ==> Executing Query SQL: select svr_ip,sql_port,table_id,table_type,role,part_num,replica_num,schema_version,spare1 from oceanbase.__all_virtual_proxy_schema where tenant_name = ? and database_name = ? and table_name = ? and TABLET_ID = 0 order by role asc

2024-10-24 06:43:55 [INFO] ==> Executing Query SQL: select svr_ip,sql_port,table_id,table_type,role,part_num,replica_num,schema_version,spare1 from oceanbase.__all_virtual_proxy_schema where tenant_name = ? and database_name = ? and table_name = ? and TABLET_ID = 0 order by role asc

2024-10-24 06:43:55 [INFO] ==> Executing Query SQL: select svr_ip,sql_port,table_id,table_type,role,part_num,replica_num,schema_version,spare1 from oceanbase.__all_virtual_proxy_schema where tenant_name = ? and database_name = ? and table_name = ? and TABLET_ID = 0 order by role asc

2024-10-24 06:43:55 [INFO] ==> Executing Query SQL: select svr_ip,sql_port,table_id,table_type,role,part_num,replica_num,schema_version,spare1 from oceanbase.__all_virtual_proxy_schema where tenant_name = ? and database_name = ? and table_name = ? and TABLET_ID = 0 order by role asc

2024-10-24 06:43:55 [INFO] ==> Executing Query SQL: select column_name from information_schema.STATISTICS where table_schema=? and table_name=? and index_name='PRIMARY' order by SEQ_IN_INDEX asc

2024-10-24 06:43:55 [INFO] ==> Executing Query SQL: select column_name from information_schema.STATISTICS where table_schema=? and table_name=? and index_name='PRIMARY' order by SEQ_IN_INDEX asc

2024-10-24 06:43:55 [INFO] ==> Executing Query SQL: select column_name from information_schema.STATISTICS where table_schema=? and table_name=? and index_name='PRIMARY' order by SEQ_IN_INDEX asc

2024-10-24 06:43:55 [INFO] ==> Executing Query SQL: select svr_ip,sql_port,table_id,table_type,role,part_num,replica_num,schema_version,spare1 from oceanbase.__all_virtual_proxy_schema where tenant_name = ? and database_name = ? and table_name = ? and TABLET_ID = 0 order by role asc

2024-10-24 06:43:55 [INFO] ==> Executing Query SQL: select svr_ip,sql_port,table_id,table_type,role,part_num,replica_num,schema_version,spare1 from oceanbase.__all_virtual_proxy_schema where tenant_name = ? and database_name = ? and table_name = ? and TABLET_ID = 0 order by role asc

2024-10-24 06:43:55 [INFO] ==> Executing Query SQL: select column_name from information_schema.STATISTICS where table_schema=? and table_name=? and index_name='PRIMARY' order by SEQ_IN_INDEX asc

2024-10-24 06:43:55 [INFO] ==> Executing Query SQL: select column_name from information_schema.STATISTICS where table_schema=? and table_name=? and index_name='PRIMARY' order by SEQ_IN_INDEX asc

2024-10-24 06:43:55 [INFO] ==> Executing Query SQL: select column_name from information_schema.STATISTICS where table_schema=? and table_name=? and index_name='PRIMARY' order by SEQ_IN_INDEX asc

2024-10-24 06:43:55 [INFO] ==> Executing Query SQL: select column_name from information_schema.STATISTICS where table_schema=? and table_name=? and index_name='PRIMARY' order by SEQ_IN_INDEX asc

2024-10-24 06:43:55 [INFO] ==> Executing Query SQL: select column_name from information_schema.STATISTICS where table_schema=? and table_name=? and index_name='PRIMARY' order by SEQ_IN_INDEX asc

2024-10-24 06:43:55 [INFO] ==> Executing Query SQL: select column_name from information_schema.STATISTICS where table_schema=? and table_name=? and index_name='PRIMARY' order by SEQ_IN_INDEX asc

2024-10-24 06:43:55 [INFO] ==> Executing Query SQL: select column_name from information_schema.STATISTICS where table_schema=? and table_name=? and index_name='PRIMARY' order by SEQ_IN_INDEX asc

2024-10-24 06:43:55 [INFO] ==> Executing Query SQL: select column_name from information_schema.STATISTICS where table_schema=? and table_name=? and index_name='PRIMARY' order by SEQ_IN_INDEX asc

2024-10-24 06:43:55 [INFO] ==> Executing Query SQL: select column_name from information_schema.STATISTICS where table_schema=? and table_name=? and index_name='PRIMARY' order by SEQ_IN_INDEX asc

2024-10-24 06:43:55 [INFO] ==> Executing Query SQL: select column_name from information_schema.STATISTICS where table_schema=? and table_name=? and index_name='PRIMARY' order by SEQ_IN_INDEX asc

2024-10-24 06:43:55 [INFO] ==> Executing Query SQL: select svr_ip,sql_port,table_id,table_type,role,part_num,replica_num,schema_version,spare1 from oceanbase.__all_virtual_proxy_schema where tenant_name = ? and database_name = ? and table_name = ? and TABLET_ID = 0 order by role asc

2024-10-24 06:43:55 [INFO] ==> Executing Query SQL: select column_name from information_schema.STATISTICS where table_schema=? and table_name=? and index_name='PRIMARY' order by SEQ_IN_INDEX asc

2024-10-24 06:43:55 [INFO] ==> Executing Query SQL: select column_name from information_schema.STATISTICS where table_schema=? and table_name=? and index_name='PRIMARY' order by SEQ_IN_INDEX asc

2024-10-24 06:43:55 [INFO] ==> Executing Query SQL: select column_name from information_schema.STATISTICS where table_schema=? and table_name=? and index_name='PRIMARY' order by SEQ_IN_INDEX asc

2024-10-24 06:43:55 [INFO] ==> Executing Query SQL: select column_name from information_schema.STATISTICS where table_schema=? and table_name=? and index_name='PRIMARY' order by SEQ_IN_INDEX asc

2024-10-24 06:43:55 [INFO] ==> Executing Query SQL: select column_name from information_schema.STATISTICS where table_schema=? and table_name=? and index_name='PRIMARY' order by SEQ_IN_INDEX asc

2024-10-24 06:43:55 [INFO] ==> Executing Query SQL: select column_name from information_schema.STATISTICS where table_schema=? and table_name=? and index_name='PRIMARY' order by SEQ_IN_INDEX asc

2024-10-24 06:43:55 [INFO] ==> Executing Query SQL: select svr_ip,sql_port,table_id,table_type,role,part_num,replica_num,schema_version,spare1 from oceanbase.__all_virtual_proxy_schema where tenant_name = ? and database_name = ? and table_name = ? and TABLET_ID = 0 order by role asc

2024-10-24 06:43:55 [INFO] ==> Executing Query SQL: select svr_ip,sql_port,table_id,table_type,role,part_num,replica_num,schema_version,spare1 from oceanbase.__all_virtual_proxy_schema where tenant_name = ? and database_name = ? and table_name = ? and TABLET_ID = 0 order by role asc

2024-10-24 06:43:55 [INFO] ==> Executing Query SQL: select column_name from information_schema.STATISTICS where table_schema=? and table_name=? and index_name='PRIMARY' order by SEQ_IN_INDEX asc

2024-10-24 06:43:55 [INFO] ==> Executing Query SQL: select column_name from information_schema.STATISTICS where table_schema=? and table_name=? and index_name='PRIMARY' order by SEQ_IN_INDEX asc

2024-10-24 06:43:55 [INFO] ==> Executing Query SQL: select column_name from information_schema.STATISTICS where table_schema=? and table_name=? and index_name='PRIMARY' order by SEQ_IN_INDEX asc

2024-10-24 06:43:55 [INFO] ==> Executing Query SQL: select column_name from information_schema.STATISTICS where table_schema=? and table_name=? and index_name='PRIMARY' order by SEQ_IN_INDEX asc

2024-10-24 06:43:55 [INFO] ==> Executing Query SQL: select column_name from information_schema.STATISTICS where table_schema=? and table_name=? and index_name='PRIMARY' order by SEQ_IN_INDEX asc

2024-10-24 06:43:55 [INFO] ==> Executing Query SQL: select column_name from information_schema.STATISTICS where table_schema=? and table_name=? and index_name='PRIMARY' order by SEQ_IN_INDEX asc

2024-10-24 06:43:55 [INFO] ==> Executing Query SQL: select column_name from information_schema.STATISTICS where table_schema=? and table_name=? and index_name='PRIMARY' order by SEQ_IN_INDEX asc

2024-10-24 06:43:55 [INFO] ==> Executing Query SQL: select column_name from information_schema.STATISTICS where table_schema=? and table_name=? and index_name='PRIMARY' order by SEQ_IN_INDEX asc

2024-10-24 06:43:55 [INFO] ==> Executing Query SQL: select column_name from information_schema.STATISTICS where table_schema=? and table_name=? and index_name='PRIMARY' order by SEQ_IN_INDEX asc

2024-10-24 06:43:55 [INFO] ==> Executing Query SQL: select column_name from information_schema.STATISTICS where table_schema=? and table_name=? and index_name='PRIMARY' order by SEQ_IN_INDEX asc

2024-10-24 06:43:55 [INFO] ==> Executing Query SQL: select svr_ip,sql_port,table_id,table_type,role,part_num,replica_num,schema_version,spare1 from oceanbase.__all_virtual_proxy_schema where tenant_name = ? and database_name = ? and table_name = ? and TABLET_ID = 0 order by role asc

2024-10-24 06:43:55 [INFO] ==> Executing Query SQL: select svr_ip,sql_port,table_id,table_type,role,part_num,replica_num,schema_version,spare1 from oceanbase.__all_virtual_proxy_schema where tenant_name = ? and database_name = ? and table_name = ? and TABLET_ID = 0 order by role asc

2024-10-24 06:43:55 [INFO] ==> Executing Query SQL: select column_name from information_schema.STATISTICS where table_schema=? and table_name=? and index_name='PRIMARY' order by SEQ_IN_INDEX asc

2024-10-24 06:43:55 [INFO] ==> Executing Query SQL: select column_name from information_schema.STATISTICS where table_schema=? and table_name=? and index_name='PRIMARY' order by SEQ_IN_INDEX asc

2024-10-24 06:43:55 [INFO] ==> Executing Query SQL: select column_name from information_schema.STATISTICS where table_schema=? and table_name=? and index_name='PRIMARY' order by SEQ_IN_INDEX asc

2024-10-24 06:43:55 [INFO] ==> Executing Query SQL: select svr_ip,sql_port,table_id,table_type,role,part_num,replica_num,schema_version,spare1 from oceanbase.__all_virtual_proxy_schema where tenant_name = ? and database_name = ? and table_name = ? and TABLET_ID = 0 order by role asc

2024-10-24 06:43:55 [INFO] ==> Executing Query SQL: select column_name from information_schema.STATISTICS where table_schema=? and table_name=? and index_name='PRIMARY' order by SEQ_IN_INDEX asc

2024-10-24 06:43:55 [INFO] ==> Executing Query SQL: select column_name from information_schema.STATISTICS where table_schema=? and table_name=? and index_name='PRIMARY' order by SEQ_IN_INDEX asc

2024-10-24 06:43:55 [INFO] ==> Executing Query SQL: select column_name from information_schema.STATISTICS where table_schema=? and table_name=? and index_name='PRIMARY' order by SEQ_IN_INDEX asc

2024-10-24 06:43:55 [INFO] ==> Executing Query SQL: SELECT L.COLUMN_NAME AS COLUMN_NAME, S.SEQ_IN_INDEX-1 AS POSITION, C.CONSTRAINT_NAME AS CONSTRAINT_NAME FROM information_schema.TABLE_CONSTRAINTS C, information_schema.STATISTICS AS S, information_schema.COLUMNS L WHERE C.TABLE_SCHEMA=L.TABLE_SCHEMA AND C.TABLE_NAME=L.TABLE_NAME AND  C.TABLE_SCHEMA=S.TABLE_SCHEMA AND C.TABLE_NAME=S.TABLE_NAME AND C.CONSTRAINT_NAME=S.INDEX_NAME AND L.COLUMN_NAME=S.COLUMN_NAME AND  C.TABLE_SCHEMA=? AND C.TABLE_NAME=? AND C.CONSTRAINT_TYPE='UNIQUE' AND L.IS_NULLABLE='NO' ORDER BY S.SEQ_IN_INDEX ASC

2024-10-24 06:43:55 [INFO] ==> Executing Query SQL: select `id` from `ncloud-global-org`.`c11` order by `id` limit 999999, 1 

2024-10-24 06:43:55 [INFO] ==> Executing Query SQL: select `id` from `ncloud-global-org`.`c30` order by `id` limit 999999, 1 

2024-10-24 06:43:55 [INFO] ==> Executing Query SQL: select `id` from `ncloud-global-org`.`c33` order by `id` limit 999999, 1 

2024-10-24 06:43:55 [INFO] ==> Executing Query SQL: select `id` from `ncloud-global-org`.`c15` order by `id` limit 999999, 1 

2024-10-24 06:43:55 [INFO] ==> Executing Query SQL: select `id` from `ncloud-global-org`.`c12` order by `id` limit 999999, 1 

2024-10-24 06:43:55 [INFO] ==> Executing Query SQL: select `id` from `ncloud-global-org`.`c13` order by `id` limit 999999, 1 

2024-10-24 06:43:55 [INFO] ==> Executing Query SQL: select `id` from `ncloud-global-org`.`t8` order by `id` limit 999999, 1 

2024-10-24 06:43:55 [INFO] ==> Executing Query SQL: select `id` from `ncloud-global-org`.`c31` order by `id` limit 999999, 1 

2024-10-24 06:43:55 [INFO] ==> Executing Query SQL: select `id` from `ncloud-global-org`.`t4` order by `id` limit 999999, 1 

2024-10-24 06:43:55 [INFO] ==> Executing Query SQL: select `id` from `ncloud-global-org`.`c10` order by `id` limit 999999, 1 

2024-10-24 06:43:55 [INFO] ==> Executing Query SQL: select `id` from `ncloud-global-org`.`t6` order by `id` limit 999999, 1 

2024-10-24 06:43:55 [INFO] ==> Executing Query SQL: select `id` from `ncloud-global-org`.`t7` order by `id` limit 999999, 1 

2024-10-24 06:43:55 [INFO] ==> Executing Query SQL: select `id` from `ncloud-global-org`.`dc12` order by `id` limit 999999, 1 

2024-10-24 06:43:55 [INFO] ==> Executing Query SQL: select `id` from `ncloud-global-org`.`s72` order by `id` limit 999999, 1 

2024-10-24 06:43:55 [INFO] ==> Executing Query SQL: select `id` from `ncloud-global-org`.`dc5` order by `id` limit 999999, 1 

2024-10-24 06:43:55 [INFO] ==> Executing Query SQL: select `id` from `ncloud-global-org`.`s31` order by `id` limit 999999, 1 

2024-10-24 06:43:55 [INFO] ==> Executing Query SQL: select `id` from `ncloud-global-org`.`t10` order by `id` limit 999999, 1 

2024-10-24 06:43:55 [INFO] ==> Executing Query SQL: select `id` from `ncloud-global-org`.`dc80` order by `id` limit 999999, 1 

2024-10-24 06:43:55 [INFO] ==> Executing Query SQL: select `id` from `ncloud-global-org`.`j02` order by `id` limit 999999, 1 

2024-10-24 06:43:55 [INFO] ==> Executing Query SQL: select `id` from `ncloud-global-org`.`c21` order by `id` limit 999999, 1 

2024-10-24 06:43:55 [INFO] ==> Executing Query SQL: select `id` from `ncloud-global-org`.`c20` order by `id` limit 999999, 1 

2024-10-24 06:43:55 [INFO] ==> Executing Query SQL: select `id` from `ncloud-global-org`.`c03` order by `id` limit 999999, 1 

2024-10-24 06:43:55 [INFO] ==> Executing Query SQL: select `id` from `ncloud-global-org`.`dc11` order by `id` limit 999999, 1 

2024-10-24 06:43:55 [INFO] ==> Executing Query SQL: select `id` from `ncloud-global-org`.`c01` order by `id` limit 999999, 1 

2024-10-24 06:43:55 [INFO] ==> Executing Query SQL: select `id` from `ncloud-global-org`.`j01` order by `id` limit 999999, 1 

2024-10-24 06:43:55 [INFO] ==> Executing Query SQL: select `id` from `ncloud-global-org`.`c02` order by `id` limit 999999, 1 

2024-10-24 06:43:55 [INFO] ==> Executing Query SQL: select `id` from `ncloud-global-org`.`dc52` order by `id` limit 999999, 1 

2024-10-24 06:43:55 [INFO] ==> Executing Query SQL: select `id` from `ncloud-global-org`.`dc75` order by `id` limit 999999, 1 

2024-10-24 06:43:55 [INFO] ==> Executing Query SQL: select `id` from `ncloud-global-org`.`dc51` order by `id` limit 999999, 1 

2024-10-24 06:43:55 [INFO] ==> Executing Query SQL: select `id` from `ncloud-global-org`.`t1` order by `id` limit 999999, 1 

2024-10-24 06:43:55 [INFO] ==> Executing Query SQL: select `id` from `ncloud-global-org`.`dc90` order by `id` limit 999999, 1 

2024-10-24 06:43:55 [INFO] ==> Executing Query SQL: select `id` from `ncloud-global-org`.`t3` order by `id` limit 999999, 1 

2024-10-24 06:43:55 [INFO] ==> Executing Query SQL: select `id` from `ncloud-global-org`.`t2` order by `id` limit 999999, 1 

2024-10-24 06:43:55 [INFO] ==> Executing Query SQL: select `id` from `ncloud-global-org`.`dc91` order by `id` limit 999999, 1 

